2024-04-20 19:41:37.745: Tri-GFN(
  (ae): AE(
    (enc_1): Linear(in_features=1870, out_features=500, bias=True)
    (enc_2): Linear(in_features=500, out_features=500, bias=True)
    (enc_3): Linear(in_features=500, out_features=2000, bias=True)
    (z_layer): Linear(in_features=2000, out_features=10, bias=True)
    (dec_1): Linear(in_features=10, out_features=2000, bias=True)
    (dec_2): Linear(in_features=2000, out_features=500, bias=True)
    (dec_3): Linear(in_features=500, out_features=500, bias=True)
    (x_bar_layer): Linear(in_features=500, out_features=1870, bias=True)
    (act): LeakyReLU(negative_slope=0.2, inplace=True)
  )
  (gcn_1): GCNLayer(
    (conv): TransformerConv(1870, 500, heads=1)
  )
  (gcn_2): GCNLayer(
    (conv): TransformerConv(500, 500, heads=1)
  )
  (gcn_3): GCNLayer(
    (conv): TransformerConv(500, 2000, heads=1)
  )
  (gcn_4): GCNLayer(
    (conv): TransformerConv(2000, 10, heads=1)
  )
  (gcn_fc): GCNLayer(
    (conv): TransformerConv(10, 3, heads=1)
  )
  (gcn_5): GCNLayer(
    (conv): TransformerConv(10, 2000, heads=1)
  )
  (gcn_6): GCNLayer(
    (conv): TransformerConv(2000, 500, heads=1)
  )
  (gcn_7): GCNLayer(
    (conv): TransformerConv(500, 500, heads=1)
  )
  (gcn_8): GCNLayer(
    (conv): TransformerConv(500, 1870, heads=1)
  )
  (gnn_1): GCNLayer(
    (conv): GCNConv(1870, 500)
  )
  (gnn_2): GCNLayer(
    (conv): GCNConv(500, 500)
  )
  (gnn_3): GCNLayer(
    (conv): GCNConv(500, 2000)
  )
  (gnn_4): GCNLayer(
    (conv): GCNConv(2000, 10)
  )
  (gae_fc): GCNLayer(
    (conv): GCNConv(10, 3)
  )
  (gnn_5): GCNLayer(
    (conv): GCNConv(10, 2000)
  )
  (gnn_6): GCNLayer(
    (conv): GCNConv(2000, 500)
  )
  (gnn_7): GCNLayer(
    (conv): GCNConv(500, 500)
  )
  (gnn_8): GCNLayer(
    (conv): GCNConv(500, 1870)
  )
  (s): Sigmoid()
)
2024-04-20 19:41:37.746: Namespace(name='acm', cuda=True, n_z=10, alpha=0.1, beta=0.08, lr=5e-05, n_clusters=3, n_input=1870)
2024-04-20 19:41:37.746: metrics:	 acc	 nmi	 ari	 f1
2024-04-20 19:41:37.907: Initialization: 0.8238	0.4874	0.5489	0.8223
2024-04-20 19:41:38.596: epoch0 Q1:	0.8238	0.4874	0.5489	0.8223	0.0765
2024-04-20 19:41:38.869: epoch1 Q1:	0.8258	0.4918	0.5536	0.8242	0.0761
2024-04-20 19:41:39.135: epoch2 Q1:	0.8278	0.4962	0.5583	0.8261	0.0757
2024-04-20 19:41:39.401: epoch3 Q1:	0.8298	0.5000	0.5626	0.8280	0.0754
2024-04-20 19:41:39.666: epoch4 Q1:	0.8331	0.5063	0.5697	0.8313	0.0752
2024-04-20 19:41:39.931: epoch5 Q1:	0.8347	0.5095	0.5733	0.8330	0.0750
2024-04-20 19:41:40.194: epoch6 Q1:	0.8367	0.5131	0.5774	0.8350	0.0748
2024-04-20 19:41:40.459: epoch7 Q1:	0.8390	0.5176	0.5824	0.8374	0.0747
2024-04-20 19:41:40.723: epoch8 Q1:	0.8407	0.5215	0.5861	0.8391	0.0745
2024-04-20 19:41:40.989: epoch9 Q1:	0.8426	0.5255	0.5905	0.8411	0.0744
2024-04-20 19:41:41.252: epoch10 Q1:	0.8463	0.5335	0.5988	0.8448	0.0743
2024-04-20 19:41:41.516: epoch11 Q1:	0.8496	0.5395	0.6059	0.8481	0.0742
2024-04-20 19:41:41.782: epoch12 Q1:	0.8509	0.5426	0.6090	0.8494	0.0741
2024-04-20 19:41:42.048: epoch13 Q1:	0.8526	0.5463	0.6129	0.8510	0.0741
2024-04-20 19:41:42.318: epoch14 Q1:	0.8545	0.5506	0.6174	0.8530	0.0741
2024-04-20 19:41:42.581: epoch15 Q1:	0.8565	0.5553	0.6220	0.8550	0.0740
2024-04-20 19:41:42.850: epoch16 Q1:	0.8595	0.5615	0.6287	0.8580	0.0740
2024-04-20 19:41:43.116: epoch17 Q1:	0.8605	0.5639	0.6311	0.8590	0.0741
2024-04-20 19:41:43.384: epoch18 Q1:	0.8618	0.5672	0.6342	0.8603	0.0741
2024-04-20 19:41:43.651: epoch19 Q1:	0.8641	0.5723	0.6395	0.8626	0.0741
2024-04-20 19:41:43.914: epoch20 Q1:	0.8655	0.5758	0.6428	0.8639	0.0741
2024-04-20 19:41:44.178: epoch21 Q1:	0.8671	0.5805	0.6471	0.8655	0.0742
2024-04-20 19:41:44.441: epoch22 Q1:	0.8678	0.5821	0.6485	0.8662	0.0743
2024-04-20 19:41:44.709: epoch23 Q1:	0.8684	0.5848	0.6506	0.8667	0.0743
2024-04-20 19:41:44.972: epoch24 Q1:	0.8694	0.5871	0.6529	0.8677	0.0744
2024-04-20 19:41:45.238: epoch25 Q1:	0.8711	0.5920	0.6570	0.8694	0.0745
2024-04-20 19:41:45.502: epoch26 Q1:	0.8727	0.5971	0.6610	0.8710	0.0746
2024-04-20 19:41:45.768: epoch27 Q1:	0.8744	0.6018	0.6649	0.8726	0.0748
2024-04-20 19:41:46.032: epoch28 Q1:	0.8747	0.6025	0.6657	0.8730	0.0749
2024-04-20 19:41:46.303: epoch29 Q1:	0.8754	0.6034	0.6670	0.8737	0.0750
2024-04-20 19:41:46.567: epoch30 Q1:	0.8764	0.6054	0.6692	0.8747	0.0752
2024-04-20 19:41:46.836: epoch31 Q1:	0.8774	0.6078	0.6716	0.8757	0.0753
2024-04-20 19:41:47.100: epoch32 Q1:	0.8783	0.6101	0.6740	0.8767	0.0755
2024-04-20 19:41:47.371: epoch33 Q1:	0.8787	0.6109	0.6748	0.8770	0.0756
2024-04-20 19:41:47.636: epoch34 Q1:	0.8800	0.6148	0.6782	0.8783	0.0757
2024-04-20 19:41:47.899: epoch35 Q1:	0.8803	0.6148	0.6789	0.8787	0.0758
2024-04-20 19:41:48.164: epoch36 Q1:	0.8803	0.6152	0.6790	0.8786	0.0759
2024-04-20 19:41:48.430: epoch37 Q1:	0.8810	0.6171	0.6807	0.8793	0.0760
2024-04-20 19:41:48.696: epoch38 Q1:	0.8817	0.6188	0.6824	0.8800	0.0760
2024-04-20 19:41:48.961: epoch39 Q1:	0.8817	0.6188	0.6823	0.8799	0.0761
2024-04-20 19:41:49.230: epoch40 Q1:	0.8820	0.6200	0.6831	0.8803	0.0761
2024-04-20 19:41:49.496: epoch41 Q1:	0.8830	0.6221	0.6854	0.8813	0.0761
2024-04-20 19:41:49.762: epoch42 Q1:	0.8840	0.6243	0.6877	0.8823	0.0760
2024-04-20 19:41:50.029: epoch43 Q1:	0.8850	0.6262	0.6900	0.8834	0.0760
2024-04-20 19:41:50.294: epoch44 Q1:	0.8860	0.6279	0.6923	0.8844	0.0760
2024-04-20 19:41:50.559: epoch45 Q1:	0.8893	0.6351	0.7001	0.8879	0.0759
2024-04-20 19:41:50.831: epoch46 Q1:	0.8906	0.6384	0.7034	0.8892	0.0759
2024-04-20 19:41:51.102: epoch47 Q1:	0.8909	0.6391	0.7040	0.8896	0.0758
2024-04-20 19:41:51.373: epoch48 Q1:	0.8906	0.6384	0.7032	0.8893	0.0758
2024-04-20 19:41:51.547: epoch49 Q1:	0.8916	0.6411	0.7057	0.8902	0.0757
2024-04-20 19:41:51.820: epoch50 Q1:	0.8922	0.6426	0.7072	0.8909	0.0757
2024-04-20 19:41:52.085: epoch51 Q1:	0.8932	0.6451	0.7096	0.8919	0.0756
2024-04-20 19:41:52.352: epoch52 Q1:	0.8932	0.6457	0.7096	0.8919	0.0756
2024-04-20 19:41:52.622: epoch53 Q1:	0.8932	0.6452	0.7095	0.8919	0.0756
2024-04-20 19:41:52.894: epoch54 Q1:	0.8945	0.6489	0.7128	0.8932	0.0755
2024-04-20 19:41:53.164: epoch55 Q1:	0.8949	0.6498	0.7136	0.8935	0.0755
2024-04-20 19:41:53.441: epoch56 Q1:	0.8955	0.6519	0.7152	0.8942	0.0755
2024-04-20 19:41:53.714: epoch57 Q1:	0.8962	0.6536	0.7169	0.8948	0.0755
2024-04-20 19:41:53.993: epoch58 Q1:	0.8979	0.6576	0.7209	0.8965	0.0755
2024-04-20 19:41:54.261: epoch59 Q1:	0.8988	0.6605	0.7233	0.8975	0.0755
2024-04-20 19:41:54.530: epoch60 Q1:	0.8992	0.6622	0.7243	0.8978	0.0755
2024-04-20 19:41:54.802: epoch61 Q1:	0.8998	0.6640	0.7260	0.8985	0.0755
2024-04-20 19:41:55.069: epoch62 Q1:	0.9008	0.6672	0.7286	0.8994	0.0755
2024-04-20 19:41:55.369: epoch63 Q1:	0.9015	0.6688	0.7302	0.9001	0.0755
2024-04-20 19:41:55.645: epoch64 Q1:	0.9025	0.6715	0.7327	0.9011	0.0755
2024-04-20 19:41:55.921: epoch65 Q1:	0.9035	0.6747	0.7353	0.9021	0.0755
2024-04-20 19:41:56.205: epoch66 Q1:	0.9035	0.6749	0.7353	0.9021	0.0755
2024-04-20 19:41:56.480: epoch67 Q1:	0.9045	0.6774	0.7378	0.9031	0.0756
2024-04-20 19:41:56.756: epoch68 Q1:	0.9038	0.6754	0.7362	0.9024	0.0756
2024-04-20 19:41:56.936: epoch69 Q1:	0.9051	0.6794	0.7396	0.9038	0.0756
2024-04-20 19:41:57.211: epoch70 Q1:	0.9055	0.6801	0.7404	0.9041	0.0756
2024-04-20 19:41:57.515: epoch71 Q1:	0.9068	0.6839	0.7438	0.9055	0.0757
2024-04-20 19:41:57.792: epoch72 Q1:	0.9078	0.6865	0.7463	0.9065	0.0757
2024-04-20 19:41:58.068: epoch73 Q1:	0.9084	0.6882	0.7480	0.9072	0.0757
2024-04-20 19:41:58.355: epoch74 Q1:	0.9091	0.6896	0.7495	0.9079	0.0758
2024-04-20 19:41:58.659: epoch75 Q1:	0.9094	0.6903	0.7503	0.9083	0.0758
2024-04-20 19:41:58.930: epoch76 Q1:	0.9104	0.6929	0.7529	0.9093	0.0758
2024-04-20 19:41:59.238: epoch77 Q1:	0.9124	0.6978	0.7578	0.9114	0.0758
2024-04-20 19:41:59.514: epoch78 Q1:	0.9131	0.6992	0.7594	0.9121	0.0759
2024-04-20 19:41:59.787: epoch79 Q1:	0.9134	0.7000	0.7603	0.9124	0.0759
2024-04-20 19:42:00.056: epoch80 Q1:	0.9144	0.7028	0.7628	0.9135	0.0759
2024-04-20 19:42:00.325: epoch81 Q1:	0.9147	0.7037	0.7637	0.9138	0.0759
2024-04-20 19:42:00.631: epoch82 Q1:	0.9154	0.7054	0.7654	0.9145	0.0760
2024-04-20 19:42:00.924: epoch83 Q1:	0.9157	0.7066	0.7663	0.9148	0.0760
2024-04-20 19:42:01.194: epoch84 Q1:	0.9160	0.7074	0.7671	0.9152	0.0760
2024-04-20 19:42:01.464: epoch85 Q1:	0.9167	0.7089	0.7687	0.9159	0.0760
2024-04-20 19:42:01.731: epoch86 Q1:	0.9167	0.7089	0.7687	0.9159	0.0761
2024-04-20 19:42:01.996: epoch87 Q1:	0.9174	0.7104	0.7704	0.9166	0.0761
2024-04-20 19:42:02.262: epoch88 Q1:	0.9180	0.7123	0.7721	0.9173	0.0761
2024-04-20 19:42:02.532: epoch89 Q1:	0.9187	0.7144	0.7739	0.9180	0.0761
2024-04-20 19:42:02.799: epoch90 Q1:	0.9190	0.7152	0.7747	0.9183	0.0761
2024-04-20 19:42:03.063: epoch91 Q1:	0.9187	0.7148	0.7739	0.9180	0.0762
2024-04-20 19:42:03.239: epoch92 Q1:	0.9197	0.7182	0.7767	0.9190	0.0762
2024-04-20 19:42:03.508: epoch93 Q1:	0.9203	0.7200	0.7783	0.9197	0.0762
2024-04-20 19:42:03.772: epoch94 Q1:	0.9213	0.7227	0.7808	0.9207	0.0762
2024-04-20 19:42:04.036: epoch95 Q1:	0.9217	0.7234	0.7817	0.9210	0.0763
2024-04-20 19:42:04.302: epoch96 Q1:	0.9220	0.7242	0.7825	0.9214	0.0763
2024-04-20 19:42:04.567: epoch97 Q1:	0.9220	0.7248	0.7826	0.9214	0.0763
2024-04-20 19:42:04.835: epoch98 Q1:	0.9223	0.7261	0.7836	0.9217	0.0763
2024-04-20 19:42:05.100: epoch99 Q1:	0.9223	0.7261	0.7836	0.9217	0.0763
2024-04-20 19:42:05.370: epoch100 Q1:	0.9223	0.7264	0.7836	0.9217	0.0764
2024-04-20 19:42:05.633: epoch101 Q1:	0.9223	0.7264	0.7836	0.9217	0.0764
2024-04-20 19:42:05.904: epoch102 Q1:	0.9220	0.7255	0.7828	0.9213	0.0764
2024-04-20 19:42:06.084: epoch103 Q1:	0.9220	0.7252	0.7827	0.9214	0.0764
2024-04-20 19:42:06.263: epoch104 Q1:	0.9226	0.7275	0.7845	0.9221	0.0765
2024-04-20 19:42:06.535: epoch105 Q1:	0.9236	0.7303	0.7871	0.9231	0.0765
2024-04-20 19:42:06.805: epoch106 Q1:	0.9236	0.7303	0.7871	0.9231	0.0765
2024-04-20 19:42:07.071: epoch107 Q1:	0.9243	0.7333	0.7890	0.9238	0.0765
2024-04-20 19:42:07.342: epoch108 Q1:	0.9243	0.7337	0.7890	0.9238	0.0765
2024-04-20 19:42:07.610: epoch109 Q1:	0.9243	0.7337	0.7890	0.9238	0.0766
2024-04-20 19:42:07.886: epoch110 Q1:	0.9246	0.7354	0.7900	0.9241	0.0766
2024-04-20 19:42:08.152: epoch111 Q1:	0.9250	0.7360	0.7908	0.9245	0.0766
2024-04-20 19:42:08.420: epoch112 Q1:	0.9256	0.7376	0.7924	0.9252	0.0766
2024-04-20 19:42:08.686: epoch113 Q1:	0.9263	0.7393	0.7941	0.9259	0.0766
2024-04-20 19:42:08.953: epoch114 Q1:	0.9263	0.7389	0.7941	0.9259	0.0767
2024-04-20 19:42:09.216: epoch115 Q1:	0.9266	0.7398	0.7950	0.9263	0.0767
2024-04-20 19:42:09.480: epoch116 Q1:	0.9273	0.7416	0.7967	0.9270	0.0767
2024-04-20 19:42:09.745: epoch117 Q1:	0.9276	0.7428	0.7976	0.9273	0.0767
2024-04-20 19:42:10.010: epoch118 Q1:	0.9279	0.7441	0.7985	0.9277	0.0767
2024-04-20 19:42:10.274: epoch119 Q1:	0.9283	0.7448	0.7994	0.9280	0.0767
2024-04-20 19:42:10.539: epoch120 Q1:	0.9289	0.7466	0.8010	0.9287	0.0767
2024-04-20 19:42:10.806: epoch121 Q1:	0.9293	0.7476	0.8019	0.9290	0.0768
2024-04-20 19:42:11.071: epoch122 Q1:	0.9296	0.7483	0.8027	0.9294	0.0768
2024-04-20 19:42:11.336: epoch123 Q1:	0.9296	0.7476	0.8026	0.9294	0.0768
2024-04-20 19:42:11.602: epoch124 Q1:	0.9299	0.7483	0.8034	0.9297	0.0768
2024-04-20 19:42:11.871: epoch125 Q1:	0.9299	0.7486	0.8034	0.9298	0.0768
2024-04-20 19:42:12.136: epoch126 Q1:	0.9299	0.7482	0.8034	0.9297	0.0768
2024-04-20 19:42:12.405: epoch127 Q1:	0.9296	0.7475	0.8026	0.9294	0.0768
2024-04-20 19:42:12.583: epoch128 Q1:	0.9299	0.7486	0.8035	0.9298	0.0768
2024-04-20 19:42:12.857: epoch129 Q1:	0.9306	0.7505	0.8052	0.9304	0.0768
2024-04-20 19:42:13.130: epoch130 Q1:	0.9306	0.7508	0.8052	0.9304	0.0769
2024-04-20 19:42:13.400: epoch131 Q1:	0.9312	0.7521	0.8069	0.9311	0.0769
2024-04-20 19:42:13.667: epoch132 Q1:	0.9309	0.7514	0.8060	0.9308	0.0769
2024-04-20 19:42:13.842: epoch133 Q1:	0.9312	0.7524	0.8069	0.9311	0.0769
2024-04-20 19:42:14.110: epoch134 Q1:	0.9312	0.7524	0.8069	0.9311	0.0769
2024-04-20 19:42:14.380: epoch135 Q1:	0.9312	0.7524	0.8069	0.9311	0.0769
2024-04-20 19:42:14.645: epoch136 Q1:	0.9316	0.7536	0.8078	0.9314	0.0769
2024-04-20 19:42:14.916: epoch137 Q1:	0.9319	0.7543	0.8086	0.9318	0.0769
2024-04-20 19:42:15.185: epoch138 Q1:	0.9322	0.7553	0.8094	0.9321	0.0769
2024-04-20 19:42:15.449: epoch139 Q1:	0.9326	0.7563	0.8103	0.9325	0.0769
2024-04-20 19:42:15.717: epoch140 Q1:	0.9329	0.7570	0.8112	0.9328	0.0769
2024-04-20 19:42:15.981: epoch141 Q1:	0.9326	0.7557	0.8103	0.9325	0.0770
2024-04-20 19:42:16.158: epoch142 Q1:	0.9329	0.7567	0.8111	0.9328	0.0770
2024-04-20 19:42:16.433: epoch143 Q1:	0.9332	0.7577	0.8120	0.9332	0.0770
2024-04-20 19:42:16.697: epoch144 Q1:	0.9332	0.7586	0.8122	0.9332	0.0770
2024-04-20 19:42:16.960: epoch145 Q1:	0.9336	0.7593	0.8130	0.9335	0.0770
2024-04-20 19:42:17.224: epoch146 Q1:	0.9332	0.7581	0.8121	0.9332	0.0770
2024-04-20 19:42:17.398: epoch147 Q1:	0.9342	0.7608	0.8147	0.9342	0.0770
2024-04-20 19:42:17.669: epoch148 Q1:	0.9345	0.7615	0.8155	0.9345	0.0770
2024-04-20 19:42:17.936: epoch149 Q1:	0.9349	0.7622	0.8164	0.9349	0.0770
2024-04-20 19:42:18.202: epoch150 Q1:	0.9355	0.7642	0.8181	0.9356	0.0770
2024-04-20 19:42:18.467: epoch151 Q1:	0.9355	0.7642	0.8181	0.9356	0.0770
2024-04-20 19:42:18.735: epoch152 Q1:	0.9355	0.7642	0.8181	0.9356	0.0770
2024-04-20 19:42:19.001: epoch153 Q1:	0.9355	0.7641	0.8180	0.9356	0.0770
2024-04-20 19:42:19.266: epoch154 Q1:	0.9355	0.7641	0.8180	0.9356	0.0770
2024-04-20 19:42:19.530: epoch155 Q1:	0.9352	0.7630	0.8172	0.9352	0.0770
2024-04-20 19:42:19.706: epoch156 Q1:	0.9352	0.7630	0.8172	0.9352	0.0770
2024-04-20 19:42:19.882: epoch157 Q1:	0.9355	0.7637	0.8180	0.9356	0.0771
2024-04-20 19:42:20.146: epoch158 Q1:	0.9365	0.7661	0.8206	0.9366	0.0771
2024-04-20 19:42:20.417: epoch159 Q1:	0.9369	0.7674	0.8215	0.9369	0.0771
2024-04-20 19:42:20.682: epoch160 Q1:	0.9369	0.7674	0.8215	0.9369	0.0771
2024-04-20 19:42:20.951: epoch161 Q1:	0.9365	0.7667	0.8206	0.9366	0.0771
2024-04-20 19:42:21.126: epoch162 Q1:	0.9365	0.7662	0.8206	0.9366	0.0771
2024-04-20 19:42:21.302: epoch163 Q1:	0.9365	0.7662	0.8206	0.9366	0.0771
2024-04-20 19:42:21.477: epoch164 Q1:	0.9372	0.7679	0.8223	0.9372	0.0771
2024-04-20 19:42:21.747: epoch165 Q1:	0.9375	0.7699	0.8234	0.9375	0.0771
2024-04-20 19:42:22.011: epoch166 Q1:	0.9379	0.7710	0.8242	0.9379	0.0771
2024-04-20 19:42:22.275: epoch167 Q1:	0.9379	0.7710	0.8242	0.9379	0.0771
2024-04-20 19:42:22.537: epoch168 Q1:	0.9375	0.7699	0.8234	0.9375	0.0771
2024-04-20 19:42:22.713: epoch169 Q1:	0.9379	0.7706	0.8242	0.9379	0.0771
2024-04-20 19:42:22.984: epoch170 Q1:	0.9382	0.7717	0.8251	0.9382	0.0771
2024-04-20 19:42:23.248: epoch171 Q1:	0.9382	0.7717	0.8251	0.9382	0.0771
2024-04-20 19:42:23.512: epoch172 Q1:	0.9385	0.7734	0.8260	0.9386	0.0771
2024-04-20 19:42:23.778: epoch173 Q1:	0.9382	0.7724	0.8252	0.9382	0.0771
2024-04-20 19:42:23.954: epoch174 Q1:	0.9382	0.7724	0.8252	0.9382	0.0771
2024-04-20 19:42:24.130: epoch175 Q1:	0.9382	0.7724	0.8252	0.9382	0.0771
2024-04-20 19:42:24.306: epoch176 Q1:	0.9379	0.7714	0.8243	0.9379	0.0771
2024-04-20 19:42:24.483: epoch177 Q1:	0.9379	0.7714	0.8243	0.9379	0.0771
2024-04-20 19:42:24.659: epoch178 Q1:	0.9385	0.7734	0.8260	0.9386	0.0771
2024-04-20 19:42:24.934: epoch179 Q1:	0.9385	0.7734	0.8260	0.9386	0.0771
2024-04-20 19:42:25.199: epoch180 Q1:	0.9385	0.7734	0.8260	0.9386	0.0771
2024-04-20 19:42:25.466: epoch181 Q1:	0.9385	0.7731	0.8260	0.9385	0.0771
2024-04-20 19:42:25.731: epoch182 Q1:	0.9385	0.7731	0.8260	0.9385	0.0771
2024-04-20 19:42:25.994: epoch183 Q1:	0.9382	0.7724	0.8252	0.9382	0.0771
2024-04-20 19:42:26.170: epoch184 Q1:	0.9382	0.7724	0.8252	0.9382	0.0771
2024-04-20 19:42:26.345: epoch185 Q1:	0.9385	0.7734	0.8260	0.9386	0.0771
2024-04-20 19:42:26.611: epoch186 Q1:	0.9385	0.7734	0.8260	0.9386	0.0771
2024-04-20 19:42:26.876: epoch187 Q1:	0.9385	0.7734	0.8260	0.9386	0.0771
2024-04-20 19:42:27.141: epoch188 Q1:	0.9385	0.7734	0.8260	0.9386	0.0771
2024-04-20 19:42:27.408: epoch189 Q1:	0.9382	0.7727	0.8252	0.9382	0.0771
2024-04-20 19:42:27.584: epoch190 Q1:	0.9379	0.7720	0.8243	0.9379	0.0771
2024-04-20 19:42:27.761: epoch191 Q1:	0.9379	0.7720	0.8243	0.9379	0.0771
2024-04-20 19:42:27.935: epoch192 Q1:	0.9375	0.7710	0.8235	0.9376	0.0771
2024-04-20 19:42:28.113: epoch193 Q1:	0.9375	0.7710	0.8235	0.9376	0.0771
2024-04-20 19:42:28.289: epoch194 Q1:	0.9375	0.7710	0.8235	0.9376	0.0771
2024-04-20 19:42:28.466: epoch195 Q1:	0.9372	0.7703	0.8226	0.9372	0.0771
2024-04-20 19:42:28.641: epoch196 Q1:	0.9372	0.7703	0.8226	0.9372	0.0771
2024-04-20 19:42:28.818: epoch197 Q1:	0.9369	0.7693	0.8218	0.9369	0.0771
2024-04-20 19:42:28.994: epoch198 Q1:	0.9369	0.7693	0.8218	0.9369	0.0771
2024-04-20 19:42:29.170: epoch199 Q1:	0.9369	0.7693	0.8218	0.9369	0.0771
2024-04-20 19:42:29.171: Best Acc is at epoch172:	0.9385	0.7734	0.8260	0.9386
