2024-04-12 20:32:44.467: Tri-GFN(
  (ae): AE(
    (enc_1): Linear(in_features=1433, out_features=500, bias=True)
    (enc_2): Linear(in_features=500, out_features=500, bias=True)
    (enc_3): Linear(in_features=500, out_features=2000, bias=True)
    (z_layer): Linear(in_features=2000, out_features=10, bias=True)
    (dec_1): Linear(in_features=10, out_features=2000, bias=True)
    (dec_2): Linear(in_features=2000, out_features=500, bias=True)
    (dec_3): Linear(in_features=500, out_features=500, bias=True)
    (x_bar_layer): Linear(in_features=500, out_features=1433, bias=True)
    (act): LeakyReLU(negative_slope=0.2, inplace=True)
  )
  (gcn_1): GCNLayer(
    (conv): TransformerConv(1433, 500, heads=1)
  )
  (gcn_2): GCNLayer(
    (conv): TransformerConv(500, 500, heads=1)
  )
  (gcn_3): GCNLayer(
    (conv): TransformerConv(500, 2000, heads=1)
  )
  (gcn_4): GCNLayer(
    (conv): TransformerConv(2000, 10, heads=1)
  )
  (gcn_fc): GCNLayer(
    (conv): TransformerConv(10, 7, heads=1)
  )
  (gcn_5): GCNLayer(
    (conv): TransformerConv(10, 2000, heads=1)
  )
  (gcn_6): GCNLayer(
    (conv): TransformerConv(2000, 500, heads=1)
  )
  (gcn_7): GCNLayer(
    (conv): TransformerConv(500, 500, heads=1)
  )
  (gcn_8): GCNLayer(
    (conv): TransformerConv(500, 1433, heads=1)
  )
  (gnn_1): GCNLayer(
    (conv): GCNConv(1433, 500)
  )
  (gnn_2): GCNLayer(
    (conv): GCNConv(500, 500)
  )
  (gnn_3): GCNLayer(
    (conv): GCNConv(500, 2000)
  )
  (gnn_4): GCNLayer(
    (conv): GCNConv(2000, 10)
  )
  (gae_fc): GCNLayer(
    (conv): GCNConv(10, 7)
  )
  (gnn_5): GCNLayer(
    (conv): GCNConv(10, 2000)
  )
  (gnn_6): GCNLayer(
    (conv): GCNConv(2000, 500)
  )
  (gnn_7): GCNLayer(
    (conv): GCNConv(500, 500)
  )
  (gnn_8): GCNLayer(
    (conv): GCNConv(500, 1433)
  )
  (s): Sigmoid()
)
2024-04-12 20:32:44.468: Namespace(name='cora', cuda=True, n_z=10, alpha=0.1, beta=0.2, lr=0.0001, n_clusters=7, n_input=1433)
2024-04-12 20:32:44.468: metrics:	 acc	 nmi	 ari	 f1
2024-04-12 20:32:44.657: Initialization: 0.4815	0.2731	0.1999	0.4793
2024-04-12 20:32:45.213: epoch0 Q1:	0.4815	0.2731	0.1999	0.4793
2024-04-12 20:32:45.418: epoch1 Q1:	0.4889	0.2741	0.2055	0.4787
2024-04-12 20:32:45.621: epoch2 Q1:	0.4878	0.2739	0.1974	0.4687
2024-04-12 20:32:45.739: epoch3 Q1:	0.4797	0.2699	0.1779	0.4540
2024-04-12 20:32:45.855: epoch4 Q1:	0.4742	0.2700	0.1586	0.4452
2024-04-12 20:32:45.973: epoch5 Q1:	0.4612	0.2608	0.1389	0.4275
2024-04-12 20:32:46.093: epoch6 Q1:	0.4527	0.2554	0.1281	0.4146
2024-04-12 20:32:46.210: epoch7 Q1:	0.4450	0.2482	0.1193	0.4044
2024-04-12 20:32:46.328: epoch8 Q1:	0.4428	0.2460	0.1171	0.3995
2024-04-12 20:32:46.446: epoch9 Q1:	0.4483	0.2500	0.1258	0.4007
2024-04-12 20:32:46.565: epoch10 Q1:	0.4561	0.2538	0.1379	0.4027
2024-04-12 20:32:46.682: epoch11 Q1:	0.4568	0.2537	0.1436	0.3988
2024-04-12 20:32:46.800: epoch12 Q1:	0.4634	0.2591	0.1566	0.4008
2024-04-12 20:32:46.918: epoch13 Q1:	0.4730	0.2602	0.1718	0.4052
2024-04-12 20:32:47.036: epoch14 Q1:	0.4867	0.2700	0.1897	0.4147
2024-04-12 20:32:47.155: epoch15 Q1:	0.5000	0.2787	0.2097	0.4235
2024-04-12 20:32:47.364: epoch16 Q1:	0.5129	0.2870	0.2277	0.4329
2024-04-12 20:32:47.563: epoch17 Q1:	0.5207	0.2924	0.2443	0.4087
2024-04-12 20:32:47.767: epoch18 Q1:	0.5306	0.2957	0.2578	0.4146
2024-04-12 20:32:47.965: epoch19 Q1:	0.5329	0.2936	0.2636	0.4147
2024-04-12 20:32:48.169: epoch20 Q1:	0.5403	0.2930	0.2737	0.4181
2024-04-12 20:32:48.372: epoch21 Q1:	0.5451	0.2956	0.2824	0.4200
2024-04-12 20:32:48.576: epoch22 Q1:	0.5521	0.2992	0.2924	0.4511
2024-04-12 20:32:48.781: epoch23 Q1:	0.5543	0.3006	0.2987	0.4516
2024-04-12 20:32:48.991: epoch24 Q1:	0.5502	0.2936	0.2950	0.4469
2024-04-12 20:32:49.114: epoch25 Q1:	0.5521	0.2953	0.2958	0.4502
2024-04-12 20:32:49.233: epoch26 Q1:	0.5506	0.2953	0.2918	0.4499
2024-04-12 20:32:49.350: epoch27 Q1:	0.5528	0.2988	0.2936	0.4537
2024-04-12 20:32:49.469: epoch28 Q1:	0.5495	0.2956	0.2893	0.4512
2024-04-12 20:32:49.587: epoch29 Q1:	0.5521	0.2990	0.2884	0.4569
2024-04-12 20:32:49.706: epoch30 Q1:	0.5550	0.3034	0.2901	0.4616
2024-04-12 20:32:49.920: epoch31 Q1:	0.5561	0.3021	0.2891	0.4655
2024-04-12 20:32:50.129: epoch32 Q1:	0.5583	0.3060	0.2903	0.4700
2024-04-12 20:32:50.345: epoch33 Q1:	0.5591	0.3098	0.2944	0.4716
2024-04-12 20:32:50.545: epoch34 Q1:	0.5631	0.3129	0.2980	0.4785
2024-04-12 20:32:50.752: epoch35 Q1:	0.5672	0.3178	0.3034	0.4842
2024-04-12 20:32:50.955: epoch36 Q1:	0.5713	0.3217	0.3096	0.4892
2024-04-12 20:32:51.158: epoch37 Q1:	0.5750	0.3225	0.3128	0.4952
2024-04-12 20:32:51.372: epoch38 Q1:	0.5787	0.3246	0.3170	0.5005
2024-04-12 20:32:51.573: epoch39 Q1:	0.5831	0.3298	0.3237	0.5054
2024-04-12 20:32:51.779: epoch40 Q1:	0.5820	0.3297	0.3257	0.5050
2024-04-12 20:32:51.897: epoch41 Q1:	0.5838	0.3328	0.3285	0.5076
2024-04-12 20:32:52.103: epoch42 Q1:	0.5846	0.3354	0.3311	0.5085
2024-04-12 20:32:52.306: epoch43 Q1:	0.5875	0.3386	0.3349	0.5142
2024-04-12 20:32:52.508: epoch44 Q1:	0.5890	0.3412	0.3370	0.5162
2024-04-12 20:32:52.712: epoch45 Q1:	0.5919	0.3448	0.3398	0.5198
2024-04-12 20:32:52.915: epoch46 Q1:	0.5919	0.3443	0.3407	0.5206
2024-04-12 20:32:53.118: epoch47 Q1:	0.5956	0.3486	0.3453	0.5251
2024-04-12 20:32:53.332: epoch48 Q1:	0.5956	0.3522	0.3467	0.5252
2024-04-12 20:32:53.537: epoch49 Q1:	0.5956	0.3522	0.3479	0.5257
2024-04-12 20:32:53.745: epoch50 Q1:	0.5964	0.3540	0.3495	0.5277
2024-04-12 20:32:53.953: epoch51 Q1:	0.5993	0.3583	0.3532	0.5312
2024-04-12 20:32:54.159: epoch52 Q1:	0.6016	0.3617	0.3560	0.5339
2024-04-12 20:32:54.363: epoch53 Q1:	0.6034	0.3645	0.3583	0.5358
2024-04-12 20:32:54.571: epoch54 Q1:	0.6056	0.3687	0.3607	0.5399
2024-04-12 20:32:54.775: epoch55 Q1:	0.6112	0.3744	0.3660	0.5471
2024-04-12 20:32:54.978: epoch56 Q1:	0.6134	0.3764	0.3689	0.5500
2024-04-12 20:32:55.179: epoch57 Q1:	0.6148	0.3794	0.3710	0.5525
2024-04-12 20:32:55.383: epoch58 Q1:	0.6193	0.3822	0.3758	0.5569
2024-04-12 20:32:55.583: epoch59 Q1:	0.6219	0.3865	0.3807	0.5592
2024-04-12 20:32:55.791: epoch60 Q1:	0.6252	0.3892	0.3846	0.5630
2024-04-12 20:32:56.002: epoch61 Q1:	0.6296	0.3940	0.3910	0.5664
2024-04-12 20:32:56.211: epoch62 Q1:	0.6329	0.3962	0.3952	0.5702
2024-04-12 20:32:56.421: epoch63 Q1:	0.6355	0.3984	0.3990	0.5726
2024-04-12 20:32:56.633: epoch64 Q1:	0.6396	0.4002	0.4028	0.5775
2024-04-12 20:32:56.847: epoch65 Q1:	0.6422	0.4025	0.4046	0.5808
2024-04-12 20:32:57.053: epoch66 Q1:	0.6451	0.4067	0.4087	0.5842
2024-04-12 20:32:57.259: epoch67 Q1:	0.6484	0.4120	0.4140	0.5867
2024-04-12 20:32:57.461: epoch68 Q1:	0.6507	0.4137	0.4164	0.5889
2024-04-12 20:32:57.662: epoch69 Q1:	0.6518	0.4153	0.4181	0.5900
2024-04-12 20:32:57.869: epoch70 Q1:	0.6529	0.4160	0.4185	0.5923
2024-04-12 20:32:58.073: epoch71 Q1:	0.6547	0.4203	0.4211	0.5941
2024-04-12 20:32:58.276: epoch72 Q1:	0.6555	0.4209	0.4214	0.5952
2024-04-12 20:32:58.478: epoch73 Q1:	0.6577	0.4238	0.4248	0.5970
2024-04-12 20:32:58.683: epoch74 Q1:	0.6595	0.4265	0.4273	0.5991
2024-04-12 20:32:58.893: epoch75 Q1:	0.6621	0.4293	0.4311	0.6014
2024-04-12 20:32:59.102: epoch76 Q1:	0.6629	0.4312	0.4323	0.6016
2024-04-12 20:32:59.304: epoch77 Q1:	0.6629	0.4303	0.4328	0.6004
2024-04-12 20:32:59.509: epoch78 Q1:	0.6636	0.4303	0.4326	0.6014
2024-04-12 20:32:59.713: epoch79 Q1:	0.6658	0.4341	0.4367	0.6030
2024-04-12 20:32:59.919: epoch80 Q1:	0.6677	0.4361	0.4386	0.6047
2024-04-12 20:33:00.121: epoch81 Q1:	0.6680	0.4379	0.4397	0.6049
2024-04-12 20:33:00.333: epoch82 Q1:	0.6699	0.4398	0.4417	0.6066
2024-04-12 20:33:00.534: epoch83 Q1:	0.6706	0.4412	0.4426	0.6068
2024-04-12 20:33:00.737: epoch84 Q1:	0.6702	0.4406	0.4421	0.6064
2024-04-12 20:33:00.854: epoch85 Q1:	0.6728	0.4440	0.4452	0.6087
2024-04-12 20:33:01.056: epoch86 Q1:	0.6743	0.4454	0.4467	0.6105
2024-04-12 20:33:01.258: epoch87 Q1:	0.6758	0.4471	0.4486	0.6113
2024-04-12 20:33:01.465: epoch88 Q1:	0.6765	0.4488	0.4500	0.6109
2024-04-12 20:33:01.672: epoch89 Q1:	0.6765	0.4486	0.4507	0.6101
2024-04-12 20:33:01.876: epoch90 Q1:	0.6769	0.4497	0.4512	0.6104
2024-04-12 20:33:02.079: epoch91 Q1:	0.6784	0.4508	0.4523	0.6125
2024-04-12 20:33:02.291: epoch92 Q1:	0.6784	0.4515	0.4519	0.6124
2024-04-12 20:33:02.492: epoch93 Q1:	0.6798	0.4534	0.4533	0.6142
2024-04-12 20:33:02.695: epoch94 Q1:	0.6809	0.4544	0.4533	0.6157
2024-04-12 20:33:02.903: epoch95 Q1:	0.6817	0.4556	0.4540	0.6167
2024-04-12 20:33:03.106: epoch96 Q1:	0.6821	0.4553	0.4543	0.6171
2024-04-12 20:33:03.312: epoch97 Q1:	0.6857	0.4599	0.4601	0.6206
2024-04-12 20:33:03.515: epoch98 Q1:	0.6865	0.4605	0.4615	0.6211
2024-04-12 20:33:03.720: epoch99 Q1:	0.6880	0.4623	0.4636	0.6220
2024-04-12 20:33:03.919: epoch100 Q1:	0.6887	0.4628	0.4640	0.6235
2024-04-12 20:33:04.123: epoch101 Q1:	0.6913	0.4663	0.4672	0.6265
2024-04-12 20:33:04.330: epoch102 Q1:	0.6924	0.4678	0.4681	0.6281
2024-04-12 20:33:04.534: epoch103 Q1:	0.6928	0.4680	0.4691	0.6284
2024-04-12 20:33:04.735: epoch104 Q1:	0.6928	0.4681	0.4690	0.6283
2024-04-12 20:33:04.939: epoch105 Q1:	0.6946	0.4704	0.4718	0.6303
2024-04-12 20:33:05.139: epoch106 Q1:	0.6950	0.4701	0.4721	0.6307
2024-04-12 20:33:05.344: epoch107 Q1:	0.6953	0.4703	0.4728	0.6308
2024-04-12 20:33:05.546: epoch108 Q1:	0.6953	0.4706	0.4728	0.6311
2024-04-12 20:33:05.751: epoch109 Q1:	0.6968	0.4723	0.4740	0.6333
2024-04-12 20:33:05.953: epoch110 Q1:	0.6976	0.4738	0.4750	0.6342
2024-04-12 20:33:06.160: epoch111 Q1:	0.6972	0.4734	0.4747	0.6334
2024-04-12 20:33:06.277: epoch112 Q1:	0.6983	0.4757	0.4757	0.6345
2024-04-12 20:33:06.478: epoch113 Q1:	0.7005	0.4786	0.4783	0.6373
2024-04-12 20:33:06.678: epoch114 Q1:	0.7016	0.4803	0.4796	0.6381
2024-04-12 20:33:06.880: epoch115 Q1:	0.7020	0.4811	0.4783	0.6392
2024-04-12 20:33:07.087: epoch116 Q1:	0.7035	0.4838	0.4802	0.6412
2024-04-12 20:33:07.288: epoch117 Q1:	0.7035	0.4843	0.4802	0.6413
2024-04-12 20:33:07.494: epoch118 Q1:	0.7042	0.4850	0.4816	0.6416
2024-04-12 20:33:07.693: epoch119 Q1:	0.7024	0.4832	0.4790	0.6391
2024-04-12 20:33:07.814: epoch120 Q1:	0.7031	0.4839	0.4795	0.6401
2024-04-12 20:33:07.932: epoch121 Q1:	0.7053	0.4886	0.4827	0.6423
2024-04-12 20:33:08.133: epoch122 Q1:	0.7046	0.4877	0.4814	0.6419
2024-04-12 20:33:08.251: epoch123 Q1:	0.7057	0.4888	0.4826	0.6438
2024-04-12 20:33:08.454: epoch124 Q1:	0.7072	0.4914	0.4848	0.6457
2024-04-12 20:33:08.654: epoch125 Q1:	0.7072	0.4905	0.4846	0.6457
2024-04-12 20:33:08.860: epoch126 Q1:	0.7097	0.4941	0.4878	0.6493
2024-04-12 20:33:09.058: epoch127 Q1:	0.7105	0.4952	0.4886	0.6504
2024-04-12 20:33:09.262: epoch128 Q1:	0.7109	0.4958	0.4891	0.6508
2024-04-12 20:33:09.461: epoch129 Q1:	0.7116	0.4965	0.4901	0.6514
2024-04-12 20:33:09.668: epoch130 Q1:	0.7131	0.4999	0.4916	0.6539
2024-04-12 20:33:09.870: epoch131 Q1:	0.7134	0.5001	0.4916	0.6552
2024-04-12 20:33:10.076: epoch132 Q1:	0.7145	0.5010	0.4933	0.6560
2024-04-12 20:33:10.275: epoch133 Q1:	0.7149	0.5013	0.4935	0.6566
2024-04-12 20:33:10.482: epoch134 Q1:	0.7149	0.5009	0.4935	0.6564
2024-04-12 20:33:10.681: epoch135 Q1:	0.7160	0.5029	0.4949	0.6583
2024-04-12 20:33:10.888: epoch136 Q1:	0.7164	0.5038	0.4952	0.6589
2024-04-12 20:33:11.091: epoch137 Q1:	0.7168	0.5045	0.4953	0.6598
2024-04-12 20:33:11.297: epoch138 Q1:	0.7175	0.5060	0.4959	0.6610
2024-04-12 20:33:11.497: epoch139 Q1:	0.7186	0.5077	0.4978	0.6622
2024-04-12 20:33:11.697: epoch140 Q1:	0.7190	0.5081	0.4979	0.6627
2024-04-12 20:33:11.899: epoch141 Q1:	0.7190	0.5087	0.4980	0.6627
2024-04-12 20:33:12.105: epoch142 Q1:	0.7190	0.5089	0.4978	0.6627
2024-04-12 20:33:12.308: epoch143 Q1:	0.7208	0.5123	0.4999	0.6653
2024-04-12 20:33:12.515: epoch144 Q1:	0.7219	0.5143	0.5016	0.6666
2024-04-12 20:33:12.716: epoch145 Q1:	0.7219	0.5146	0.5012	0.6674
2024-04-12 20:33:12.920: epoch146 Q1:	0.7227	0.5155	0.5022	0.6680
2024-04-12 20:33:13.120: epoch147 Q1:	0.7242	0.5169	0.5040	0.6704
2024-04-12 20:33:13.325: epoch148 Q1:	0.7249	0.5185	0.5052	0.6712
2024-04-12 20:33:13.528: epoch149 Q1:	0.7249	0.5187	0.5055	0.6710
2024-04-12 20:33:13.731: epoch150 Q1:	0.7253	0.5191	0.5059	0.6714
2024-04-12 20:33:13.932: epoch151 Q1:	0.7256	0.5201	0.5066	0.6719
2024-04-12 20:33:14.136: epoch152 Q1:	0.7264	0.5215	0.5074	0.6729
2024-04-12 20:33:14.339: epoch153 Q1:	0.7264	0.5209	0.5073	0.6736
2024-04-12 20:33:14.539: epoch154 Q1:	0.7264	0.5209	0.5073	0.6735
2024-04-12 20:33:14.741: epoch155 Q1:	0.7290	0.5238	0.5110	0.6758
2024-04-12 20:33:14.945: epoch156 Q1:	0.7290	0.5236	0.5111	0.6757
2024-04-12 20:33:15.149: epoch157 Q1:	0.7290	0.5236	0.5111	0.6757
2024-04-12 20:33:15.355: epoch158 Q1:	0.7293	0.5244	0.5115	0.6763
2024-04-12 20:33:15.556: epoch159 Q1:	0.7286	0.5238	0.5102	0.6759
2024-04-12 20:33:15.674: epoch160 Q1:	0.7297	0.5256	0.5118	0.6773
2024-04-12 20:33:15.875: epoch161 Q1:	0.7297	0.5256	0.5116	0.6776
2024-04-12 20:33:16.077: epoch162 Q1:	0.7293	0.5254	0.5109	0.6773
2024-04-12 20:33:16.196: epoch163 Q1:	0.7301	0.5267	0.5121	0.6778
2024-04-12 20:33:16.396: epoch164 Q1:	0.7301	0.5265	0.5119	0.6780
2024-04-12 20:33:16.598: epoch165 Q1:	0.7304	0.5270	0.5123	0.6785
2024-04-12 20:33:16.806: epoch166 Q1:	0.7308	0.5277	0.5129	0.6789
2024-04-12 20:33:17.007: epoch167 Q1:	0.7312	0.5286	0.5137	0.6791
2024-04-12 20:33:17.213: epoch168 Q1:	0.7319	0.5295	0.5151	0.6796
2024-04-12 20:33:17.413: epoch169 Q1:	0.7319	0.5294	0.5144	0.6800
2024-04-12 20:33:17.619: epoch170 Q1:	0.7319	0.5296	0.5146	0.6800
2024-04-12 20:33:17.819: epoch171 Q1:	0.7319	0.5289	0.5142	0.6802
2024-04-12 20:33:18.026: epoch172 Q1:	0.7323	0.5290	0.5149	0.6805
2024-04-12 20:33:18.227: epoch173 Q1:	0.7323	0.5290	0.5149	0.6805
2024-04-12 20:33:18.429: epoch174 Q1:	0.7319	0.5284	0.5146	0.6800
2024-04-12 20:33:18.548: epoch175 Q1:	0.7326	0.5294	0.5154	0.6808
2024-04-12 20:33:18.750: epoch176 Q1:	0.7330	0.5298	0.5162	0.6809
2024-04-12 20:33:18.953: epoch177 Q1:	0.7334	0.5303	0.5170	0.6812
2024-04-12 20:33:19.153: epoch178 Q1:	0.7341	0.5316	0.5176	0.6822
2024-04-12 20:33:19.360: epoch179 Q1:	0.7338	0.5312	0.5168	0.6819
2024-04-12 20:33:19.475: epoch180 Q1:	0.7338	0.5302	0.5165	0.6819
2024-04-12 20:33:19.593: epoch181 Q1:	0.7330	0.5293	0.5155	0.6811
2024-04-12 20:33:19.711: epoch182 Q1:	0.7338	0.5303	0.5162	0.6821
2024-04-12 20:33:19.831: epoch183 Q1:	0.7338	0.5303	0.5158	0.6822
2024-04-12 20:33:19.948: epoch184 Q1:	0.7338	0.5302	0.5154	0.6831
2024-04-12 20:33:20.067: epoch185 Q1:	0.7345	0.5310	0.5164	0.6837
2024-04-12 20:33:20.270: epoch186 Q1:	0.7341	0.5307	0.5157	0.6835
2024-04-12 20:33:20.388: epoch187 Q1:	0.7341	0.5308	0.5151	0.6835
2024-04-12 20:33:20.508: epoch188 Q1:	0.7345	0.5312	0.5156	0.6840
2024-04-12 20:33:20.710: epoch189 Q1:	0.7349	0.5316	0.5156	0.6845
2024-04-12 20:33:20.914: epoch190 Q1:	0.7352	0.5322	0.5161	0.6849
2024-04-12 20:33:21.115: epoch191 Q1:	0.7352	0.5322	0.5161	0.6849
2024-04-12 20:33:21.319: epoch192 Q1:	0.7356	0.5328	0.5163	0.6854
2024-04-12 20:33:21.519: epoch193 Q1:	0.7356	0.5329	0.5162	0.6854
2024-04-12 20:33:21.721: epoch194 Q1:	0.7356	0.5330	0.5165	0.6853
2024-04-12 20:33:21.926: epoch195 Q1:	0.7360	0.5333	0.5172	0.6856
2024-04-12 20:33:22.127: epoch196 Q1:	0.7360	0.5333	0.5172	0.6856
2024-04-12 20:33:22.331: epoch197 Q1:	0.7356	0.5324	0.5166	0.6852
2024-04-12 20:33:22.450: epoch198 Q1:	0.7363	0.5333	0.5176	0.6859
2024-04-12 20:33:22.651: epoch199 Q1:	0.7371	0.5356	0.5187	0.6867
2024-04-12 20:33:22.851: epoch200 Q1:	0.7374	0.5361	0.5193	0.6870
2024-04-12 20:33:23.054: epoch201 Q1:	0.7371	0.5354	0.5187	0.6867
2024-04-12 20:33:23.172: epoch202 Q1:	0.7367	0.5346	0.5181	0.6863
2024-04-12 20:33:23.292: epoch203 Q1:	0.7371	0.5353	0.5186	0.6867
2024-04-12 20:33:23.408: epoch204 Q1:	0.7378	0.5365	0.5195	0.6876
2024-04-12 20:33:23.610: epoch205 Q1:	0.7378	0.5365	0.5195	0.6876
2024-04-12 20:33:23.812: epoch206 Q1:	0.7378	0.5365	0.5195	0.6876
2024-04-12 20:33:24.014: epoch207 Q1:	0.7378	0.5366	0.5196	0.6876
2024-04-12 20:33:24.216: epoch208 Q1:	0.7378	0.5366	0.5192	0.6877
2024-04-12 20:33:24.416: epoch209 Q1:	0.7378	0.5366	0.5192	0.6877
2024-04-12 20:33:24.620: epoch210 Q1:	0.7378	0.5371	0.5192	0.6878
2024-04-12 20:33:24.824: epoch211 Q1:	0.7378	0.5372	0.5192	0.6878
2024-04-12 20:33:25.027: epoch212 Q1:	0.7382	0.5381	0.5196	0.6883
2024-04-12 20:33:25.228: epoch213 Q1:	0.7382	0.5381	0.5196	0.6883
2024-04-12 20:33:25.431: epoch214 Q1:	0.7382	0.5381	0.5196	0.6883
2024-04-12 20:33:25.632: epoch215 Q1:	0.7386	0.5388	0.5198	0.6887
2024-04-12 20:33:25.834: epoch216 Q1:	0.7386	0.5388	0.5198	0.6887
2024-04-12 20:33:26.034: epoch217 Q1:	0.7389	0.5394	0.5201	0.6892
2024-04-12 20:33:26.236: epoch218 Q1:	0.7386	0.5390	0.5192	0.6889
2024-04-12 20:33:26.354: epoch219 Q1:	0.7382	0.5385	0.5187	0.6887
2024-04-12 20:33:26.472: epoch220 Q1:	0.7382	0.5385	0.5187	0.6887
2024-04-12 20:33:26.591: epoch221 Q1:	0.7389	0.5395	0.5194	0.6898
2024-04-12 20:33:26.792: epoch222 Q1:	0.7393	0.5407	0.5200	0.6902
2024-04-12 20:33:26.992: epoch223 Q1:	0.7393	0.5411	0.5197	0.6904
2024-04-12 20:33:27.197: epoch224 Q1:	0.7393	0.5411	0.5197	0.6904
2024-04-12 20:33:27.397: epoch225 Q1:	0.7393	0.5411	0.5197	0.6904
2024-04-12 20:33:27.601: epoch226 Q1:	0.7389	0.5403	0.5191	0.6900
2024-04-12 20:33:27.718: epoch227 Q1:	0.7389	0.5396	0.5188	0.6900
2024-04-12 20:33:27.838: epoch228 Q1:	0.7389	0.5394	0.5186	0.6901
2024-04-12 20:33:27.956: epoch229 Q1:	0.7389	0.5394	0.5186	0.6901
2024-04-12 20:33:28.075: epoch230 Q1:	0.7389	0.5393	0.5186	0.6900
2024-04-12 20:33:28.192: epoch231 Q1:	0.7393	0.5400	0.5192	0.6904
2024-04-12 20:33:28.394: epoch232 Q1:	0.7393	0.5400	0.5192	0.6904
2024-04-12 20:33:28.592: epoch233 Q1:	0.7393	0.5400	0.5192	0.6904
2024-04-12 20:33:28.799: epoch234 Q1:	0.7393	0.5400	0.5192	0.6904
2024-04-12 20:33:29.001: epoch235 Q1:	0.7389	0.5393	0.5187	0.6899
2024-04-12 20:33:29.120: epoch236 Q1:	0.7389	0.5395	0.5182	0.6901
2024-04-12 20:33:29.238: epoch237 Q1:	0.7389	0.5396	0.5182	0.6901
2024-04-12 20:33:29.356: epoch238 Q1:	0.7393	0.5398	0.5189	0.6904
2024-04-12 20:33:29.560: epoch239 Q1:	0.7393	0.5401	0.5188	0.6905
2024-04-12 20:33:29.762: epoch240 Q1:	0.7393	0.5401	0.5188	0.6905
2024-04-12 20:33:29.965: epoch241 Q1:	0.7393	0.5403	0.5188	0.6907
2024-04-12 20:33:30.167: epoch242 Q1:	0.7393	0.5403	0.5188	0.6907
2024-04-12 20:33:30.372: epoch243 Q1:	0.7393	0.5403	0.5188	0.6907
2024-04-12 20:33:30.576: epoch244 Q1:	0.7393	0.5405	0.5187	0.6908
2024-04-12 20:33:30.774: epoch245 Q1:	0.7393	0.5405	0.5187	0.6908
2024-04-12 20:33:30.976: epoch246 Q1:	0.7393	0.5405	0.5187	0.6908
2024-04-12 20:33:31.182: epoch247 Q1:	0.7393	0.5406	0.5188	0.6908
2024-04-12 20:33:31.382: epoch248 Q1:	0.7393	0.5404	0.5187	0.6908
2024-04-12 20:33:31.590: epoch249 Q1:	0.7393	0.5406	0.5185	0.6908
2024-04-12 20:33:31.792: epoch250 Q1:	0.7393	0.5406	0.5185	0.6908
2024-04-12 20:33:31.994: epoch251 Q1:	0.7397	0.5414	0.5193	0.6911
2024-04-12 20:33:32.201: epoch252 Q1:	0.7393	0.5412	0.5185	0.6909
2024-04-12 20:33:32.319: epoch253 Q1:	0.7393	0.5412	0.5185	0.6909
2024-04-12 20:33:32.438: epoch254 Q1:	0.7393	0.5412	0.5185	0.6909
2024-04-12 20:33:32.555: epoch255 Q1:	0.7400	0.5423	0.5196	0.6917
2024-04-12 20:33:32.756: epoch256 Q1:	0.7400	0.5423	0.5199	0.6916
2024-04-12 20:33:32.955: epoch257 Q1:	0.7400	0.5423	0.5199	0.6916
2024-04-12 20:33:33.161: epoch258 Q1:	0.7397	0.5415	0.5194	0.6911
2024-04-12 20:33:33.279: epoch259 Q1:	0.7397	0.5415	0.5194	0.6911
2024-04-12 20:33:33.397: epoch260 Q1:	0.7397	0.5410	0.5192	0.6913
2024-04-12 20:33:33.514: epoch261 Q1:	0.7400	0.5417	0.5198	0.6917
2024-04-12 20:33:33.714: epoch262 Q1:	0.7400	0.5417	0.5196	0.6919
2024-04-12 20:33:33.914: epoch263 Q1:	0.7400	0.5417	0.5196	0.6919
2024-04-12 20:33:34.120: epoch264 Q1:	0.7397	0.5412	0.5188	0.6915
2024-04-12 20:33:34.237: epoch265 Q1:	0.7397	0.5412	0.5188	0.6915
2024-04-12 20:33:34.356: epoch266 Q1:	0.7389	0.5399	0.5174	0.6908
2024-04-12 20:33:34.474: epoch267 Q1:	0.7389	0.5399	0.5174	0.6908
2024-04-12 20:33:34.594: epoch268 Q1:	0.7389	0.5399	0.5174	0.6908
2024-04-12 20:33:34.710: epoch269 Q1:	0.7393	0.5404	0.5177	0.6912
2024-04-12 20:33:34.829: epoch270 Q1:	0.7393	0.5404	0.5177	0.6912
2024-04-12 20:33:34.947: epoch271 Q1:	0.7393	0.5404	0.5177	0.6912
2024-04-12 20:33:35.065: epoch272 Q1:	0.7393	0.5406	0.5175	0.6912
2024-04-12 20:33:35.182: epoch273 Q1:	0.7397	0.5416	0.5177	0.6918
2024-04-12 20:33:35.300: epoch274 Q1:	0.7397	0.5416	0.5177	0.6918
2024-04-12 20:33:35.416: epoch275 Q1:	0.7397	0.5416	0.5177	0.6918
2024-04-12 20:33:35.534: epoch276 Q1:	0.7397	0.5416	0.5177	0.6918
2024-04-12 20:33:35.651: epoch277 Q1:	0.7397	0.5414	0.5178	0.6917
2024-04-12 20:33:35.769: epoch278 Q1:	0.7397	0.5414	0.5178	0.6917
2024-04-12 20:33:35.888: epoch279 Q1:	0.7397	0.5414	0.5178	0.6917
2024-04-12 20:33:36.006: epoch280 Q1:	0.7397	0.5413	0.5177	0.6917
2024-04-12 20:33:36.124: epoch281 Q1:	0.7397	0.5413	0.5177	0.6917
2024-04-12 20:33:36.241: epoch282 Q1:	0.7397	0.5413	0.5177	0.6917
2024-04-12 20:33:36.359: epoch283 Q1:	0.7397	0.5413	0.5177	0.6917
2024-04-12 20:33:36.478: epoch284 Q1:	0.7397	0.5413	0.5177	0.6917
2024-04-12 20:33:36.595: epoch285 Q1:	0.7397	0.5413	0.5177	0.6917
2024-04-12 20:33:36.711: epoch286 Q1:	0.7393	0.5409	0.5168	0.6915
2024-04-12 20:33:36.828: epoch287 Q1:	0.7393	0.5409	0.5168	0.6915
2024-04-12 20:33:36.947: epoch288 Q1:	0.7393	0.5409	0.5168	0.6915
2024-04-12 20:33:37.064: epoch289 Q1:	0.7393	0.5408	0.5169	0.6914
2024-04-12 20:33:37.184: epoch290 Q1:	0.7393	0.5408	0.5169	0.6914
2024-04-12 20:33:37.303: epoch291 Q1:	0.7393	0.5408	0.5169	0.6914
2024-04-12 20:33:37.421: epoch292 Q1:	0.7393	0.5408	0.5169	0.6914
2024-04-12 20:33:37.538: epoch293 Q1:	0.7393	0.5408	0.5169	0.6914
2024-04-12 20:33:37.656: epoch294 Q1:	0.7393	0.5408	0.5169	0.6914
2024-04-12 20:33:37.773: epoch295 Q1:	0.7393	0.5408	0.5169	0.6914
2024-04-12 20:33:37.891: epoch296 Q1:	0.7393	0.5408	0.5169	0.6914
2024-04-12 20:33:38.007: epoch297 Q1:	0.7393	0.5408	0.5169	0.6914
2024-04-12 20:33:38.127: epoch298 Q1:	0.7393	0.5408	0.5169	0.6914
2024-04-12 20:33:38.245: epoch299 Q1:	0.7393	0.5408	0.5170	0.6913
2024-04-12 20:33:38.364: epoch300 Q1:	0.7393	0.5408	0.5170	0.6913
2024-04-12 20:33:38.480: epoch301 Q1:	0.7393	0.5408	0.5170	0.6913
2024-04-12 20:33:38.599: epoch302 Q1:	0.7393	0.5408	0.5170	0.6913
2024-04-12 20:33:38.719: epoch303 Q1:	0.7393	0.5408	0.5170	0.6913
2024-04-12 20:33:38.836: epoch304 Q1:	0.7389	0.5400	0.5164	0.6908
2024-04-12 20:33:38.954: epoch305 Q1:	0.7389	0.5400	0.5164	0.6908
2024-04-12 20:33:39.071: epoch306 Q1:	0.7389	0.5400	0.5164	0.6908
2024-04-12 20:33:39.187: epoch307 Q1:	0.7389	0.5402	0.5165	0.6908
2024-04-12 20:33:39.305: epoch308 Q1:	0.7389	0.5402	0.5165	0.6908
2024-04-12 20:33:39.422: epoch309 Q1:	0.7389	0.5402	0.5165	0.6908
2024-04-12 20:33:39.541: epoch310 Q1:	0.7389	0.5402	0.5165	0.6908
2024-04-12 20:33:39.659: epoch311 Q1:	0.7389	0.5402	0.5165	0.6908
2024-04-12 20:33:39.779: epoch312 Q1:	0.7389	0.5402	0.5165	0.6908
2024-04-12 20:33:39.897: epoch313 Q1:	0.7389	0.5402	0.5165	0.6908
2024-04-12 20:33:40.015: epoch314 Q1:	0.7389	0.5402	0.5165	0.6908
2024-04-12 20:33:40.131: epoch315 Q1:	0.7389	0.5402	0.5165	0.6908
2024-04-12 20:33:40.249: epoch316 Q1:	0.7389	0.5402	0.5165	0.6908
2024-04-12 20:33:40.366: epoch317 Q1:	0.7389	0.5402	0.5165	0.6908
2024-04-12 20:33:40.485: epoch318 Q1:	0.7389	0.5402	0.5161	0.6910
2024-04-12 20:33:40.602: epoch319 Q1:	0.7393	0.5406	0.5169	0.6912
2024-04-12 20:33:40.721: epoch320 Q1:	0.7389	0.5402	0.5161	0.6910
2024-04-12 20:33:40.839: epoch321 Q1:	0.7389	0.5402	0.5161	0.6910
2024-04-12 20:33:40.957: epoch322 Q1:	0.7389	0.5402	0.5161	0.6910
2024-04-12 20:33:41.073: epoch323 Q1:	0.7389	0.5402	0.5161	0.6910
2024-04-12 20:33:41.191: epoch324 Q1:	0.7389	0.5402	0.5161	0.6910
2024-04-12 20:33:41.309: epoch325 Q1:	0.7389	0.5402	0.5161	0.6910
2024-04-12 20:33:41.427: epoch326 Q1:	0.7389	0.5402	0.5161	0.6910
2024-04-12 20:33:41.543: epoch327 Q1:	0.7389	0.5402	0.5161	0.6910
2024-04-12 20:33:41.663: epoch328 Q1:	0.7389	0.5402	0.5161	0.6910
2024-04-12 20:33:41.780: epoch329 Q1:	0.7389	0.5402	0.5161	0.6910
2024-04-12 20:33:41.897: epoch330 Q1:	0.7389	0.5402	0.5161	0.6910
2024-04-12 20:33:42.014: epoch331 Q1:	0.7389	0.5402	0.5161	0.6910
2024-04-12 20:33:42.131: epoch332 Q1:	0.7389	0.5402	0.5161	0.6910
2024-04-12 20:33:42.248: epoch333 Q1:	0.7389	0.5402	0.5161	0.6910
2024-04-12 20:33:42.367: epoch334 Q1:	0.7393	0.5407	0.5167	0.6912
2024-04-12 20:33:42.483: epoch335 Q1:	0.7393	0.5407	0.5167	0.6912
2024-04-12 20:33:42.602: epoch336 Q1:	0.7393	0.5407	0.5167	0.6912
2024-04-12 20:33:42.720: epoch337 Q1:	0.7393	0.5407	0.5167	0.6912
2024-04-12 20:33:42.838: epoch338 Q1:	0.7393	0.5407	0.5167	0.6912
2024-04-12 20:33:42.956: epoch339 Q1:	0.7393	0.5407	0.5167	0.6912
2024-04-12 20:33:43.074: epoch340 Q1:	0.7393	0.5407	0.5167	0.6912
2024-04-12 20:33:43.190: epoch341 Q1:	0.7393	0.5407	0.5167	0.6912
2024-04-12 20:33:43.308: epoch342 Q1:	0.7393	0.5407	0.5167	0.6912
2024-04-12 20:33:43.425: epoch343 Q1:	0.7393	0.5407	0.5167	0.6912
2024-04-12 20:33:43.544: epoch344 Q1:	0.7393	0.5407	0.5167	0.6912
2024-04-12 20:33:43.661: epoch345 Q1:	0.7389	0.5402	0.5161	0.6910
2024-04-12 20:33:43.780: epoch346 Q1:	0.7389	0.5402	0.5161	0.6910
2024-04-12 20:33:43.897: epoch347 Q1:	0.7389	0.5402	0.5161	0.6910
2024-04-12 20:33:44.016: epoch348 Q1:	0.7389	0.5402	0.5161	0.6910
2024-04-12 20:33:44.134: epoch349 Q1:	0.7389	0.5402	0.5161	0.6910
2024-04-12 20:33:44.252: epoch350 Q1:	0.7389	0.5402	0.5161	0.6910
2024-04-12 20:33:44.368: epoch351 Q1:	0.7389	0.5402	0.5161	0.6910
2024-04-12 20:33:44.486: epoch352 Q1:	0.7393	0.5407	0.5164	0.6915
2024-04-12 20:33:44.605: epoch353 Q1:	0.7393	0.5404	0.5163	0.6914
2024-04-12 20:33:44.723: epoch354 Q1:	0.7393	0.5404	0.5163	0.6914
2024-04-12 20:33:44.840: epoch355 Q1:	0.7393	0.5404	0.5163	0.6914
2024-04-12 20:33:44.958: epoch356 Q1:	0.7393	0.5404	0.5163	0.6914
2024-04-12 20:33:45.076: epoch357 Q1:	0.7393	0.5404	0.5163	0.6914
2024-04-12 20:33:45.194: epoch358 Q1:	0.7393	0.5404	0.5163	0.6914
2024-04-12 20:33:45.310: epoch359 Q1:	0.7393	0.5404	0.5163	0.6914
2024-04-12 20:33:45.427: epoch360 Q1:	0.7393	0.5404	0.5163	0.6914
2024-04-12 20:33:45.545: epoch361 Q1:	0.7393	0.5404	0.5163	0.6914
2024-04-12 20:33:45.663: epoch362 Q1:	0.7393	0.5404	0.5163	0.6914
2024-04-12 20:33:45.781: epoch363 Q1:	0.7393	0.5404	0.5163	0.6914
2024-04-12 20:33:45.899: epoch364 Q1:	0.7393	0.5404	0.5163	0.6914
2024-04-12 20:33:46.017: epoch365 Q1:	0.7393	0.5404	0.5163	0.6914
2024-04-12 20:33:46.136: epoch366 Q1:	0.7393	0.5404	0.5163	0.6914
2024-04-12 20:33:46.252: epoch367 Q1:	0.7393	0.5404	0.5163	0.6914
2024-04-12 20:33:46.371: epoch368 Q1:	0.7397	0.5408	0.5171	0.6916
2024-04-12 20:33:46.488: epoch369 Q1:	0.7393	0.5403	0.5165	0.6913
2024-04-12 20:33:46.607: epoch370 Q1:	0.7397	0.5408	0.5171	0.6916
2024-04-12 20:33:46.724: epoch371 Q1:	0.7393	0.5403	0.5165	0.6913
2024-04-12 20:33:46.843: epoch372 Q1:	0.7393	0.5403	0.5165	0.6913
2024-04-12 20:33:46.961: epoch373 Q1:	0.7393	0.5403	0.5165	0.6913
2024-04-12 20:33:47.079: epoch374 Q1:	0.7393	0.5403	0.5165	0.6913
2024-04-12 20:33:47.197: epoch375 Q1:	0.7393	0.5403	0.5165	0.6913
2024-04-12 20:33:47.316: epoch376 Q1:	0.7393	0.5403	0.5165	0.6913
2024-04-12 20:33:47.433: epoch377 Q1:	0.7393	0.5403	0.5165	0.6913
2024-04-12 20:33:47.552: epoch378 Q1:	0.7393	0.5403	0.5165	0.6913
2024-04-12 20:33:47.668: epoch379 Q1:	0.7397	0.5410	0.5168	0.6918
2024-04-12 20:33:47.787: epoch380 Q1:	0.7397	0.5410	0.5168	0.6918
2024-04-12 20:33:47.904: epoch381 Q1:	0.7397	0.5410	0.5168	0.6918
2024-04-12 20:33:48.022: epoch382 Q1:	0.7397	0.5410	0.5168	0.6918
2024-04-12 20:33:48.140: epoch383 Q1:	0.7400	0.5414	0.5172	0.6922
2024-04-12 20:33:48.345: epoch384 Q1:	0.7397	0.5410	0.5168	0.6918
2024-04-12 20:33:48.463: epoch385 Q1:	0.7400	0.5414	0.5172	0.6922
2024-04-12 20:33:48.665: epoch386 Q1:	0.7400	0.5414	0.5172	0.6922
2024-04-12 20:33:48.871: epoch387 Q1:	0.7400	0.5414	0.5172	0.6922
2024-04-12 20:33:49.074: epoch388 Q1:	0.7400	0.5414	0.5172	0.6922
2024-04-12 20:33:49.281: epoch389 Q1:	0.7404	0.5424	0.5181	0.6924
2024-04-12 20:33:49.482: epoch390 Q1:	0.7400	0.5414	0.5172	0.6922
2024-04-12 20:33:49.600: epoch391 Q1:	0.7404	0.5424	0.5181	0.6924
2024-04-12 20:33:49.802: epoch392 Q1:	0.7404	0.5424	0.5181	0.6924
2024-04-12 20:33:50.002: epoch393 Q1:	0.7404	0.5424	0.5181	0.6924
2024-04-12 20:33:50.206: epoch394 Q1:	0.7404	0.5424	0.5181	0.6924
2024-04-12 20:33:50.408: epoch395 Q1:	0.7404	0.5424	0.5181	0.6924
2024-04-12 20:33:50.614: epoch396 Q1:	0.7404	0.5424	0.5181	0.6924
2024-04-12 20:33:50.819: epoch397 Q1:	0.7404	0.5424	0.5181	0.6924
2024-04-12 20:33:51.021: epoch398 Q1:	0.7404	0.5424	0.5181	0.6924
2024-04-12 20:33:51.224: epoch399 Q1:	0.7404	0.5424	0.5181	0.6924
2024-04-12 20:33:51.306: Best Acc is at epoch389:	0.7404	0.5424	0.5181	0.6924
