2024-04-17 22:24:53.921: Tri-GFN(
  (ae): AE(
    (enc_1): Linear(in_features=561, out_features=500, bias=True)
    (enc_2): Linear(in_features=500, out_features=500, bias=True)
    (enc_3): Linear(in_features=500, out_features=2000, bias=True)
    (z_layer): Linear(in_features=2000, out_features=20, bias=True)
    (dec_1): Linear(in_features=20, out_features=2000, bias=True)
    (dec_2): Linear(in_features=2000, out_features=500, bias=True)
    (dec_3): Linear(in_features=500, out_features=500, bias=True)
    (x_bar_layer): Linear(in_features=500, out_features=561, bias=True)
    (act): LeakyReLU(negative_slope=0.2, inplace=True)
  )
  (gcn_1): GCNLayer(
    (conv): TransformerConv(561, 500, heads=1)
  )
  (gcn_2): GCNLayer(
    (conv): TransformerConv(500, 500, heads=1)
  )
  (gcn_3): GCNLayer(
    (conv): TransformerConv(500, 2000, heads=1)
  )
  (gcn_4): GCNLayer(
    (conv): TransformerConv(2000, 20, heads=1)
  )
  (gcn_fc): GCNLayer(
    (conv): TransformerConv(20, 6, heads=1)
  )
  (gcn_5): GCNLayer(
    (conv): TransformerConv(20, 2000, heads=1)
  )
  (gcn_6): GCNLayer(
    (conv): TransformerConv(2000, 500, heads=1)
  )
  (gcn_7): GCNLayer(
    (conv): TransformerConv(500, 500, heads=1)
  )
  (gcn_8): GCNLayer(
    (conv): TransformerConv(500, 561, heads=1)
  )
  (gnn_1): GCNLayer(
    (conv): GCNConv(561, 500)
  )
  (gnn_2): GCNLayer(
    (conv): GCNConv(500, 500)
  )
  (gnn_3): GCNLayer(
    (conv): GCNConv(500, 2000)
  )
  (gnn_4): GCNLayer(
    (conv): GCNConv(2000, 20)
  )
  (gae_fc): GCNLayer(
    (conv): GCNConv(20, 6)
  )
  (gnn_5): GCNLayer(
    (conv): GCNConv(20, 2000)
  )
  (gnn_6): GCNLayer(
    (conv): GCNConv(2000, 500)
  )
  (gnn_7): GCNLayer(
    (conv): GCNConv(500, 500)
  )
  (gnn_8): GCNLayer(
    (conv): GCNConv(500, 561)
  )
  (s): Sigmoid()
)
2024-04-17 22:24:53.923: Namespace(alpha=0.1, beta=0.1, cuda=True, lr=0.001, n_clusters=6, n_input=561, n_z=20, name='hhar')
2024-04-17 22:24:53.923: metrics:	 acc	 nmi	 ari	 f1
2024-04-17 22:24:54.881: Initialization: 0.7564	0.7167	0.6422	0.7452
2024-04-17 22:24:55.609: epoch0 Q1:	0.7564	0.7167	0.6422	0.7452
2024-04-17 22:24:56.251: epoch1 Q1:	0.4156	0.3933	0.1857	0.3877
2024-04-17 22:24:56.755: epoch2 Q1:	0.5850	0.6074	0.4235	0.5476
2024-04-17 22:24:57.244: epoch3 Q1:	0.5432	0.4975	0.3465	0.5296
2024-04-17 22:24:57.722: epoch4 Q1:	0.4129	0.3397	0.1830	0.3248
2024-04-17 22:24:58.210: epoch5 Q1:	0.3258	0.2256	0.0500	0.2388
2024-04-17 22:24:58.707: epoch6 Q1:	0.1982	0.0211	0.0015	0.0734
2024-04-17 22:24:59.200: epoch7 Q1:	0.1939	0.0140	0.0010	0.0644
2024-04-17 22:24:59.687: epoch8 Q1:	0.1932	0.0129	0.0010	0.0630
2024-04-17 22:25:00.164: epoch9 Q1:	0.1947	0.0158	0.0013	0.0669
2024-04-17 22:25:00.666: epoch10 Q1:	0.1974	0.0211	0.0019	0.0728
2024-04-17 22:25:01.160: epoch11 Q1:	0.2009	0.0288	0.0028	0.0797
2024-04-17 22:25:01.645: epoch12 Q1:	0.2091	0.0482	0.0059	0.0937
2024-04-17 22:25:02.139: epoch13 Q1:	0.2136	0.0569	0.0078	0.1013
2024-04-17 22:25:02.622: epoch14 Q1:	0.2176	0.0636	0.0096	0.1068
2024-04-17 22:25:03.127: epoch15 Q1:	0.2358	0.1038	0.0220	0.1275
2024-04-17 22:25:03.617: epoch16 Q1:	0.2478	0.1322	0.0335	0.1380
2024-04-17 22:25:04.096: epoch17 Q1:	0.2482	0.1324	0.0337	0.1384
2024-04-17 22:25:04.565: epoch18 Q1:	0.2505	0.1374	0.0360	0.1404
2024-04-17 22:25:05.062: epoch19 Q1:	0.2676	0.1834	0.0602	0.1516
2024-04-17 22:25:05.556: epoch20 Q1:	0.2844	0.2384	0.0966	0.1591
2024-04-17 22:25:06.049: epoch21 Q1:	0.2938	0.2591	0.1121	0.1575
2024-04-17 22:25:06.532: epoch22 Q1:	0.2926	0.2563	0.1101	0.1568
2024-04-17 22:25:07.000: epoch23 Q1:	0.2942	0.2585	0.1117	0.1579
2024-04-17 22:25:07.453: epoch24 Q1:	0.2996	0.2714	0.1211	0.1611
2024-04-17 22:25:07.944: epoch25 Q1:	0.3048	0.2829	0.1299	0.1641
2024-04-17 22:25:08.424: epoch26 Q1:	0.3087	0.2898	0.1354	0.1663
2024-04-17 22:25:08.900: epoch27 Q1:	0.3141	0.3008	0.1448	0.1691
2024-04-17 22:25:09.387: epoch28 Q1:	0.3198	0.3153	0.1572	0.1715
2024-04-17 22:25:09.856: epoch29 Q1:	0.3237	0.3236	0.1637	0.1737
2024-04-17 22:25:10.332: epoch30 Q1:	0.3230	0.3218	0.1622	0.1732
2024-04-17 22:25:10.814: epoch31 Q1:	0.3248	0.3267	0.1661	0.1740
2024-04-17 22:25:11.312: epoch32 Q1:	0.3309	0.3413	0.1793	0.1762
2024-04-17 22:25:11.799: epoch33 Q1:	0.3344	0.3479	0.1859	0.1775
2024-04-17 22:25:12.295: epoch34 Q1:	0.3306	0.3400	0.1782	0.1762
2024-04-17 22:25:12.781: epoch35 Q1:	0.3284	0.3333	0.1722	0.1755
2024-04-17 22:25:13.249: epoch36 Q1:	0.3301	0.3390	0.1767	0.1762
2024-04-17 22:25:13.743: epoch37 Q1:	0.3327	0.3431	0.1809	0.1774
2024-04-17 22:25:14.222: epoch38 Q1:	0.3294	0.3359	0.1741	0.1762
2024-04-17 22:25:14.703: epoch39 Q1:	0.3261	0.3275	0.1658	0.1753
2024-04-17 22:25:15.174: epoch40 Q1:	0.3250	0.3235	0.1628	0.1748
2024-04-17 22:25:15.651: epoch41 Q1:	0.3238	0.3193	0.1594	0.1745
2024-04-17 22:25:16.141: epoch42 Q1:	0.3209	0.3138	0.1550	0.1733
2024-04-17 22:25:16.619: epoch43 Q1:	0.3216	0.3138	0.1556	0.1736
2024-04-17 22:25:17.097: epoch44 Q1:	0.3209	0.3108	0.1537	0.1733
2024-04-17 22:25:17.589: epoch45 Q1:	0.3185	0.3068	0.1504	0.1722
2024-04-17 22:25:18.069: epoch46 Q1:	0.3255	0.3195	0.1629	0.1754
2024-04-17 22:25:18.556: epoch47 Q1:	0.3269	0.3217	0.1654	0.1761
2024-04-17 22:25:19.040: epoch48 Q1:	0.3218	0.3128	0.1552	0.1788
2024-04-17 22:25:19.510: epoch49 Q1:	0.3241	0.3156	0.1602	0.1748
2024-04-17 22:25:20.003: epoch50 Q1:	0.3232	0.3144	0.1594	0.1744
2024-04-17 22:25:20.474: epoch51 Q1:	0.3217	0.3110	0.1547	0.1786
2024-04-17 22:25:20.949: epoch52 Q1:	0.3220	0.3095	0.1559	0.1743
2024-04-17 22:25:21.441: epoch53 Q1:	0.3335	0.3160	0.1490	0.2014
2024-04-17 22:25:21.928: epoch54 Q1:	0.3216	0.3091	0.1541	0.1788
2024-04-17 22:25:22.401: epoch55 Q1:	0.3197	0.3065	0.1521	0.1769
2024-04-17 22:25:22.882: epoch56 Q1:	0.3422	0.3234	0.1473	0.2159
2024-04-17 22:25:23.363: epoch57 Q1:	0.3294	0.3131	0.1516	0.1932
2024-04-17 22:25:23.844: epoch58 Q1:	0.3218	0.3060	0.1515	0.1803
2024-04-17 22:25:24.321: epoch59 Q1:	0.3476	0.3270	0.1493	0.2227
2024-04-17 22:25:24.788: epoch60 Q1:	0.3493	0.3332	0.1578	0.2210
2024-04-17 22:25:25.267: epoch61 Q1:	0.3339	0.3166	0.1584	0.1956
2024-04-17 22:25:25.742: epoch62 Q1:	0.3679	0.3497	0.1583	0.2485
2024-04-17 22:25:26.212: epoch63 Q1:	0.3766	0.3653	0.1689	0.2574
2024-04-17 22:25:26.702: epoch64 Q1:	0.3502	0.3336	0.1626	0.2195
2024-04-17 22:25:27.184: epoch65 Q1:	0.3562	0.3386	0.1597	0.2304
2024-04-17 22:25:27.656: epoch66 Q1:	0.3955	0.3876	0.1836	0.2784
2024-04-17 22:25:28.123: epoch67 Q1:	0.4000	0.3992	0.1951	0.2814
2024-04-17 22:25:28.600: epoch68 Q1:	0.3768	0.3631	0.1734	0.2544
2024-04-17 22:25:29.061: epoch69 Q1:	0.3865	0.3738	0.1772	0.2664
2024-04-17 22:25:29.526: epoch70 Q1:	0.4134	0.4134	0.2082	0.2934
2024-04-17 22:25:30.009: epoch71 Q1:	0.4070	0.4053	0.2037	0.2864
2024-04-17 22:25:30.481: epoch72 Q1:	0.3884	0.3748	0.1819	0.2666
2024-04-17 22:25:30.959: epoch73 Q1:	0.4094	0.4036	0.2030	0.2884
2024-04-17 22:25:31.417: epoch74 Q1:	0.4263	0.4308	0.2283	0.3029
2024-04-17 22:25:31.904: epoch75 Q1:	0.4142	0.4101	0.2109	0.2915
2024-04-17 22:25:32.381: epoch76 Q1:	0.4072	0.3990	0.2018	0.2846
2024-04-17 22:25:32.864: epoch77 Q1:	0.4287	0.4318	0.2310	0.3045
2024-04-17 22:25:33.335: epoch78 Q1:	0.4312	0.4333	0.2329	0.3066
2024-04-17 22:25:33.801: epoch79 Q1:	0.4145	0.4077	0.2093	0.2920
2024-04-17 22:25:34.253: epoch80 Q1:	0.4236	0.4214	0.2223	0.2998
2024-04-17 22:25:34.724: epoch81 Q1:	0.4391	0.4412	0.2431	0.3125
2024-04-17 22:25:35.208: epoch82 Q1:	0.4344	0.4331	0.2348	0.3090
2024-04-17 22:25:35.670: epoch83 Q1:	0.4270	0.4228	0.2256	0.3027
2024-04-17 22:25:36.137: epoch84 Q1:	0.4375	0.4359	0.2396	0.3116
2024-04-17 22:25:36.599: epoch85 Q1:	0.4388	0.4377	0.2403	0.3131
2024-04-17 22:25:37.052: epoch86 Q1:	0.4324	0.4276	0.2322	0.3074
2024-04-17 22:25:37.509: epoch87 Q1:	0.4399	0.4367	0.2430	0.3135
2024-04-17 22:25:37.964: epoch88 Q1:	0.4456	0.4429	0.2494	0.3183
2024-04-17 22:25:38.419: epoch89 Q1:	0.4416	0.4375	0.2438	0.3162
2024-04-17 22:25:38.891: epoch90 Q1:	0.4404	0.4362	0.2432	0.3157
2024-04-17 22:25:39.375: epoch91 Q1:	0.4454	0.4420	0.2484	0.3202
2024-04-17 22:25:39.868: epoch92 Q1:	0.4466	0.4424	0.2503	0.3214
2024-04-17 22:25:40.348: epoch93 Q1:	0.4471	0.4420	0.2513	0.3217
2024-04-17 22:25:40.821: epoch94 Q1:	0.4504	0.4467	0.2552	0.3250
2024-04-17 22:25:41.295: epoch95 Q1:	0.4507	0.4461	0.2552	0.3258
2024-04-17 22:25:41.772: epoch96 Q1:	0.4500	0.4445	0.2542	0.3256
2024-04-17 22:25:42.256: epoch97 Q1:	0.4536	0.4499	0.2595	0.3289
2024-04-17 22:25:42.726: epoch98 Q1:	0.4548	0.4501	0.2614	0.3301
2024-04-17 22:25:43.218: epoch99 Q1:	0.4532	0.4451	0.2583	0.3290
2024-04-17 22:25:43.696: epoch100 Q1:	0.4569	0.4509	0.2637	0.3326
2024-04-17 22:25:44.171: epoch101 Q1:	0.4574	0.4509	0.2646	0.3330
2024-04-17 22:25:44.665: epoch102 Q1:	0.4570	0.4495	0.2634	0.3332
2024-04-17 22:25:45.138: epoch103 Q1:	0.4614	0.4557	0.2705	0.3364
2024-04-17 22:25:45.616: epoch104 Q1:	0.4599	0.4516	0.2677	0.3351
2024-04-17 22:25:46.106: epoch105 Q1:	0.4618	0.4547	0.2705	0.3370
2024-04-17 22:25:46.601: epoch106 Q1:	0.4632	0.4565	0.2731	0.3386
2024-04-17 22:25:47.082: epoch107 Q1:	0.4632	0.4556	0.2723	0.3392
2024-04-17 22:25:47.541: epoch108 Q1:	0.4669	0.4605	0.2784	0.3421
2024-04-17 22:25:48.023: epoch109 Q1:	0.4652	0.4572	0.2755	0.3415
2024-04-17 22:25:48.496: epoch110 Q1:	0.4682	0.4613	0.2804	0.3438
2024-04-17 22:25:48.982: epoch111 Q1:	0.4676	0.4590	0.2779	0.3452
2024-04-17 22:25:49.457: epoch112 Q1:	0.4718	0.4640	0.2839	0.3487
2024-04-17 22:25:49.956: epoch113 Q1:	0.4680	0.4568	0.2770	0.3469
2024-04-17 22:25:50.433: epoch114 Q1:	0.4778	0.4729	0.2952	0.3541
2024-04-17 22:25:50.918: epoch115 Q1:	0.4650	0.4534	0.2710	0.3459
2024-04-17 22:25:51.409: epoch116 Q1:	0.4815	0.4824	0.3041	0.3575
2024-04-17 22:25:51.891: epoch117 Q1:	0.4688	0.4621	0.2799	0.3492
2024-04-17 22:25:52.388: epoch118 Q1:	0.4678	0.4602	0.2760	0.3493
2024-04-17 22:25:52.868: epoch119 Q1:	0.4868	0.4947	0.3230	0.3590
2024-04-17 22:25:53.364: epoch120 Q1:	0.4723	0.4712	0.2846	0.3533
2024-04-17 22:25:53.840: epoch121 Q1:	0.4613	0.4570	0.2672	0.3456
2024-04-17 22:25:54.337: epoch122 Q1:	0.4805	0.4825	0.3038	0.3608
2024-04-17 22:25:54.820: epoch123 Q1:	0.4901	0.4957	0.3207	0.3655
2024-04-17 22:25:55.320: epoch124 Q1:	0.4769	0.4789	0.2951	0.3588
2024-04-17 22:25:55.805: epoch125 Q1:	0.4671	0.4630	0.2722	0.3546
2024-04-17 22:25:56.300: epoch126 Q1:	0.4847	0.4899	0.3107	0.3657
2024-04-17 22:25:56.789: epoch127 Q1:	0.4947	0.5005	0.3273	0.3711
2024-04-17 22:25:57.267: epoch128 Q1:	0.4813	0.4825	0.3014	0.3637
2024-04-17 22:25:57.753: epoch129 Q1:	0.4756	0.4746	0.2920	0.3608
2024-04-17 22:25:58.247: epoch130 Q1:	0.4896	0.4946	0.3162	0.3705
2024-04-17 22:25:58.748: epoch131 Q1:	0.4973	0.5018	0.3302	0.3759
2024-04-17 22:25:59.231: epoch132 Q1:	0.4877	0.4881	0.3126	0.3711
2024-04-17 22:25:59.722: epoch133 Q1:	0.4870	0.4860	0.3079	0.3723
2024-04-17 22:26:00.206: epoch134 Q1:	0.4982	0.5019	0.3308	0.3776
2024-04-17 22:26:00.676: epoch135 Q1:	0.5000	0.5010	0.3311	0.3806
2024-04-17 22:26:01.158: epoch136 Q1:	0.4957	0.4931	0.3228	0.3785
2024-04-17 22:26:01.639: epoch137 Q1:	0.4972	0.4938	0.3227	0.3811
2024-04-17 22:26:02.115: epoch138 Q1:	0.5040	0.4991	0.3347	0.3848
2024-04-17 22:26:02.601: epoch139 Q1:	0.5071	0.5014	0.3376	0.3884
2024-04-17 22:26:03.079: epoch140 Q1:	0.5047	0.4963	0.3303	0.3894
2024-04-17 22:26:03.575: epoch141 Q1:	0.5056	0.4953	0.3317	0.3908
2024-04-17 22:26:04.054: epoch142 Q1:	0.5126	0.5024	0.3414	0.3953
2024-04-17 22:26:04.540: epoch143 Q1:	0.5141	0.5020	0.3444	0.3960
2024-04-17 22:26:05.016: epoch144 Q1:	0.5120	0.4984	0.3368	0.3974
2024-04-17 22:26:05.515: epoch145 Q1:	0.5165	0.5032	0.3450	0.4009
2024-04-17 22:26:05.997: epoch146 Q1:	0.5187	0.5046	0.3446	0.4051
2024-04-17 22:26:06.484: epoch147 Q1:	0.5178	0.4978	0.3463	0.3995
2024-04-17 22:26:06.971: epoch148 Q1:	0.5195	0.5060	0.3431	0.4082
2024-04-17 22:26:07.468: epoch149 Q1:	0.5217	0.5020	0.3506	0.4061
2024-04-17 22:26:07.967: epoch150 Q1:	0.5234	0.5103	0.3480	0.4118
2024-04-17 22:26:08.437: epoch151 Q1:	0.5187	0.5043	0.3473	0.4050
2024-04-17 22:26:08.929: epoch152 Q1:	0.5203	0.5044	0.3469	0.4081
2024-04-17 22:26:09.411: epoch153 Q1:	0.5255	0.5147	0.3530	0.4136
2024-04-17 22:26:09.903: epoch154 Q1:	0.5245	0.5073	0.3534	0.4113
2024-04-17 22:26:10.389: epoch155 Q1:	0.5240	0.5082	0.3509	0.4119
2024-04-17 22:26:10.885: epoch156 Q1:	0.5288	0.5181	0.3554	0.4188
2024-04-17 22:26:11.370: epoch157 Q1:	0.5269	0.5081	0.3538	0.4160
2024-04-17 22:26:11.854: epoch158 Q1:	0.5269	0.5099	0.3536	0.4152
2024-04-17 22:26:12.341: epoch159 Q1:	0.5336	0.5191	0.3590	0.4245
2024-04-17 22:26:12.829: epoch160 Q1:	0.5345	0.5121	0.3598	0.4245
2024-04-17 22:26:13.300: epoch161 Q1:	0.5319	0.5122	0.3572	0.4215
2024-04-17 22:26:13.793: epoch162 Q1:	0.5353	0.5194	0.3598	0.4277
2024-04-17 22:26:14.281: epoch163 Q1:	0.5390	0.5133	0.3624	0.4303
2024-04-17 22:26:14.782: epoch164 Q1:	0.5379	0.5135	0.3624	0.4280
2024-04-17 22:26:15.256: epoch165 Q1:	0.5416	0.5199	0.3642	0.4343
2024-04-17 22:26:15.752: epoch166 Q1:	0.5456	0.5161	0.3674	0.4379
2024-04-17 22:26:16.226: epoch167 Q1:	0.5439	0.5158	0.3673	0.4348
2024-04-17 22:26:16.719: epoch168 Q1:	0.5461	0.5216	0.3680	0.4393
2024-04-17 22:26:17.187: epoch169 Q1:	0.5505	0.5192	0.3712	0.4440
2024-04-17 22:26:17.654: epoch170 Q1:	0.5500	0.5168	0.3704	0.4421
2024-04-17 22:26:18.116: epoch171 Q1:	0.5516	0.5202	0.3710	0.4459
2024-04-17 22:26:18.609: epoch172 Q1:	0.5566	0.5220	0.3755	0.4511
2024-04-17 22:26:19.087: epoch173 Q1:	0.5559	0.5215	0.3761	0.4486
2024-04-17 22:26:19.568: epoch174 Q1:	0.5588	0.5248	0.3779	0.4541
2024-04-17 22:26:20.049: epoch175 Q1:	0.5626	0.5226	0.3784	0.4593
2024-04-17 22:26:20.541: epoch176 Q1:	0.5634	0.5232	0.3797	0.4599
2024-04-17 22:26:21.015: epoch177 Q1:	0.5665	0.5258	0.3821	0.4639
2024-04-17 22:26:21.503: epoch178 Q1:	0.5684	0.5233	0.3820	0.4658
2024-04-17 22:26:21.988: epoch179 Q1:	0.5708	0.5255	0.3844	0.4699
2024-04-17 22:26:22.474: epoch180 Q1:	0.5746	0.5277	0.3876	0.4751
2024-04-17 22:26:22.955: epoch181 Q1:	0.5756	0.5230	0.3841	0.4770
2024-04-17 22:26:23.448: epoch182 Q1:	0.5808	0.5279	0.3891	0.4846
2024-04-17 22:26:23.921: epoch183 Q1:	0.5804	0.5263	0.3886	0.4830
2024-04-17 22:26:24.400: epoch184 Q1:	0.5866	0.5258	0.3892	0.4942
2024-04-17 22:26:24.877: epoch185 Q1:	0.5865	0.5276	0.3903	0.4931
2024-04-17 22:26:25.374: epoch186 Q1:	0.5907	0.5278	0.3927	0.4993
2024-04-17 22:26:25.861: epoch187 Q1:	0.5911	0.5245	0.3892	0.5022
2024-04-17 22:26:26.343: epoch188 Q1:	0.5904	0.5237	0.3901	0.5011
2024-04-17 22:26:26.820: epoch189 Q1:	0.5921	0.5218	0.3892	0.5059
2024-04-17 22:26:27.288: epoch190 Q1:	0.5932	0.5223	0.3894	0.5082
2024-04-17 22:26:27.786: epoch191 Q1:	0.5910	0.5183	0.3856	0.5068
2024-04-17 22:26:28.253: epoch192 Q1:	0.5930	0.5252	0.3937	0.5115
2024-04-17 22:26:28.724: epoch193 Q1:	0.5883	0.5108	0.3737	0.5069
2024-04-17 22:26:29.212: epoch194 Q1:	0.5803	0.5285	0.3946	0.4995
2024-04-17 22:26:29.690: epoch195 Q1:	0.5988	0.5360	0.4038	0.5224
2024-04-17 22:26:30.178: epoch196 Q1:	0.5873	0.5237	0.3869	0.5110
2024-04-17 22:26:30.654: epoch197 Q1:	0.5778	0.5184	0.3750	0.5015
2024-04-17 22:26:31.120: epoch198 Q1:	0.5863	0.5341	0.3977	0.5082
2024-04-17 22:26:31.598: epoch199 Q1:	0.5872	0.5382	0.4038	0.5113
2024-04-17 22:26:32.080: epoch200 Q1:	0.5716	0.5408	0.4031	0.4945
2024-04-17 22:26:32.558: epoch201 Q1:	0.5639	0.5457	0.4090	0.4842
2024-04-17 22:26:33.047: epoch202 Q1:	0.5831	0.5290	0.3880	0.5096
2024-04-17 22:26:33.534: epoch203 Q1:	0.5814	0.5184	0.3733	0.5096
2024-04-17 22:26:34.037: epoch204 Q1:	0.5709	0.5347	0.3939	0.4959
2024-04-17 22:26:34.529: epoch205 Q1:	0.5677	0.5514	0.4177	0.4959
2024-04-17 22:26:35.012: epoch206 Q1:	0.5710	0.5458	0.4101	0.4975
2024-04-17 22:26:35.504: epoch207 Q1:	0.5776	0.5340	0.3940	0.5077
2024-04-17 22:26:35.987: epoch208 Q1:	0.5741	0.5254	0.3837	0.5015
2024-04-17 22:26:36.491: epoch209 Q1:	0.5690	0.5295	0.3883	0.4933
2024-04-17 22:26:36.968: epoch210 Q1:	0.5699	0.5406	0.4041	0.4962
2024-04-17 22:26:37.436: epoch211 Q1:	0.5789	0.5413	0.4076	0.5099
2024-04-17 22:26:37.915: epoch212 Q1:	0.5702	0.5247	0.3859	0.5005
2024-04-17 22:26:38.379: epoch213 Q1:	0.5555	0.5248	0.3814	0.4805
2024-04-17 22:26:38.862: epoch214 Q1:	0.5594	0.5229	0.3809	0.4861
2024-04-17 22:26:39.339: epoch215 Q1:	0.5693	0.5214	0.3819	0.5004
2024-04-17 22:26:39.811: epoch216 Q1:	0.5653	0.5301	0.3919	0.4949
2024-04-17 22:26:40.297: epoch217 Q1:	0.5585	0.5320	0.3932	0.4858
2024-04-17 22:26:40.766: epoch218 Q1:	0.5552	0.5175	0.3759	0.4845
2024-04-17 22:26:41.249: epoch219 Q1:	0.5549	0.5169	0.3747	0.4842
2024-04-17 22:26:41.739: epoch220 Q1:	0.5516	0.5217	0.3800	0.4791
2024-04-17 22:26:42.233: epoch221 Q1:	0.5539	0.5221	0.3827	0.4837
2024-04-17 22:26:42.700: epoch222 Q1:	0.5601	0.5256	0.3896	0.4909
2024-04-17 22:26:43.178: epoch223 Q1:	0.5561	0.5194	0.3828	0.4871
2024-04-17 22:26:43.652: epoch224 Q1:	0.5548	0.5148	0.3749	0.4835
2024-04-17 22:26:44.120: epoch225 Q1:	0.5619	0.5205	0.3818	0.4868
2024-04-17 22:26:44.598: epoch226 Q1:	0.5668	0.5223	0.3876	0.4914
2024-04-17 22:26:45.064: epoch227 Q1:	0.5706	0.5236	0.3928	0.4961
2024-04-17 22:26:45.532: epoch228 Q1:	0.5753	0.5270	0.3980	0.4983
2024-04-17 22:26:46.004: epoch229 Q1:	0.5712	0.5178	0.3879	0.4915
2024-04-17 22:26:46.482: epoch230 Q1:	0.5766	0.5204	0.3939	0.4959
2024-04-17 22:26:46.959: epoch231 Q1:	0.5821	0.5239	0.4013	0.5000
2024-04-17 22:26:47.440: epoch232 Q1:	0.5844	0.5302	0.4033	0.5011
2024-04-17 22:26:47.914: epoch233 Q1:	0.5860	0.5310	0.4048	0.5028
2024-04-17 22:26:48.394: epoch234 Q1:	0.6015	0.5484	0.4289	0.5198
2024-04-17 22:26:48.869: epoch235 Q1:	0.5925	0.5467	0.4071	0.5127
2024-04-17 22:26:49.342: epoch236 Q1:	0.5748	0.5341	0.3884	0.4911
2024-04-17 22:26:49.816: epoch237 Q1:	0.6039	0.5650	0.4330	0.5217
2024-04-17 22:26:50.281: epoch238 Q1:	0.6192	0.5807	0.4481	0.5398
2024-04-17 22:26:50.762: epoch239 Q1:	0.5839	0.5528	0.3970	0.5051
2024-04-17 22:26:51.229: epoch240 Q1:	0.5862	0.5510	0.4058	0.5023
2024-04-17 22:26:51.719: epoch241 Q1:	0.5989	0.5611	0.4273	0.5138
2024-04-17 22:26:52.192: epoch242 Q1:	0.5929	0.5584	0.4144	0.5093
2024-04-17 22:26:52.664: epoch243 Q1:	0.5794	0.5515	0.3944	0.4981
2024-04-17 22:26:53.145: epoch244 Q1:	0.5889	0.5506	0.4068	0.5062
2024-04-17 22:26:53.622: epoch245 Q1:	0.5889	0.5476	0.4058	0.5057
2024-04-17 22:26:54.117: epoch246 Q1:	0.5703	0.5421	0.3824	0.4895
2024-04-17 22:26:54.597: epoch247 Q1:	0.5532	0.5338	0.3643	0.4724
2024-04-17 22:26:55.087: epoch248 Q1:	0.5541	0.5293	0.3658	0.4708
2024-04-17 22:26:55.577: epoch249 Q1:	0.5586	0.5298	0.3704	0.4740
2024-04-17 22:26:56.058: epoch250 Q1:	0.5505	0.5264	0.3617	0.4675
2024-04-17 22:26:56.555: epoch251 Q1:	0.5352	0.5224	0.3480	0.4542
2024-04-17 22:26:57.037: epoch252 Q1:	0.5249	0.5176	0.3402	0.4441
2024-04-17 22:26:57.530: epoch253 Q1:	0.5267	0.5148	0.3412	0.4448
2024-04-17 22:26:58.015: epoch254 Q1:	0.5197	0.5146	0.3377	0.4387
2024-04-17 22:26:58.486: epoch255 Q1:	0.5010	0.5115	0.3302	0.4178
2024-04-17 22:26:58.961: epoch256 Q1:	0.4942	0.5093	0.3287	0.4083
2024-04-17 22:26:59.445: epoch257 Q1:	0.4956	0.5105	0.3309	0.4090
2024-04-17 22:26:59.929: epoch258 Q1:	0.4832	0.5117	0.3304	0.3922
2024-04-17 22:27:00.418: epoch259 Q1:	0.4725	0.5132	0.3311	0.3763
2024-04-17 22:27:00.909: epoch260 Q1:	0.4762	0.5155	0.3352	0.3793
2024-04-17 22:27:01.378: epoch261 Q1:	0.4775	0.5181	0.3388	0.3792
2024-04-17 22:27:01.852: epoch262 Q1:	0.4716	0.5219	0.3414	0.3693
2024-04-17 22:27:02.328: epoch263 Q1:	0.4706	0.5247	0.3453	0.3644
2024-04-17 22:27:02.812: epoch264 Q1:	0.4688	0.5271	0.3492	0.3561
2024-04-17 22:27:03.289: epoch265 Q1:	0.4710	0.5366	0.3549	0.3573
2024-04-17 22:27:03.754: epoch266 Q1:	0.4763	0.5173	0.3496	0.3564
2024-04-17 22:27:04.247: epoch267 Q1:	0.5221	0.5171	0.3644	0.4193
2024-04-17 22:27:04.724: epoch268 Q1:	0.5110	0.4971	0.3481	0.3995
2024-04-17 22:27:05.219: epoch269 Q1:	0.5208	0.4805	0.3440	0.4095
2024-04-17 22:27:05.714: epoch270 Q1:	0.5479	0.5031	0.3792	0.4410
2024-04-17 22:27:06.189: epoch271 Q1:	0.5543	0.5126	0.3893	0.4484
2024-04-17 22:27:06.666: epoch272 Q1:	0.5453	0.5052	0.3735	0.4369
2024-04-17 22:27:07.158: epoch273 Q1:	0.5404	0.5038	0.3677	0.4304
2024-04-17 22:27:07.624: epoch274 Q1:	0.5347	0.5058	0.3649	0.4244
2024-04-17 22:27:08.124: epoch275 Q1:	0.5401	0.5129	0.3713	0.4315
2024-04-17 22:27:08.604: epoch276 Q1:	0.5516	0.5229	0.3813	0.4468
2024-04-17 22:27:09.093: epoch277 Q1:	0.5505	0.5253	0.3798	0.4482
2024-04-17 22:27:09.580: epoch278 Q1:	0.5381	0.5245	0.3704	0.4373
2024-04-17 22:27:10.078: epoch279 Q1:	0.5336	0.5258	0.3691	0.4315
2024-04-17 22:27:10.576: epoch280 Q1:	0.5325	0.5245	0.3688	0.4291
2024-04-17 22:27:11.063: epoch281 Q1:	0.5344	0.5264	0.3719	0.4302
2024-04-17 22:27:11.552: epoch282 Q1:	0.5231	0.5274	0.3667	0.4199
2024-04-17 22:27:12.025: epoch283 Q1:	0.5177	0.5254	0.3667	0.4123
2024-04-17 22:27:12.501: epoch284 Q1:	0.5080	0.5301	0.3647	0.4011
2024-04-17 22:27:12.996: epoch285 Q1:	0.4976	0.5297	0.3623	0.3866
2024-04-17 22:27:13.466: epoch286 Q1:	0.4942	0.5272	0.3604	0.3848
2024-04-17 22:27:13.955: epoch287 Q1:	0.4935	0.5277	0.3610	0.3823
2024-04-17 22:27:14.449: epoch288 Q1:	0.4920	0.5343	0.3633	0.3795
2024-04-17 22:27:14.926: epoch289 Q1:	0.4790	0.5395	0.3612	0.3647
2024-04-17 22:27:15.420: epoch290 Q1:	0.4659	0.5381	0.3549	0.3540
2024-04-17 22:27:15.915: epoch291 Q1:	0.4587	0.5362	0.3497	0.3482
2024-04-17 22:27:16.386: epoch292 Q1:	0.4549	0.5422	0.3505	0.3411
2024-04-17 22:27:16.877: epoch293 Q1:	0.4477	0.5478	0.3504	0.3314
2024-04-17 22:27:17.365: epoch294 Q1:	0.4433	0.5475	0.3482	0.3261
2024-04-17 22:27:17.847: epoch295 Q1:	0.4378	0.5479	0.3458	0.3191
2024-04-17 22:27:18.341: epoch296 Q1:	0.4288	0.5482	0.3394	0.3090
2024-04-17 22:27:18.838: epoch297 Q1:	0.4195	0.5494	0.3348	0.2977
2024-04-17 22:27:19.322: epoch298 Q1:	0.4174	0.5516	0.3357	0.2943
2024-04-17 22:27:19.812: epoch299 Q1:	0.4134	0.5520	0.3344	0.2892
2024-04-17 22:27:20.292: epoch300 Q1:	0.4005	0.5484	0.3293	0.2729
2024-04-17 22:27:20.773: epoch301 Q1:	0.3849	0.5437	0.3255	0.2514
2024-04-17 22:27:21.263: epoch302 Q1:	0.3843	0.5458	0.3261	0.2500
2024-04-17 22:27:21.751: epoch303 Q1:	0.3886	0.5465	0.3268	0.2562
2024-04-17 22:27:22.228: epoch304 Q1:	0.3829	0.5470	0.3263	0.2478
2024-04-17 22:27:22.718: epoch305 Q1:	0.3800	0.5471	0.3261	0.2436
2024-04-17 22:27:23.207: epoch306 Q1:	0.3875	0.5508	0.3277	0.2544
2024-04-17 22:27:23.698: epoch307 Q1:	0.3894	0.5518	0.3282	0.2568
2024-04-17 22:27:24.180: epoch308 Q1:	0.3900	0.5524	0.3284	0.2576
2024-04-17 22:27:24.635: epoch309 Q1:	0.3987	0.5555	0.3313	0.2693
2024-04-17 22:27:25.105: epoch310 Q1:	0.4011	0.5566	0.3327	0.2722
2024-04-17 22:27:25.575: epoch311 Q1:	0.4008	0.5570	0.3326	0.2719
2024-04-17 22:27:26.063: epoch312 Q1:	0.4032	0.5571	0.3334	0.2748
2024-04-17 22:27:26.536: epoch313 Q1:	0.4127	0.5602	0.3385	0.2861
2024-04-17 22:27:27.021: epoch314 Q1:	0.4038	0.5573	0.3326	0.2761
2024-04-17 22:27:27.499: epoch315 Q1:	0.4062	0.5569	0.3331	0.2794
2024-04-17 22:27:27.979: epoch316 Q1:	0.4127	0.5585	0.3362	0.2872
2024-04-17 22:27:28.456: epoch317 Q1:	0.4055	0.5497	0.3295	0.2804
2024-04-17 22:27:28.924: epoch318 Q1:	0.4137	0.5523	0.3324	0.2916
2024-04-17 22:27:29.407: epoch319 Q1:	0.4283	0.5614	0.3445	0.3082
2024-04-17 22:27:29.878: epoch320 Q1:	0.4285	0.5538	0.3398	0.3093
2024-04-17 22:27:30.358: epoch321 Q1:	0.4251	0.5492	0.3343	0.3075
2024-04-17 22:27:30.848: epoch322 Q1:	0.4246	0.5531	0.3368	0.3096
2024-04-17 22:27:31.342: epoch323 Q1:	0.4353	0.5562	0.3425	0.3337
2024-04-17 22:27:31.838: epoch324 Q1:	0.4337	0.5542	0.3432	0.3182
2024-04-17 22:27:32.320: epoch325 Q1:	0.4329	0.5546	0.3433	0.3169
2024-04-17 22:27:32.806: epoch326 Q1:	0.4349	0.5563	0.3414	0.3347
2024-04-17 22:27:33.295: epoch327 Q1:	0.4335	0.5548	0.3388	0.3350
2024-04-17 22:27:33.765: epoch328 Q1:	0.4318	0.5539	0.3396	0.3309
2024-04-17 22:27:34.252: epoch329 Q1:	0.4367	0.5576	0.3432	0.3363
2024-04-17 22:27:34.732: epoch330 Q1:	0.4401	0.5589	0.3428	0.3433
2024-04-17 22:27:35.227: epoch331 Q1:	0.4419	0.5599	0.3395	0.3505
2024-04-17 22:27:35.696: epoch332 Q1:	0.4439	0.5588	0.3393	0.3539
2024-04-17 22:27:36.184: epoch333 Q1:	0.4514	0.5595	0.3435	0.3621
2024-04-17 22:27:36.663: epoch334 Q1:	0.4591	0.5610	0.3430	0.3763
2024-04-17 22:27:37.141: epoch335 Q1:	0.4640	0.5624	0.3390	0.3887
2024-04-17 22:27:37.620: epoch336 Q1:	0.4670	0.5623	0.3374	0.3950
2024-04-17 22:27:38.101: epoch337 Q1:	0.4794	0.5639	0.3430	0.4103
2024-04-17 22:27:38.575: epoch338 Q1:	0.4933	0.5662	0.3460	0.4309
2024-04-17 22:27:39.050: epoch339 Q1:	0.4999	0.5621	0.3425	0.4427
2024-04-17 22:27:39.544: epoch340 Q1:	0.5162	0.5654	0.3496	0.4631
2024-04-17 22:27:40.032: epoch341 Q1:	0.5322	0.5690	0.3578	0.4824
2024-04-17 22:27:40.508: epoch342 Q1:	0.5385	0.5683	0.3578	0.4910
2024-04-17 22:27:40.990: epoch343 Q1:	0.5484	0.5696	0.3630	0.5026
2024-04-17 22:27:41.477: epoch344 Q1:	0.5648	0.5749	0.3756	0.5205
2024-04-17 22:27:41.959: epoch345 Q1:	0.5747	0.5750	0.3808	0.5313
2024-04-17 22:27:42.437: epoch346 Q1:	0.5773	0.5711	0.3804	0.5338
2024-04-17 22:27:42.929: epoch347 Q1:	0.5823	0.5699	0.3835	0.5384
2024-04-17 22:27:43.409: epoch348 Q1:	0.5902	0.5685	0.3887	0.5460
2024-04-17 22:27:43.905: epoch349 Q1:	0.5970	0.5659	0.3915	0.5527
2024-04-17 22:27:44.386: epoch350 Q1:	0.6016	0.5668	0.3945	0.5570
2024-04-17 22:27:44.867: epoch351 Q1:	0.6061	0.5674	0.3979	0.5617
2024-04-17 22:27:45.359: epoch352 Q1:	0.6146	0.5696	0.4046	0.5696
2024-04-17 22:27:45.837: epoch353 Q1:	0.6221	0.5746	0.4117	0.5777
2024-04-17 22:27:46.325: epoch354 Q1:	0.6279	0.5762	0.4170	0.5831
2024-04-17 22:27:46.794: epoch355 Q1:	0.6336	0.5783	0.4227	0.5883
2024-04-17 22:27:47.278: epoch356 Q1:	0.6401	0.5822	0.4296	0.5950
2024-04-17 22:27:47.759: epoch357 Q1:	0.6472	0.5856	0.4378	0.6017
2024-04-17 22:27:48.243: epoch358 Q1:	0.6526	0.5875	0.4441	0.6061
2024-04-17 22:27:48.730: epoch359 Q1:	0.6577	0.5915	0.4506	0.6115
2024-04-17 22:27:49.217: epoch360 Q1:	0.6637	0.5936	0.4585	0.6162
2024-04-17 22:27:49.708: epoch361 Q1:	0.6672	0.5993	0.4636	0.6205
2024-04-17 22:27:50.185: epoch362 Q1:	0.6739	0.6005	0.4734	0.6254
2024-04-17 22:27:50.668: epoch363 Q1:	0.6736	0.6095	0.4742	0.6276
2024-04-17 22:27:51.150: epoch364 Q1:	0.6831	0.6147	0.4882	0.6355
2024-04-17 22:27:51.630: epoch365 Q1:	0.6801	0.6134	0.4840	0.6327
2024-04-17 22:27:52.118: epoch366 Q1:	0.6804	0.6125	0.4839	0.6326
2024-04-17 22:27:52.598: epoch367 Q1:	0.6921	0.6181	0.5026	0.6416
2024-04-17 22:27:53.082: epoch368 Q1:	0.6893	0.6187	0.4983	0.6398
2024-04-17 22:27:53.573: epoch369 Q1:	0.6913	0.6184	0.5015	0.6405
2024-04-17 22:27:54.053: epoch370 Q1:	0.6945	0.6175	0.5087	0.6414
2024-04-17 22:27:54.533: epoch371 Q1:	0.6952	0.6200	0.5081	0.6430
2024-04-17 22:27:55.005: epoch372 Q1:	0.6930	0.6186	0.5043	0.6413
2024-04-17 22:27:55.490: epoch373 Q1:	0.6987	0.6223	0.5141	0.6463
2024-04-17 22:27:55.959: epoch374 Q1:	0.6973	0.6211	0.5145	0.6433
2024-04-17 22:27:56.441: epoch375 Q1:	0.6957	0.6215	0.5118	0.6415
2024-04-17 22:27:56.942: epoch376 Q1:	0.6966	0.6211	0.5118	0.6431
2024-04-17 22:27:57.426: epoch377 Q1:	0.7023	0.6276	0.5206	0.6490
2024-04-17 22:27:57.919: epoch378 Q1:	0.7054	0.6309	0.5270	0.6514
2024-04-17 22:27:58.407: epoch379 Q1:	0.7038	0.6296	0.5267	0.6486
2024-04-17 22:27:58.896: epoch380 Q1:	0.7053	0.6322	0.5291	0.6501
2024-04-17 22:27:59.381: epoch381 Q1:	0.7095	0.6373	0.5351	0.6545
2024-04-17 22:27:59.870: epoch382 Q1:	0.7127	0.6411	0.5411	0.6571
2024-04-17 22:28:00.353: epoch383 Q1:	0.7167	0.6471	0.5492	0.6603
2024-04-17 22:28:00.839: epoch384 Q1:	0.7189	0.6508	0.5539	0.6622
2024-04-17 22:28:01.335: epoch385 Q1:	0.7206	0.6543	0.5587	0.6633
2024-04-17 22:28:01.819: epoch386 Q1:	0.7229	0.6589	0.5648	0.6653
2024-04-17 22:28:02.307: epoch387 Q1:	0.7253	0.6617	0.5684	0.6675
2024-04-17 22:28:02.791: epoch388 Q1:	0.7280	0.6655	0.5736	0.6698
2024-04-17 22:28:03.286: epoch389 Q1:	0.7320	0.6742	0.5831	0.6736
2024-04-17 22:28:03.762: epoch390 Q1:	0.7331	0.6774	0.5864	0.6744
2024-04-17 22:28:04.232: epoch391 Q1:	0.7353	0.6797	0.5899	0.6761
2024-04-17 22:28:04.709: epoch392 Q1:	0.7370	0.6823	0.5932	0.6775
2024-04-17 22:28:05.194: epoch393 Q1:	0.7402	0.6892	0.6002	0.6811
2024-04-17 22:28:05.679: epoch394 Q1:	0.7415	0.6919	0.6032	0.6823
2024-04-17 22:28:06.171: epoch395 Q1:	0.7430	0.6937	0.6057	0.6834
2024-04-17 22:28:06.652: epoch396 Q1:	0.7448	0.6977	0.6097	0.6853
2024-04-17 22:28:07.143: epoch397 Q1:	0.7472	0.7025	0.6145	0.6880
2024-04-17 22:28:07.633: epoch398 Q1:	0.7475	0.7042	0.6164	0.6883
2024-04-17 22:28:08.124: epoch399 Q1:	0.7484	0.7073	0.6189	0.6889
2024-04-17 22:28:08.607: epoch400 Q1:	0.7502	0.7111	0.6224	0.6911
2024-04-17 22:28:09.101: epoch401 Q1:	0.7518	0.7152	0.6263	0.6930
2024-04-17 22:28:09.573: epoch402 Q1:	0.7524	0.7171	0.6285	0.6935
2024-04-17 22:28:10.065: epoch403 Q1:	0.7546	0.7219	0.6332	0.6964
2024-04-17 22:28:10.536: epoch404 Q1:	0.7560	0.7250	0.6364	0.6982
2024-04-17 22:28:11.013: epoch405 Q1:	0.7577	0.7269	0.6393	0.7007
2024-04-17 22:28:11.599: epoch406 Q1:	0.7587	0.7300	0.6422	0.7016
2024-04-17 22:28:12.190: epoch407 Q1:	0.7590	0.7312	0.6437	0.7029
2024-04-17 22:28:12.775: epoch408 Q1:	0.7600	0.7331	0.6459	0.7042
2024-04-17 22:28:13.391: epoch409 Q1:	0.7609	0.7349	0.6482	0.7051
2024-04-17 22:28:14.008: epoch410 Q1:	0.7621	0.7379	0.6516	0.7069
2024-04-17 22:28:14.603: epoch411 Q1:	0.7627	0.7394	0.6530	0.7081
2024-04-17 22:28:15.194: epoch412 Q1:	0.7648	0.7430	0.6570	0.7103
2024-04-17 22:28:15.808: epoch413 Q1:	0.7660	0.7451	0.6592	0.7118
2024-04-17 22:28:16.454: epoch414 Q1:	0.7673	0.7469	0.6614	0.7138
2024-04-17 22:28:17.084: epoch415 Q1:	0.7679	0.7488	0.6632	0.7151
2024-04-17 22:28:17.676: epoch416 Q1:	0.7682	0.7499	0.6644	0.7157
2024-04-17 22:28:18.322: epoch417 Q1:	0.7692	0.7516	0.6663	0.7168
2024-04-17 22:28:18.964: epoch418 Q1:	0.7707	0.7533	0.6684	0.7189
2024-04-17 22:28:19.555: epoch419 Q1:	0.7717	0.7558	0.6709	0.7202
2024-04-17 22:28:20.155: epoch420 Q1:	0.7719	0.7567	0.6716	0.7210
2024-04-17 22:28:20.768: epoch421 Q1:	0.7733	0.7581	0.6735	0.7228
2024-04-17 22:28:21.348: epoch422 Q1:	0.7736	0.7588	0.6742	0.7231
2024-04-17 22:28:21.977: epoch423 Q1:	0.7741	0.7598	0.6750	0.7242
2024-04-17 22:28:22.599: epoch424 Q1:	0.7756	0.7615	0.6771	0.7263
2024-04-17 22:28:23.189: epoch425 Q1:	0.7776	0.7641	0.6801	0.7290
2024-04-17 22:28:23.772: epoch426 Q1:	0.7781	0.7653	0.6812	0.7297
2024-04-17 22:28:24.393: epoch427 Q1:	0.7790	0.7662	0.6825	0.7311
2024-04-17 22:28:24.984: epoch428 Q1:	0.7801	0.7670	0.6836	0.7329
2024-04-17 22:28:25.605: epoch429 Q1:	0.7809	0.7679	0.6846	0.7344
2024-04-17 22:28:26.191: epoch430 Q1:	0.7816	0.7690	0.6858	0.7356
2024-04-17 22:28:26.767: epoch431 Q1:	0.7838	0.7704	0.6875	0.7389
2024-04-17 22:28:27.391: epoch432 Q1:	0.7843	0.7712	0.6883	0.7397
2024-04-17 22:28:28.004: epoch433 Q1:	0.7853	0.7719	0.6891	0.7417
2024-04-17 22:28:28.610: epoch434 Q1:	0.7865	0.7735	0.6908	0.7431
2024-04-17 22:28:29.188: epoch435 Q1:	0.7880	0.7746	0.6920	0.7457
2024-04-17 22:28:29.822: epoch436 Q1:	0.7882	0.7752	0.6925	0.7460
2024-04-17 22:28:30.391: epoch437 Q1:	0.7901	0.7756	0.6932	0.7495
2024-04-17 22:28:30.994: epoch438 Q1:	0.7897	0.7765	0.6939	0.7484
2024-04-17 22:28:31.478: epoch439 Q1:	0.7941	0.7776	0.6961	0.7560
2024-04-17 22:28:32.126: epoch440 Q1:	0.7904	0.7778	0.6953	0.7491
2024-04-17 22:28:32.606: epoch441 Q1:	0.7963	0.7789	0.6978	0.7598
2024-04-17 22:28:33.199: epoch442 Q1:	0.7966	0.7814	0.7001	0.7591
2024-04-17 22:28:33.797: epoch443 Q1:	0.7951	0.7812	0.6993	0.7568
2024-04-17 22:28:34.294: epoch444 Q1:	0.8002	0.7806	0.7002	0.7662
2024-04-17 22:28:34.895: epoch445 Q1:	0.7979	0.7813	0.7005	0.7617
2024-04-17 22:28:35.347: epoch446 Q1:	0.8004	0.7814	0.7012	0.7659
2024-04-17 22:28:35.895: epoch447 Q1:	0.8037	0.7815	0.7021	0.7720
2024-04-17 22:28:36.447: epoch448 Q1:	0.8033	0.7828	0.7034	0.7704
2024-04-17 22:28:36.898: epoch449 Q1:	0.8049	0.7819	0.7033	0.7735
2024-04-17 22:28:37.445: epoch450 Q1:	0.8077	0.7827	0.7039	0.7785
2024-04-17 22:28:38.018: epoch451 Q1:	0.8091	0.7844	0.7062	0.7800
2024-04-17 22:28:38.626: epoch452 Q1:	0.8115	0.7843	0.7071	0.7838
2024-04-17 22:28:39.219: epoch453 Q1:	0.8115	0.7847	0.7065	0.7845
2024-04-17 22:28:39.798: epoch454 Q1:	0.8133	0.7849	0.7077	0.7870
2024-04-17 22:28:40.377: epoch455 Q1:	0.8174	0.7854	0.7099	0.7932
2024-04-17 22:28:40.990: epoch456 Q1:	0.8182	0.7859	0.7100	0.7952
2024-04-17 22:28:41.607: epoch457 Q1:	0.8182	0.7854	0.7099	0.7951
2024-04-17 22:28:42.209: epoch458 Q1:	0.8213	0.7856	0.7118	0.8000
2024-04-17 22:28:42.802: epoch459 Q1:	0.8231	0.7855	0.7123	0.8033
2024-04-17 22:28:43.392: epoch460 Q1:	0.8244	0.7856	0.7128	0.8052
2024-04-17 22:28:43.990: epoch461 Q1:	0.8260	0.7853	0.7140	0.8080
2024-04-17 22:28:44.567: epoch462 Q1:	0.8278	0.7851	0.7147	0.8112
2024-04-17 22:28:45.192: epoch463 Q1:	0.8277	0.7841	0.7143	0.8115
2024-04-17 22:28:45.688: epoch464 Q1:	0.8292	0.7842	0.7148	0.8141
2024-04-17 22:28:46.296: epoch465 Q1:	0.8331	0.7833	0.7168	0.8207
2024-04-17 22:28:46.909: epoch466 Q1:	0.8323	0.7840	0.7166	0.8196
2024-04-17 22:28:47.388: epoch467 Q1:	0.8331	0.7818	0.7157	0.8215
2024-04-17 22:28:47.978: epoch468 Q1:	0.8356	0.7820	0.7173	0.8261
2024-04-17 22:28:48.672: epoch469 Q1:	0.8352	0.7815	0.7169	0.8256
2024-04-17 22:28:49.149: epoch470 Q1:	0.8368	0.7813	0.7175	0.8285
2024-04-17 22:28:49.741: epoch471 Q1:	0.8375	0.7801	0.7171	0.8315
2024-04-17 22:28:50.328: epoch472 Q1:	0.8369	0.7777	0.7154	0.8310
2024-04-17 22:28:50.817: epoch473 Q1:	0.8376	0.7794	0.7164	0.8323
2024-04-17 22:28:51.419: epoch474 Q1:	0.8391	0.7776	0.7161	0.8357
2024-04-17 22:28:52.027: epoch475 Q1:	0.8393	0.7786	0.7170	0.8360
2024-04-17 22:28:52.608: epoch476 Q1:	0.8408	0.7812	0.7190	0.8379
2024-04-17 22:28:53.210: epoch477 Q1:	0.8400	0.7781	0.7168	0.8381
2024-04-17 22:28:53.698: epoch478 Q1:	0.8416	0.7814	0.7196	0.8398
2024-04-17 22:28:54.325: epoch479 Q1:	0.8417	0.7820	0.7201	0.8403
2024-04-17 22:28:54.917: epoch480 Q1:	0.8408	0.7792	0.7177	0.8403
2024-04-17 22:28:55.412: epoch481 Q1:	0.8413	0.7817	0.7196	0.8405
2024-04-17 22:28:55.907: epoch482 Q1:	0.8425	0.7821	0.7205	0.8423
2024-04-17 22:28:56.556: epoch483 Q1:	0.8411	0.7806	0.7186	0.8413
2024-04-17 22:28:57.045: epoch484 Q1:	0.8420	0.7825	0.7203	0.8421
2024-04-17 22:28:57.539: epoch485 Q1:	0.8413	0.7820	0.7198	0.8419
2024-04-17 22:28:58.026: epoch486 Q1:	0.8409	0.7819	0.7192	0.8418
2024-04-17 22:28:58.521: epoch487 Q1:	0.8408	0.7822	0.7195	0.8418
2024-04-17 22:28:59.018: epoch488 Q1:	0.8407	0.7826	0.7196	0.8417
2024-04-17 22:28:59.507: epoch489 Q1:	0.8402	0.7825	0.7194	0.8419
2024-04-17 22:29:00.005: epoch490 Q1:	0.8425	0.7855	0.7227	0.8433
2024-04-17 22:29:00.603: epoch491 Q1:	0.8402	0.7830	0.7197	0.8418
2024-04-17 22:29:01.086: epoch492 Q1:	0.8411	0.7839	0.7209	0.8429
2024-04-17 22:29:01.574: epoch493 Q1:	0.8402	0.7843	0.7204	0.8414
2024-04-17 22:29:02.077: epoch494 Q1:	0.8411	0.7840	0.7208	0.8432
2024-04-17 22:29:02.563: epoch495 Q1:	0.8412	0.7846	0.7213	0.8434
2024-04-17 22:29:03.056: epoch496 Q1:	0.8399	0.7849	0.7208	0.8416
2024-04-17 22:29:03.545: epoch497 Q1:	0.8426	0.7870	0.7239	0.8448
2024-04-17 22:29:04.182: epoch498 Q1:	0.8421	0.7863	0.7228	0.8443
2024-04-17 22:29:04.664: epoch499 Q1:	0.8420	0.7865	0.7230	0.8442
2024-04-17 22:29:05.144: epoch500 Q1:	0.8418	0.7866	0.7231	0.8441
2024-04-17 22:29:05.623: epoch501 Q1:	0.8417	0.7872	0.7234	0.8440
2024-04-17 22:29:06.113: epoch502 Q1:	0.8419	0.7871	0.7235	0.8444
2024-04-17 22:29:06.612: epoch503 Q1:	0.8418	0.7877	0.7237	0.8443
2024-04-17 22:29:07.110: epoch504 Q1:	0.8415	0.7878	0.7237	0.8442
2024-04-17 22:29:07.589: epoch505 Q1:	0.8414	0.7878	0.7237	0.8441
2024-04-17 22:29:08.092: epoch506 Q1:	0.8411	0.7880	0.7237	0.8441
2024-04-17 22:29:08.568: epoch507 Q1:	0.8416	0.7887	0.7244	0.8443
2024-04-17 22:29:09.072: epoch508 Q1:	0.8411	0.7885	0.7240	0.8441
2024-04-17 22:29:09.568: epoch509 Q1:	0.8411	0.7891	0.7244	0.8441
2024-04-17 22:29:10.056: epoch510 Q1:	0.8416	0.7899	0.7252	0.8448
2024-04-17 22:29:10.550: epoch511 Q1:	0.8416	0.7891	0.7247	0.8449
2024-04-17 22:29:11.012: epoch512 Q1:	0.8431	0.7934	0.7280	0.8461
2024-04-17 22:29:11.627: epoch513 Q1:	0.8392	0.7883	0.7229	0.8431
2024-04-17 22:29:12.110: epoch514 Q1:	0.8445	0.7970	0.7308	0.8472
2024-04-17 22:29:12.688: epoch515 Q1:	0.8385	0.7875	0.7217	0.8423
2024-04-17 22:29:13.188: epoch516 Q1:	0.8437	0.7953	0.7298	0.8472
2024-04-17 22:29:13.663: epoch517 Q1:	0.8426	0.7925	0.7275	0.8461
2024-04-17 22:29:14.146: epoch518 Q1:	0.8403	0.7899	0.7244	0.8439
2024-04-17 22:29:14.640: epoch519 Q1:	0.8437	0.7951	0.7297	0.8474
2024-04-17 22:29:15.118: epoch520 Q1:	0.8418	0.7926	0.7273	0.8457
2024-04-17 22:29:15.608: epoch521 Q1:	0.8418	0.7923	0.7269	0.8455
2024-04-17 22:29:16.094: epoch522 Q1:	0.8445	0.7971	0.7316	0.8480
2024-04-17 22:29:16.685: epoch523 Q1:	0.8426	0.7936	0.7286	0.8463
2024-04-17 22:29:17.164: epoch524 Q1:	0.8413	0.7936	0.7274	0.8453
2024-04-17 22:29:17.652: epoch525 Q1:	0.8433	0.7960	0.7302	0.8473
2024-04-17 22:29:18.130: epoch526 Q1:	0.8421	0.7937	0.7285	0.8460
2024-04-17 22:29:18.614: epoch527 Q1:	0.8413	0.7925	0.7271	0.8452
2024-04-17 22:29:19.091: epoch528 Q1:	0.8428	0.7957	0.7297	0.8468
2024-04-17 22:29:19.595: epoch529 Q1:	0.8418	0.7946	0.7288	0.8462
2024-04-17 22:29:20.090: epoch530 Q1:	0.8421	0.7950	0.7292	0.8462
2024-04-17 22:29:20.562: epoch531 Q1:	0.8424	0.7959	0.7297	0.8464
2024-04-17 22:29:21.040: epoch532 Q1:	0.8418	0.7954	0.7293	0.8463
2024-04-17 22:29:21.533: epoch533 Q1:	0.8433	0.7978	0.7314	0.8475
2024-04-17 22:29:22.010: epoch534 Q1:	0.8425	0.7964	0.7302	0.8467
2024-04-17 22:29:22.481: epoch535 Q1:	0.8415	0.7955	0.7294	0.8461
2024-04-17 22:29:22.969: epoch536 Q1:	0.8439	0.7990	0.7325	0.8482
2024-04-17 22:29:23.456: epoch537 Q1:	0.8425	0.7972	0.7308	0.8469
2024-04-17 22:29:23.944: epoch538 Q1:	0.8421	0.7970	0.7305	0.8467
2024-04-17 22:29:24.426: epoch539 Q1:	0.8438	0.7990	0.7326	0.8482
2024-04-17 22:29:24.928: epoch540 Q1:	0.8415	0.7974	0.7306	0.8463
2024-04-17 22:29:25.415: epoch541 Q1:	0.8434	0.7995	0.7327	0.8481
2024-04-17 22:29:25.908: epoch542 Q1:	0.8438	0.8002	0.7333	0.8484
2024-04-17 22:29:26.398: epoch543 Q1:	0.8425	0.7990	0.7322	0.8474
2024-04-17 22:29:26.875: epoch544 Q1:	0.8444	0.8019	0.7346	0.8492
2024-04-17 22:29:27.361: epoch545 Q1:	0.8433	0.8012	0.7338	0.8482
2024-04-17 22:29:27.849: epoch546 Q1:	0.8431	0.8003	0.7333	0.8481
2024-04-17 22:29:28.341: epoch547 Q1:	0.8446	0.8026	0.7352	0.8495
2024-04-17 22:29:28.946: epoch548 Q1:	0.8440	0.8030	0.7352	0.8491
2024-04-17 22:29:29.442: epoch549 Q1:	0.8437	0.8029	0.7351	0.8489
2024-04-17 22:29:29.937: epoch550 Q1:	0.8447	0.8036	0.7361	0.8498
2024-04-17 22:29:30.573: epoch551 Q1:	0.8443	0.8041	0.7360	0.8495
2024-04-17 22:29:31.068: epoch552 Q1:	0.8442	0.8039	0.7360	0.8494
2024-04-17 22:29:31.544: epoch553 Q1:	0.8444	0.8049	0.7365	0.8497
2024-04-17 22:29:32.037: epoch554 Q1:	0.8445	0.8048	0.7367	0.8498
2024-04-17 22:29:32.513: epoch555 Q1:	0.8454	0.8066	0.7380	0.8508
2024-04-17 22:29:33.129: epoch556 Q1:	0.8450	0.8058	0.7375	0.8505
2024-04-17 22:29:33.622: epoch557 Q1:	0.8460	0.8074	0.7388	0.8514
2024-04-17 22:29:34.200: epoch558 Q1:	0.8453	0.8061	0.7380	0.8508
2024-04-17 22:29:34.686: epoch559 Q1:	0.8458	0.8075	0.7390	0.8513
2024-04-17 22:29:35.167: epoch560 Q1:	0.8462	0.8081	0.7395	0.8517
2024-04-17 22:29:35.761: epoch561 Q1:	0.8459	0.8076	0.7394	0.8515
2024-04-17 22:29:36.239: epoch562 Q1:	0.8471	0.8084	0.7402	0.8524
2024-04-17 22:29:36.813: epoch563 Q1:	0.8449	0.8053	0.7376	0.8505
2024-04-17 22:29:37.309: epoch564 Q1:	0.8487	0.8094	0.7415	0.8538
2024-04-17 22:29:37.896: epoch565 Q1:	0.8446	0.8054	0.7378	0.8504
2024-04-17 22:29:38.371: epoch566 Q1:	0.8467	0.8092	0.7406	0.8523
2024-04-17 22:29:38.846: epoch567 Q1:	0.8466	0.8089	0.7403	0.8522
2024-04-17 22:29:39.321: epoch568 Q1:	0.8467	0.8098	0.7410	0.8525
2024-04-17 22:29:39.806: epoch569 Q1:	0.8476	0.8110	0.7423	0.8534
2024-04-17 22:29:40.294: epoch570 Q1:	0.8486	0.8095	0.7414	0.8538
2024-04-17 22:29:40.779: epoch571 Q1:	0.8454	0.8089	0.7400	0.8514
2024-04-17 22:29:41.257: epoch572 Q1:	0.8479	0.8117	0.7427	0.8536
2024-04-17 22:29:41.745: epoch573 Q1:	0.8480	0.8097	0.7414	0.8533
2024-04-17 22:29:42.213: epoch574 Q1:	0.8476	0.8115	0.7427	0.8536
2024-04-17 22:29:42.710: epoch575 Q1:	0.8475	0.8115	0.7428	0.8535
2024-04-17 22:29:43.193: epoch576 Q1:	0.8484	0.8108	0.7423	0.8539
2024-04-17 22:29:43.685: epoch577 Q1:	0.8480	0.8118	0.7433	0.8540
2024-04-17 22:29:44.179: epoch578 Q1:	0.8477	0.8117	0.7430	0.8537
2024-04-17 22:29:44.647: epoch579 Q1:	0.8488	0.8135	0.7444	0.8547
2024-04-17 22:29:45.246: epoch580 Q1:	0.8491	0.8131	0.7444	0.8549
2024-04-17 22:29:45.893: epoch581 Q1:	0.8487	0.8130	0.7444	0.8547
2024-04-17 22:29:46.367: epoch582 Q1:	0.8490	0.8146	0.7455	0.8552
2024-04-17 22:29:46.828: epoch583 Q1:	0.8495	0.8145	0.7456	0.8555
2024-04-17 22:29:47.374: epoch584 Q1:	0.8494	0.8136	0.7450	0.8553
2024-04-17 22:29:47.838: epoch585 Q1:	0.8493	0.8145	0.7457	0.8554
2024-04-17 22:29:48.296: epoch586 Q1:	0.8490	0.8142	0.7453	0.8551
2024-04-17 22:29:48.750: epoch587 Q1:	0.8505	0.8152	0.7466	0.8564
2024-04-17 22:29:49.306: epoch588 Q1:	0.8498	0.8151	0.7464	0.8559
2024-04-17 22:29:49.763: epoch589 Q1:	0.8501	0.8159	0.7469	0.8562
2024-04-17 22:29:50.224: epoch590 Q1:	0.8501	0.8148	0.7461	0.8560
2024-04-17 22:29:50.680: epoch591 Q1:	0.8498	0.8159	0.7468	0.8560
2024-04-17 22:29:51.137: epoch592 Q1:	0.8502	0.8160	0.7471	0.8564
2024-04-17 22:29:51.597: epoch593 Q1:	0.8499	0.8161	0.7470	0.8561
2024-04-17 22:29:52.052: epoch594 Q1:	0.8502	0.8162	0.7472	0.8564
2024-04-17 22:29:52.508: epoch595 Q1:	0.8502	0.8172	0.7478	0.8564
2024-04-17 22:29:52.960: epoch596 Q1:	0.8500	0.8167	0.7473	0.8562
2024-04-17 22:29:53.417: epoch597 Q1:	0.8503	0.8172	0.7479	0.8565
2024-04-17 22:29:53.873: epoch598 Q1:	0.8506	0.8177	0.7484	0.8568
2024-04-17 22:29:54.421: epoch599 Q1:	0.8508	0.8171	0.7480	0.8569
2024-04-17 22:29:54.516: Best Acc is at epoch599:	0.8508	0.8171	0.7480	0.8569
