2024-04-21 17:51:31.467: Tri-GFN(
  (ae): AE(
    (enc_1): Linear(in_features=2000, out_features=500, bias=True)
    (enc_2): Linear(in_features=500, out_features=500, bias=True)
    (enc_3): Linear(in_features=500, out_features=2000, bias=True)
    (z_layer): Linear(in_features=2000, out_features=20, bias=True)
    (dec_1): Linear(in_features=20, out_features=2000, bias=True)
    (dec_2): Linear(in_features=2000, out_features=500, bias=True)
    (dec_3): Linear(in_features=500, out_features=500, bias=True)
    (x_bar_layer): Linear(in_features=500, out_features=2000, bias=True)
    (act): LeakyReLU(negative_slope=0.2, inplace=True)
  )
  (gcn_1): GCNLayer(
    (conv): TransformerConv(2000, 500, heads=1)
  )
  (gcn_2): GCNLayer(
    (conv): TransformerConv(500, 500, heads=1)
  )
  (gcn_3): GCNLayer(
    (conv): TransformerConv(500, 2000, heads=1)
  )
  (gcn_4): GCNLayer(
    (conv): TransformerConv(2000, 20, heads=1)
  )
  (gcn_fc): GCNLayer(
    (conv): TransformerConv(20, 4, heads=1)
  )
  (gcn_5): GCNLayer(
    (conv): TransformerConv(20, 2000, heads=1)
  )
  (gcn_6): GCNLayer(
    (conv): TransformerConv(2000, 500, heads=1)
  )
  (gcn_7): GCNLayer(
    (conv): TransformerConv(500, 500, heads=1)
  )
  (gcn_8): GCNLayer(
    (conv): TransformerConv(500, 2000, heads=1)
  )
  (gnn_1): GCNLayer(
    (conv): GCNConv(2000, 500)
  )
  (gnn_2): GCNLayer(
    (conv): GCNConv(500, 500)
  )
  (gnn_3): GCNLayer(
    (conv): GCNConv(500, 2000)
  )
  (gnn_4): GCNLayer(
    (conv): GCNConv(2000, 20)
  )
  (gae_fc): GCNLayer(
    (conv): GCNConv(20, 4)
  )
  (gnn_5): GCNLayer(
    (conv): GCNConv(20, 2000)
  )
  (gnn_6): GCNLayer(
    (conv): GCNConv(2000, 500)
  )
  (gnn_7): GCNLayer(
    (conv): GCNConv(500, 500)
  )
  (gnn_8): GCNLayer(
    (conv): GCNConv(500, 2000)
  )
  (s): Sigmoid()
)
2024-04-21 17:51:31.468: Namespace(name='reut', cuda=True, n_z=20, alpha=0.1, beta=0.05, lr=0.0001, n_clusters=4, n_input=2000)
2024-04-21 17:51:31.468: metrics:	 acc	 nmi	 ari	 f1
2024-04-21 17:51:31.739: Initialization: 0.7936	0.5100	0.5926	0.7108
2024-04-21 17:51:32.544: epoch0 Q1:	0.7936	0.5100	0.5926	0.7108
2024-04-21 17:51:32.996: epoch1 Q1:	0.7948	0.5106	0.5947	0.7114
2024-04-21 17:51:33.407: epoch2 Q1:	0.7945	0.5080	0.5932	0.7109
2024-04-21 17:51:33.723: epoch3 Q1:	0.7938	0.5061	0.5914	0.7096
2024-04-21 17:51:34.038: epoch4 Q1:	0.7935	0.5054	0.5905	0.7093
2024-04-21 17:51:34.352: epoch5 Q1:	0.7930	0.5044	0.5895	0.7090
2024-04-21 17:51:34.668: epoch6 Q1:	0.7928	0.5041	0.5891	0.7088
2024-04-21 17:51:34.985: epoch7 Q1:	0.7931	0.5051	0.5900	0.7091
2024-04-21 17:51:35.299: epoch8 Q1:	0.7927	0.5046	0.5893	0.7088
2024-04-21 17:51:35.615: epoch9 Q1:	0.7930	0.5051	0.5902	0.7090
2024-04-21 17:51:35.931: epoch10 Q1:	0.7936	0.5063	0.5915	0.7096
2024-04-21 17:51:36.245: epoch11 Q1:	0.7936	0.5066	0.5917	0.7096
2024-04-21 17:51:36.561: epoch12 Q1:	0.7943	0.5078	0.5931	0.7102
2024-04-21 17:51:36.877: epoch13 Q1:	0.7944	0.5082	0.5931	0.7104
2024-04-21 17:51:37.193: epoch14 Q1:	0.7949	0.5091	0.5940	0.7109
2024-04-21 17:51:37.606: epoch15 Q1:	0.7954	0.5107	0.5949	0.7114
2024-04-21 17:51:38.021: epoch16 Q1:	0.7958	0.5116	0.5957	0.7118
2024-04-21 17:51:38.437: epoch17 Q1:	0.7963	0.5125	0.5967	0.7122
2024-04-21 17:51:38.849: epoch18 Q1:	0.7964	0.5120	0.5963	0.7123
2024-04-21 17:51:39.265: epoch19 Q1:	0.7972	0.5138	0.5978	0.7130
2024-04-21 17:51:39.678: epoch20 Q1:	0.7975	0.5147	0.5984	0.7132
2024-04-21 17:51:40.091: epoch21 Q1:	0.7974	0.5145	0.5980	0.7131
2024-04-21 17:51:40.406: epoch22 Q1:	0.7977	0.5152	0.5989	0.7133
2024-04-21 17:51:40.823: epoch23 Q1:	0.7980	0.5157	0.5993	0.7136
2024-04-21 17:51:41.237: epoch24 Q1:	0.7981	0.5158	0.5995	0.7137
2024-04-21 17:51:41.650: epoch25 Q1:	0.7982	0.5160	0.5997	0.7137
2024-04-21 17:51:42.064: epoch26 Q1:	0.7984	0.5166	0.6000	0.7139
2024-04-21 17:51:42.480: epoch27 Q1:	0.7985	0.5171	0.6000	0.7141
2024-04-21 17:51:42.892: epoch28 Q1:	0.7987	0.5176	0.6002	0.7143
2024-04-21 17:51:43.306: epoch29 Q1:	0.7987	0.5173	0.6000	0.7143
2024-04-21 17:51:43.724: epoch30 Q1:	0.7987	0.5173	0.6000	0.7143
2024-04-21 17:51:44.140: epoch31 Q1:	0.7987	0.5172	0.6000	0.7144
2024-04-21 17:51:44.552: epoch32 Q1:	0.7990	0.5176	0.6003	0.7147
2024-04-21 17:51:44.968: epoch33 Q1:	0.7992	0.5178	0.6006	0.7149
2024-04-21 17:51:45.381: epoch34 Q1:	0.7995	0.5186	0.6012	0.7151
2024-04-21 17:51:45.799: epoch35 Q1:	0.7999	0.5197	0.6022	0.7155
2024-04-21 17:51:46.212: epoch36 Q1:	0.8000	0.5199	0.6022	0.7157
2024-04-21 17:51:46.625: epoch37 Q1:	0.7998	0.5197	0.6019	0.7153
2024-04-21 17:51:46.942: epoch38 Q1:	0.8004	0.5210	0.6030	0.7159
2024-04-21 17:51:47.358: epoch39 Q1:	0.8010	0.5224	0.6043	0.7164
2024-04-21 17:51:47.769: epoch40 Q1:	0.8015	0.5232	0.6053	0.7168
2024-04-21 17:51:48.185: epoch41 Q1:	0.8016	0.5234	0.6056	0.7169
2024-04-21 17:51:48.598: epoch42 Q1:	0.8019	0.5244	0.6065	0.7170
2024-04-21 17:51:49.015: epoch43 Q1:	0.8020	0.5247	0.6067	0.7171
2024-04-21 17:51:49.429: epoch44 Q1:	0.8019	0.5246	0.6066	0.7170
2024-04-21 17:51:49.745: epoch45 Q1:	0.8025	0.5253	0.6074	0.7176
2024-04-21 17:51:50.160: epoch46 Q1:	0.8027	0.5255	0.6078	0.7178
2024-04-21 17:51:50.568: epoch47 Q1:	0.8028	0.5261	0.6081	0.7179
2024-04-21 17:51:50.983: epoch48 Q1:	0.8030	0.5265	0.6084	0.7181
2024-04-21 17:51:51.399: epoch49 Q1:	0.8031	0.5267	0.6087	0.7182
2024-04-21 17:51:51.814: epoch50 Q1:	0.8029	0.5265	0.6081	0.7181
2024-04-21 17:51:52.131: epoch51 Q1:	0.8034	0.5276	0.6094	0.7185
2024-04-21 17:51:52.543: epoch52 Q1:	0.8037	0.5285	0.6102	0.7188
2024-04-21 17:51:52.957: epoch53 Q1:	0.8045	0.5304	0.6123	0.7194
2024-04-21 17:51:53.368: epoch54 Q1:	0.8047	0.5311	0.6128	0.7196
2024-04-21 17:51:53.779: epoch55 Q1:	0.8053	0.5321	0.6140	0.7203
2024-04-21 17:51:54.192: epoch56 Q1:	0.8053	0.5322	0.6142	0.7201
2024-04-21 17:51:54.604: epoch57 Q1:	0.8057	0.5332	0.6150	0.7205
2024-04-21 17:51:55.018: epoch58 Q1:	0.8058	0.5335	0.6153	0.7206
2024-04-21 17:51:55.429: epoch59 Q1:	0.8060	0.5340	0.6159	0.7207
2024-04-21 17:51:55.844: epoch60 Q1:	0.8061	0.5343	0.6162	0.7208
2024-04-21 17:51:56.259: epoch61 Q1:	0.8063	0.5346	0.6166	0.7210
2024-04-21 17:51:56.673: epoch62 Q1:	0.8067	0.5353	0.6174	0.7213
2024-04-21 17:51:57.088: epoch63 Q1:	0.8074	0.5368	0.6190	0.7221
2024-04-21 17:51:57.499: epoch64 Q1:	0.8075	0.5375	0.6192	0.7222
2024-04-21 17:51:57.913: epoch65 Q1:	0.8078	0.5381	0.6200	0.7224
2024-04-21 17:51:58.328: epoch66 Q1:	0.8077	0.5384	0.6202	0.7223
2024-04-21 17:51:58.643: epoch67 Q1:	0.8081	0.5391	0.6210	0.7228
2024-04-21 17:51:59.059: epoch68 Q1:	0.8084	0.5395	0.6216	0.7232
2024-04-21 17:51:59.472: epoch69 Q1:	0.8087	0.5402	0.6223	0.7235
2024-04-21 17:51:59.885: epoch70 Q1:	0.8092	0.5415	0.6235	0.7239
2024-04-21 17:52:00.301: epoch71 Q1:	0.8093	0.5417	0.6238	0.7240
2024-04-21 17:52:00.717: epoch72 Q1:	0.8097	0.5424	0.6247	0.7243
2024-04-21 17:52:01.131: epoch73 Q1:	0.8099	0.5427	0.6252	0.7244
2024-04-21 17:52:01.542: epoch74 Q1:	0.8103	0.5434	0.6260	0.7248
2024-04-21 17:52:01.955: epoch75 Q1:	0.8103	0.5436	0.6262	0.7247
2024-04-21 17:52:02.365: epoch76 Q1:	0.8105	0.5441	0.6267	0.7249
2024-04-21 17:52:02.776: epoch77 Q1:	0.8106	0.5442	0.6269	0.7250
2024-04-21 17:52:03.193: epoch78 Q1:	0.8107	0.5445	0.6272	0.7251
2024-04-21 17:52:03.607: epoch79 Q1:	0.8110	0.5453	0.6279	0.7253
2024-04-21 17:52:04.019: epoch80 Q1:	0.8110	0.5453	0.6281	0.7253
2024-04-21 17:52:04.433: epoch81 Q1:	0.8109	0.5450	0.6280	0.7251
2024-04-21 17:52:04.753: epoch82 Q1:	0.8110	0.5453	0.6285	0.7252
2024-04-21 17:52:05.174: epoch83 Q1:	0.8112	0.5461	0.6289	0.7254
2024-04-21 17:52:05.612: epoch84 Q1:	0.8113	0.5463	0.6291	0.7256
2024-04-21 17:52:06.031: epoch85 Q1:	0.8113	0.5462	0.6291	0.7256
2024-04-21 17:52:06.446: epoch86 Q1:	0.8117	0.5463	0.6294	0.7265
2024-04-21 17:52:06.867: epoch87 Q1:	0.8119	0.5466	0.6298	0.7269
2024-04-21 17:52:07.304: epoch88 Q1:	0.8123	0.5473	0.6306	0.7274
2024-04-21 17:52:07.725: epoch89 Q1:	0.8124	0.5477	0.6310	0.7274
2024-04-21 17:52:08.168: epoch90 Q1:	0.8122	0.5472	0.6308	0.7272
2024-04-21 17:52:08.485: epoch91 Q1:	0.8122	0.5469	0.6309	0.7272
2024-04-21 17:52:08.801: epoch92 Q1:	0.8125	0.5473	0.6314	0.7276
2024-04-21 17:52:09.235: epoch93 Q1:	0.8126	0.5477	0.6319	0.7276
2024-04-21 17:52:09.650: epoch94 Q1:	0.8123	0.5473	0.6314	0.7273
2024-04-21 17:52:09.966: epoch95 Q1:	0.8124	0.5475	0.6318	0.7274
2024-04-21 17:52:10.282: epoch96 Q1:	0.8122	0.5471	0.6313	0.7272
2024-04-21 17:52:10.598: epoch97 Q1:	0.8122	0.5471	0.6313	0.7272
2024-04-21 17:52:10.915: epoch98 Q1:	0.8123	0.5473	0.6315	0.7273
2024-04-21 17:52:11.232: epoch99 Q1:	0.8120	0.5465	0.6306	0.7273
2024-04-21 17:52:11.551: epoch100 Q1:	0.8120	0.5466	0.6307	0.7273
2024-04-21 17:52:11.868: epoch101 Q1:	0.8122	0.5471	0.6312	0.7274
2024-04-21 17:52:12.184: epoch102 Q1:	0.8124	0.5474	0.6315	0.7278
2024-04-21 17:52:12.502: epoch103 Q1:	0.8123	0.5472	0.6313	0.7277
2024-04-21 17:52:12.818: epoch104 Q1:	0.8123	0.5472	0.6313	0.7277
2024-04-21 17:52:13.133: epoch105 Q1:	0.8125	0.5478	0.6320	0.7278
2024-04-21 17:52:13.450: epoch106 Q1:	0.8130	0.5485	0.6327	0.7288
2024-04-21 17:52:13.870: epoch107 Q1:	0.8132	0.5485	0.6331	0.7291
2024-04-21 17:52:14.286: epoch108 Q1:	0.8131	0.5482	0.6327	0.7292
2024-04-21 17:52:14.601: epoch109 Q1:	0.8130	0.5480	0.6325	0.7291
2024-04-21 17:52:14.918: epoch110 Q1:	0.8132	0.5483	0.6328	0.7295
2024-04-21 17:52:15.334: epoch111 Q1:	0.8134	0.5487	0.6333	0.7296
2024-04-21 17:52:15.748: epoch112 Q1:	0.8133	0.5483	0.6328	0.7297
2024-04-21 17:52:16.064: epoch113 Q1:	0.8132	0.5481	0.6326	0.7296
2024-04-21 17:52:16.380: epoch114 Q1:	0.8134	0.5485	0.6330	0.7298
2024-04-21 17:52:16.796: epoch115 Q1:	0.8139	0.5496	0.6338	0.7304
2024-04-21 17:52:17.211: epoch116 Q1:	0.8137	0.5491	0.6334	0.7303
2024-04-21 17:52:17.528: epoch117 Q1:	0.8138	0.5494	0.6336	0.7304
2024-04-21 17:52:17.844: epoch118 Q1:	0.8137	0.5492	0.6336	0.7302
2024-04-21 17:52:18.162: epoch119 Q1:	0.8135	0.5488	0.6332	0.7300
2024-04-21 17:52:18.477: epoch120 Q1:	0.8139	0.5495	0.6340	0.7304
2024-04-21 17:52:18.893: epoch121 Q1:	0.8138	0.5498	0.6341	0.7303
2024-04-21 17:52:19.210: epoch122 Q1:	0.8135	0.5491	0.6335	0.7300
2024-04-21 17:52:19.526: epoch123 Q1:	0.8135	0.5492	0.6334	0.7300
2024-04-21 17:52:19.844: epoch124 Q1:	0.8136	0.5497	0.6339	0.7299
2024-04-21 17:52:20.163: epoch125 Q1:	0.8136	0.5497	0.6339	0.7299
2024-04-21 17:52:20.480: epoch126 Q1:	0.8136	0.5497	0.6339	0.7299
2024-04-21 17:52:20.797: epoch127 Q1:	0.8137	0.5499	0.6339	0.7302
2024-04-21 17:52:21.112: epoch128 Q1:	0.8138	0.5502	0.6341	0.7303
2024-04-21 17:52:21.429: epoch129 Q1:	0.8138	0.5503	0.6343	0.7303
2024-04-21 17:52:21.747: epoch130 Q1:	0.8137	0.5503	0.6342	0.7301
2024-04-21 17:52:22.064: epoch131 Q1:	0.8137	0.5501	0.6342	0.7301
2024-04-21 17:52:22.381: epoch132 Q1:	0.8137	0.5501	0.6342	0.7301
2024-04-21 17:52:22.698: epoch133 Q1:	0.8139	0.5507	0.6348	0.7303
2024-04-21 17:52:23.112: epoch134 Q1:	0.8141	0.5510	0.6352	0.7304
2024-04-21 17:52:23.530: epoch135 Q1:	0.8142	0.5510	0.6354	0.7305
2024-04-21 17:52:23.944: epoch136 Q1:	0.8141	0.5508	0.6351	0.7305
2024-04-21 17:52:24.263: epoch137 Q1:	0.8141	0.5508	0.6351	0.7305
2024-04-21 17:52:24.580: epoch138 Q1:	0.8141	0.5508	0.6351	0.7305
2024-04-21 17:52:24.895: epoch139 Q1:	0.8145	0.5516	0.6361	0.7308
2024-04-21 17:52:25.312: epoch140 Q1:	0.8145	0.5516	0.6361	0.7308
2024-04-21 17:52:25.728: epoch141 Q1:	0.8146	0.5517	0.6362	0.7309
2024-04-21 17:52:26.141: epoch142 Q1:	0.8144	0.5514	0.6357	0.7307
2024-04-21 17:52:26.458: epoch143 Q1:	0.8143	0.5511	0.6354	0.7307
2024-04-21 17:52:26.775: epoch144 Q1:	0.8144	0.5514	0.6357	0.7307
2024-04-21 17:52:27.090: epoch145 Q1:	0.8143	0.5511	0.6354	0.7307
2024-04-21 17:52:27.407: epoch146 Q1:	0.8143	0.5509	0.6354	0.7306
2024-04-21 17:52:27.725: epoch147 Q1:	0.8144	0.5510	0.6355	0.7308
2024-04-21 17:52:28.043: epoch148 Q1:	0.8143	0.5508	0.6355	0.7306
2024-04-21 17:52:28.361: epoch149 Q1:	0.8144	0.5511	0.6357	0.7307
2024-04-21 17:52:28.678: epoch150 Q1:	0.8145	0.5514	0.6359	0.7308
2024-04-21 17:52:28.996: epoch151 Q1:	0.8147	0.5516	0.6363	0.7309
2024-04-21 17:52:29.414: epoch152 Q1:	0.8149	0.5519	0.6365	0.7312
2024-04-21 17:52:29.830: epoch153 Q1:	0.8149	0.5519	0.6365	0.7312
2024-04-21 17:52:30.246: epoch154 Q1:	0.8148	0.5515	0.6363	0.7311
2024-04-21 17:52:30.564: epoch155 Q1:	0.8148	0.5514	0.6362	0.7311
2024-04-21 17:52:30.882: epoch156 Q1:	0.8148	0.5515	0.6363	0.7311
2024-04-21 17:52:31.199: epoch157 Q1:	0.8146	0.5510	0.6358	0.7309
2024-04-21 17:52:31.519: epoch158 Q1:	0.8147	0.5512	0.6362	0.7309
2024-04-21 17:52:31.836: epoch159 Q1:	0.8146	0.5511	0.6360	0.7309
2024-04-21 17:52:32.153: epoch160 Q1:	0.8148	0.5513	0.6362	0.7314
2024-04-21 17:52:32.470: epoch161 Q1:	0.8149	0.5519	0.6364	0.7315
2024-04-21 17:52:32.891: epoch162 Q1:	0.8150	0.5522	0.6366	0.7316
2024-04-21 17:52:33.309: epoch163 Q1:	0.8151	0.5524	0.6369	0.7316
2024-04-21 17:52:33.726: epoch164 Q1:	0.8152	0.5526	0.6371	0.7317
2024-04-21 17:52:34.140: epoch165 Q1:	0.8152	0.5526	0.6371	0.7317
2024-04-21 17:52:34.549: epoch166 Q1:	0.8153	0.5528	0.6373	0.7318
2024-04-21 17:52:34.959: epoch167 Q1:	0.8153	0.5528	0.6373	0.7318
2024-04-21 17:52:35.373: epoch168 Q1:	0.8153	0.5525	0.6370	0.7320
2024-04-21 17:52:35.790: epoch169 Q1:	0.8153	0.5526	0.6371	0.7320
2024-04-21 17:52:36.205: epoch170 Q1:	0.8153	0.5526	0.6371	0.7320
2024-04-21 17:52:36.618: epoch171 Q1:	0.8153	0.5525	0.6370	0.7320
2024-04-21 17:52:37.032: epoch172 Q1:	0.8153	0.5526	0.6371	0.7320
2024-04-21 17:52:37.450: epoch173 Q1:	0.8153	0.5525	0.6370	0.7320
2024-04-21 17:52:37.869: epoch174 Q1:	0.8152	0.5523	0.6368	0.7319
2024-04-21 17:52:38.187: epoch175 Q1:	0.8150	0.5519	0.6364	0.7317
2024-04-21 17:52:38.505: epoch176 Q1:	0.8155	0.5527	0.6371	0.7327
2024-04-21 17:52:38.924: epoch177 Q1:	0.8155	0.5527	0.6371	0.7327
2024-04-21 17:52:39.337: epoch178 Q1:	0.8155	0.5527	0.6371	0.7327
2024-04-21 17:52:39.749: epoch179 Q1:	0.8157	0.5532	0.6376	0.7329
2024-04-21 17:52:40.157: epoch180 Q1:	0.8157	0.5532	0.6375	0.7329
2024-04-21 17:52:40.572: epoch181 Q1:	0.8156	0.5532	0.6374	0.7328
2024-04-21 17:52:40.889: epoch182 Q1:	0.8160	0.5538	0.6381	0.7332
2024-04-21 17:52:41.303: epoch183 Q1:	0.8160	0.5539	0.6381	0.7332
2024-04-21 17:52:41.719: epoch184 Q1:	0.8161	0.5542	0.6384	0.7333
2024-04-21 17:52:42.134: epoch185 Q1:	0.8160	0.5542	0.6383	0.7332
2024-04-21 17:52:42.453: epoch186 Q1:	0.8162	0.5546	0.6388	0.7333
2024-04-21 17:52:42.869: epoch187 Q1:	0.8162	0.5546	0.6388	0.7333
2024-04-21 17:52:43.286: epoch188 Q1:	0.8163	0.5549	0.6390	0.7336
2024-04-21 17:52:43.702: epoch189 Q1:	0.8165	0.5553	0.6395	0.7337
2024-04-21 17:52:44.114: epoch190 Q1:	0.8163	0.5551	0.6393	0.7335
2024-04-21 17:52:44.431: epoch191 Q1:	0.8165	0.5556	0.6398	0.7337
2024-04-21 17:52:44.845: epoch192 Q1:	0.8167	0.5560	0.6402	0.7338
2024-04-21 17:52:45.257: epoch193 Q1:	0.8171	0.5562	0.6411	0.7343
2024-04-21 17:52:45.669: epoch194 Q1:	0.8168	0.5558	0.6406	0.7339
2024-04-21 17:52:45.985: epoch195 Q1:	0.8169	0.5560	0.6408	0.7341
2024-04-21 17:52:46.304: epoch196 Q1:	0.8171	0.5564	0.6413	0.7343
2024-04-21 17:52:46.714: epoch197 Q1:	0.8169	0.5562	0.6410	0.7341
2024-04-21 17:52:47.032: epoch198 Q1:	0.8171	0.5567	0.6415	0.7343
2024-04-21 17:52:47.446: epoch199 Q1:	0.8170	0.5564	0.6413	0.7342
2024-04-21 17:52:47.764: epoch200 Q1:	0.8171	0.5566	0.6415	0.7344
2024-04-21 17:52:48.178: epoch201 Q1:	0.8171	0.5567	0.6416	0.7344
2024-04-21 17:52:48.594: epoch202 Q1:	0.8171	0.5567	0.6416	0.7344
2024-04-21 17:52:49.007: epoch203 Q1:	0.8171	0.5566	0.6415	0.7344
2024-04-21 17:52:49.424: epoch204 Q1:	0.8172	0.5569	0.6418	0.7345
2024-04-21 17:52:49.838: epoch205 Q1:	0.8170	0.5566	0.6414	0.7343
2024-04-21 17:52:50.156: epoch206 Q1:	0.8172	0.5570	0.6418	0.7345
2024-04-21 17:52:50.570: epoch207 Q1:	0.8175	0.5577	0.6425	0.7347
2024-04-21 17:52:50.985: epoch208 Q1:	0.8174	0.5576	0.6423	0.7347
2024-04-21 17:52:51.303: epoch209 Q1:	0.8177	0.5581	0.6431	0.7349
2024-04-21 17:52:51.715: epoch210 Q1:	0.8176	0.5578	0.6428	0.7348
2024-04-21 17:52:52.033: epoch211 Q1:	0.8178	0.5580	0.6432	0.7350
2024-04-21 17:52:52.449: epoch212 Q1:	0.8175	0.5575	0.6424	0.7347
2024-04-21 17:52:52.765: epoch213 Q1:	0.8178	0.5582	0.6431	0.7352
2024-04-21 17:52:53.180: epoch214 Q1:	0.8179	0.5583	0.6433	0.7352
2024-04-21 17:52:53.596: epoch215 Q1:	0.8178	0.5580	0.6429	0.7353
2024-04-21 17:52:53.913: epoch216 Q1:	0.8177	0.5580	0.6428	0.7351
2024-04-21 17:52:54.231: epoch217 Q1:	0.8179	0.5581	0.6430	0.7356
2024-04-21 17:52:54.645: epoch218 Q1:	0.8181	0.5586	0.6435	0.7358
2024-04-21 17:52:55.063: epoch219 Q1:	0.8181	0.5587	0.6435	0.7358
2024-04-21 17:52:55.481: epoch220 Q1:	0.8178	0.5583	0.6427	0.7356
2024-04-21 17:52:55.799: epoch221 Q1:	0.8178	0.5583	0.6427	0.7356
2024-04-21 17:52:56.118: epoch222 Q1:	0.8179	0.5586	0.6430	0.7356
2024-04-21 17:52:56.436: epoch223 Q1:	0.8177	0.5582	0.6425	0.7355
2024-04-21 17:52:56.754: epoch224 Q1:	0.8177	0.5582	0.6425	0.7355
2024-04-21 17:52:57.073: epoch225 Q1:	0.8177	0.5582	0.6425	0.7355
2024-04-21 17:52:57.392: epoch226 Q1:	0.8178	0.5584	0.6426	0.7358
2024-04-21 17:52:57.710: epoch227 Q1:	0.8179	0.5587	0.6428	0.7358
2024-04-21 17:52:58.028: epoch228 Q1:	0.8177	0.5584	0.6425	0.7357
2024-04-21 17:52:58.346: epoch229 Q1:	0.8177	0.5584	0.6425	0.7357
2024-04-21 17:52:58.665: epoch230 Q1:	0.8177	0.5584	0.6425	0.7357
2024-04-21 17:52:58.981: epoch231 Q1:	0.8176	0.5582	0.6422	0.7356
2024-04-21 17:52:59.301: epoch232 Q1:	0.8176	0.5581	0.6422	0.7356
2024-04-21 17:52:59.619: epoch233 Q1:	0.8177	0.5582	0.6424	0.7356
2024-04-21 17:52:59.938: epoch234 Q1:	0.8176	0.5581	0.6422	0.7356
2024-04-21 17:53:00.256: epoch235 Q1:	0.8176	0.5581	0.6422	0.7356
2024-04-21 17:53:00.577: epoch236 Q1:	0.8175	0.5580	0.6421	0.7355
2024-04-21 17:53:00.896: epoch237 Q1:	0.8175	0.5580	0.6421	0.7355
2024-04-21 17:53:01.214: epoch238 Q1:	0.8174	0.5577	0.6419	0.7354
2024-04-21 17:53:01.533: epoch239 Q1:	0.8174	0.5577	0.6419	0.7354
2024-04-21 17:53:01.853: epoch240 Q1:	0.8175	0.5579	0.6421	0.7355
2024-04-21 17:53:02.171: epoch241 Q1:	0.8176	0.5582	0.6423	0.7355
2024-04-21 17:53:02.489: epoch242 Q1:	0.8176	0.5582	0.6423	0.7355
2024-04-21 17:53:02.810: epoch243 Q1:	0.8178	0.5590	0.6427	0.7357
2024-04-21 17:53:03.129: epoch244 Q1:	0.8175	0.5580	0.6420	0.7355
2024-04-21 17:53:03.448: epoch245 Q1:	0.8176	0.5584	0.6419	0.7358
2024-04-21 17:53:03.766: epoch246 Q1:	0.8177	0.5581	0.6422	0.7358
2024-04-21 17:53:04.084: epoch247 Q1:	0.8180	0.5585	0.6427	0.7361
2024-04-21 17:53:04.402: epoch248 Q1:	0.8180	0.5589	0.6426	0.7361
2024-04-21 17:53:04.720: epoch249 Q1:	0.8179	0.5586	0.6425	0.7360
2024-04-21 17:53:05.039: epoch250 Q1:	0.8178	0.5583	0.6421	0.7360
2024-04-21 17:53:05.358: epoch251 Q1:	0.8178	0.5583	0.6422	0.7359
2024-04-21 17:53:05.678: epoch252 Q1:	0.8178	0.5580	0.6422	0.7359
2024-04-21 17:53:05.996: epoch253 Q1:	0.8180	0.5586	0.6427	0.7361
2024-04-21 17:53:06.315: epoch254 Q1:	0.8180	0.5586	0.6427	0.7361
2024-04-21 17:53:06.634: epoch255 Q1:	0.8180	0.5586	0.6427	0.7361
2024-04-21 17:53:06.952: epoch256 Q1:	0.8180	0.5586	0.6427	0.7361
2024-04-21 17:53:07.272: epoch257 Q1:	0.8180	0.5585	0.6427	0.7361
2024-04-21 17:53:07.593: epoch258 Q1:	0.8179	0.5584	0.6425	0.7360
2024-04-21 17:53:07.912: epoch259 Q1:	0.8179	0.5584	0.6425	0.7360
2024-04-21 17:53:08.231: epoch260 Q1:	0.8177	0.5579	0.6422	0.7356
2024-04-21 17:53:08.550: epoch261 Q1:	0.8177	0.5578	0.6421	0.7356
2024-04-21 17:53:08.870: epoch262 Q1:	0.8178	0.5580	0.6424	0.7357
2024-04-21 17:53:09.188: epoch263 Q1:	0.8179	0.5580	0.6425	0.7360
2024-04-21 17:53:09.508: epoch264 Q1:	0.8179	0.5580	0.6425	0.7360
2024-04-21 17:53:09.826: epoch265 Q1:	0.8179	0.5581	0.6425	0.7360
2024-04-21 17:53:10.145: epoch266 Q1:	0.8179	0.5583	0.6426	0.7360
2024-04-21 17:53:10.463: epoch267 Q1:	0.8178	0.5581	0.6423	0.7359
2024-04-21 17:53:10.782: epoch268 Q1:	0.8179	0.5583	0.6426	0.7360
2024-04-21 17:53:11.100: epoch269 Q1:	0.8182	0.5588	0.6431	0.7364
2024-04-21 17:53:11.518: epoch270 Q1:	0.8184	0.5593	0.6436	0.7366
2024-04-21 17:53:11.936: epoch271 Q1:	0.8183	0.5590	0.6432	0.7367
2024-04-21 17:53:12.255: epoch272 Q1:	0.8183	0.5590	0.6432	0.7367
2024-04-21 17:53:12.576: epoch273 Q1:	0.8185	0.5596	0.6437	0.7368
2024-04-21 17:53:12.991: epoch274 Q1:	0.8184	0.5592	0.6434	0.7367
2024-04-21 17:53:13.309: epoch275 Q1:	0.8186	0.5599	0.6440	0.7369
2024-04-21 17:53:13.723: epoch276 Q1:	0.8185	0.5597	0.6437	0.7368
2024-04-21 17:53:14.041: epoch277 Q1:	0.8184	0.5596	0.6434	0.7368
2024-04-21 17:53:14.360: epoch278 Q1:	0.8184	0.5596	0.6435	0.7368
2024-04-21 17:53:14.679: epoch279 Q1:	0.8185	0.5598	0.6438	0.7368
2024-04-21 17:53:15.000: epoch280 Q1:	0.8185	0.5598	0.6438	0.7368
2024-04-21 17:53:15.320: epoch281 Q1:	0.8182	0.5592	0.6430	0.7366
2024-04-21 17:53:15.638: epoch282 Q1:	0.8182	0.5594	0.6432	0.7366
2024-04-21 17:53:15.958: epoch283 Q1:	0.8181	0.5591	0.6429	0.7365
2024-04-21 17:53:16.278: epoch284 Q1:	0.8179	0.5589	0.6426	0.7363
2024-04-21 17:53:16.597: epoch285 Q1:	0.8177	0.5586	0.6422	0.7361
2024-04-21 17:53:16.916: epoch286 Q1:	0.8178	0.5587	0.6424	0.7362
2024-04-21 17:53:17.237: epoch287 Q1:	0.8177	0.5586	0.6422	0.7361
2024-04-21 17:53:17.557: epoch288 Q1:	0.8178	0.5588	0.6424	0.7362
2024-04-21 17:53:17.876: epoch289 Q1:	0.8178	0.5588	0.6424	0.7362
2024-04-21 17:53:18.196: epoch290 Q1:	0.8178	0.5589	0.6425	0.7362
2024-04-21 17:53:18.515: epoch291 Q1:	0.8178	0.5589	0.6425	0.7362
2024-04-21 17:53:18.836: epoch292 Q1:	0.8178	0.5589	0.6425	0.7362
2024-04-21 17:53:19.155: epoch293 Q1:	0.8180	0.5595	0.6429	0.7364
2024-04-21 17:53:19.476: epoch294 Q1:	0.8184	0.5600	0.6436	0.7371
2024-04-21 17:53:19.795: epoch295 Q1:	0.8185	0.5604	0.6439	0.7372
2024-04-21 17:53:20.117: epoch296 Q1:	0.8184	0.5602	0.6436	0.7373
2024-04-21 17:53:20.435: epoch297 Q1:	0.8184	0.5601	0.6435	0.7373
2024-04-21 17:53:20.755: epoch298 Q1:	0.8185	0.5602	0.6437	0.7373
2024-04-21 17:53:21.074: epoch299 Q1:	0.8184	0.5601	0.6435	0.7373
2024-04-21 17:53:21.394: epoch300 Q1:	0.8184	0.5602	0.6436	0.7372
2024-04-21 17:53:21.715: epoch301 Q1:	0.8184	0.5601	0.6435	0.7373
2024-04-21 17:53:22.034: epoch302 Q1:	0.8184	0.5602	0.6436	0.7372
2024-04-21 17:53:22.354: epoch303 Q1:	0.8184	0.5602	0.6436	0.7372
2024-04-21 17:53:22.674: epoch304 Q1:	0.8183	0.5599	0.6433	0.7372
2024-04-21 17:53:22.995: epoch305 Q1:	0.8185	0.5604	0.6438	0.7373
2024-04-21 17:53:23.314: epoch306 Q1:	0.8185	0.5604	0.6438	0.7373
2024-04-21 17:53:23.636: epoch307 Q1:	0.8185	0.5604	0.6438	0.7373
2024-04-21 17:53:23.956: epoch308 Q1:	0.8185	0.5603	0.6437	0.7373
2024-04-21 17:53:24.274: epoch309 Q1:	0.8185	0.5603	0.6437	0.7373
2024-04-21 17:53:24.594: epoch310 Q1:	0.8186	0.5606	0.6440	0.7374
2024-04-21 17:53:25.018: epoch311 Q1:	0.8186	0.5606	0.6440	0.7374
2024-04-21 17:53:25.437: epoch312 Q1:	0.8186	0.5606	0.6440	0.7374
2024-04-21 17:53:25.857: epoch313 Q1:	0.8187	0.5608	0.6442	0.7375
2024-04-21 17:53:26.275: epoch314 Q1:	0.8187	0.5610	0.6444	0.7375
2024-04-21 17:53:26.693: epoch315 Q1:	0.8187	0.5610	0.6444	0.7375
2024-04-21 17:53:27.112: epoch316 Q1:	0.8187	0.5610	0.6444	0.7375
2024-04-21 17:53:27.534: epoch317 Q1:	0.8187	0.5610	0.6444	0.7375
2024-04-21 17:53:27.948: epoch318 Q1:	0.8190	0.5618	0.6452	0.7377
2024-04-21 17:53:28.364: epoch319 Q1:	0.8189	0.5615	0.6449	0.7376
2024-04-21 17:53:28.683: epoch320 Q1:	0.8191	0.5621	0.6454	0.7378
2024-04-21 17:53:29.100: epoch321 Q1:	0.8189	0.5616	0.6449	0.7376
2024-04-21 17:53:29.419: epoch322 Q1:	0.8189	0.5616	0.6449	0.7376
2024-04-21 17:53:29.738: epoch323 Q1:	0.8188	0.5613	0.6447	0.7376
2024-04-21 17:53:30.057: epoch324 Q1:	0.8190	0.5617	0.6450	0.7379
2024-04-21 17:53:30.376: epoch325 Q1:	0.8188	0.5614	0.6447	0.7377
2024-04-21 17:53:30.696: epoch326 Q1:	0.8189	0.5614	0.6448	0.7380
2024-04-21 17:53:31.016: epoch327 Q1:	0.8189	0.5615	0.6449	0.7379
2024-04-21 17:53:31.336: epoch328 Q1:	0.8188	0.5614	0.6447	0.7379
2024-04-21 17:53:31.656: epoch329 Q1:	0.8190	0.5617	0.6451	0.7380
2024-04-21 17:53:31.976: epoch330 Q1:	0.8189	0.5616	0.6449	0.7381
2024-04-21 17:53:32.297: epoch331 Q1:	0.8187	0.5613	0.6445	0.7379
2024-04-21 17:53:32.616: epoch332 Q1:	0.8190	0.5618	0.6451	0.7382
2024-04-21 17:53:32.936: epoch333 Q1:	0.8187	0.5614	0.6445	0.7379
2024-04-21 17:53:33.256: epoch334 Q1:	0.8188	0.5616	0.6448	0.7380
2024-04-21 17:53:33.576: epoch335 Q1:	0.8187	0.5615	0.6446	0.7379
2024-04-21 17:53:33.896: epoch336 Q1:	0.8185	0.5611	0.6441	0.7378
2024-04-21 17:53:34.216: epoch337 Q1:	0.8187	0.5614	0.6443	0.7381
2024-04-21 17:53:34.535: epoch338 Q1:	0.8185	0.5612	0.6440	0.7379
2024-04-21 17:53:34.856: epoch339 Q1:	0.8186	0.5613	0.6441	0.7380
2024-04-21 17:53:35.176: epoch340 Q1:	0.8185	0.5612	0.6440	0.7379
2024-04-21 17:53:35.497: epoch341 Q1:	0.8185	0.5612	0.6440	0.7379
2024-04-21 17:53:35.816: epoch342 Q1:	0.8185	0.5612	0.6440	0.7379
2024-04-21 17:53:36.136: epoch343 Q1:	0.8185	0.5611	0.6441	0.7379
2024-04-21 17:53:36.456: epoch344 Q1:	0.8185	0.5611	0.6440	0.7379
2024-04-21 17:53:36.777: epoch345 Q1:	0.8185	0.5612	0.6440	0.7379
2024-04-21 17:53:37.096: epoch346 Q1:	0.8185	0.5612	0.6440	0.7379
2024-04-21 17:53:37.416: epoch347 Q1:	0.8186	0.5615	0.6443	0.7380
2024-04-21 17:53:37.736: epoch348 Q1:	0.8185	0.5614	0.6443	0.7379
2024-04-21 17:53:38.056: epoch349 Q1:	0.8184	0.5612	0.6440	0.7378
2024-04-21 17:53:38.375: epoch350 Q1:	0.8183	0.5611	0.6438	0.7377
2024-04-21 17:53:38.696: epoch351 Q1:	0.8182	0.5608	0.6435	0.7377
2024-04-21 17:53:39.014: epoch352 Q1:	0.8183	0.5611	0.6437	0.7377
2024-04-21 17:53:39.334: epoch353 Q1:	0.8182	0.5608	0.6435	0.7377
2024-04-21 17:53:39.654: epoch354 Q1:	0.8182	0.5609	0.6435	0.7377
2024-04-21 17:53:39.975: epoch355 Q1:	0.8182	0.5608	0.6435	0.7377
2024-04-21 17:53:40.295: epoch356 Q1:	0.8181	0.5605	0.6432	0.7376
2024-04-21 17:53:40.615: epoch357 Q1:	0.8181	0.5606	0.6432	0.7376
2024-04-21 17:53:40.935: epoch358 Q1:	0.8181	0.5606	0.6432	0.7376
2024-04-21 17:53:41.255: epoch359 Q1:	0.8182	0.5608	0.6434	0.7377
2024-04-21 17:53:41.576: epoch360 Q1:	0.8184	0.5613	0.6439	0.7378
2024-04-21 17:53:41.895: epoch361 Q1:	0.8181	0.5607	0.6433	0.7375
2024-04-21 17:53:42.215: epoch362 Q1:	0.8182	0.5609	0.6436	0.7376
2024-04-21 17:53:42.535: epoch363 Q1:	0.8182	0.5610	0.6436	0.7376
2024-04-21 17:53:42.856: epoch364 Q1:	0.8183	0.5611	0.6438	0.7377
2024-04-21 17:53:43.179: epoch365 Q1:	0.8185	0.5615	0.6443	0.7379
2024-04-21 17:53:43.500: epoch366 Q1:	0.8183	0.5610	0.6438	0.7377
2024-04-21 17:53:43.820: epoch367 Q1:	0.8183	0.5609	0.6436	0.7379
2024-04-21 17:53:44.141: epoch368 Q1:	0.8184	0.5612	0.6438	0.7380
2024-04-21 17:53:44.465: epoch369 Q1:	0.8185	0.5614	0.6441	0.7381
2024-04-21 17:53:44.789: epoch370 Q1:	0.8183	0.5610	0.6436	0.7379
2024-04-21 17:53:45.110: epoch371 Q1:	0.8185	0.5615	0.6440	0.7381
2024-04-21 17:53:45.432: epoch372 Q1:	0.8184	0.5612	0.6439	0.7380
2024-04-21 17:53:45.752: epoch373 Q1:	0.8184	0.5608	0.6437	0.7381
2024-04-21 17:53:46.073: epoch374 Q1:	0.8184	0.5608	0.6437	0.7381
2024-04-21 17:53:46.393: epoch375 Q1:	0.8183	0.5609	0.6434	0.7381
2024-04-21 17:53:46.712: epoch376 Q1:	0.8183	0.5609	0.6434	0.7381
2024-04-21 17:53:47.034: epoch377 Q1:	0.8184	0.5610	0.6437	0.7382
2024-04-21 17:53:47.354: epoch378 Q1:	0.8181	0.5604	0.6429	0.7379
2024-04-21 17:53:47.674: epoch379 Q1:	0.8181	0.5604	0.6429	0.7379
2024-04-21 17:53:47.994: epoch380 Q1:	0.8182	0.5606	0.6431	0.7380
2024-04-21 17:53:48.315: epoch381 Q1:	0.8182	0.5605	0.6429	0.7382
2024-04-21 17:53:48.635: epoch382 Q1:	0.8182	0.5605	0.6429	0.7382
2024-04-21 17:53:48.955: epoch383 Q1:	0.8184	0.5608	0.6433	0.7384
2024-04-21 17:53:49.277: epoch384 Q1:	0.8184	0.5609	0.6435	0.7384
2024-04-21 17:53:49.598: epoch385 Q1:	0.8183	0.5607	0.6432	0.7383
2024-04-21 17:53:49.918: epoch386 Q1:	0.8182	0.5605	0.6429	0.7382
2024-04-21 17:53:50.239: epoch387 Q1:	0.8181	0.5603	0.6427	0.7381
2024-04-21 17:53:50.559: epoch388 Q1:	0.8181	0.5603	0.6427	0.7381
2024-04-21 17:53:50.880: epoch389 Q1:	0.8181	0.5604	0.6428	0.7381
2024-04-21 17:53:51.201: epoch390 Q1:	0.8182	0.5606	0.6431	0.7382
2024-04-21 17:53:51.524: epoch391 Q1:	0.8184	0.5609	0.6433	0.7385
2024-04-21 17:53:51.846: epoch392 Q1:	0.8184	0.5609	0.6433	0.7385
2024-04-21 17:53:52.167: epoch393 Q1:	0.8183	0.5607	0.6430	0.7385
2024-04-21 17:53:52.487: epoch394 Q1:	0.8183	0.5608	0.6431	0.7384
2024-04-21 17:53:52.808: epoch395 Q1:	0.8183	0.5608	0.6431	0.7384
2024-04-21 17:53:53.128: epoch396 Q1:	0.8184	0.5609	0.6435	0.7385
2024-04-21 17:53:53.450: epoch397 Q1:	0.8184	0.5609	0.6435	0.7385
2024-04-21 17:53:53.771: epoch398 Q1:	0.8185	0.5610	0.6437	0.7386
2024-04-21 17:53:54.091: epoch399 Q1:	0.8185	0.5610	0.6437	0.7386
2024-04-21 17:53:54.092: Best Acc is at epoch320:	0.8191	0.5621	0.6454	0.7378
