2024-04-21 18:03:22.169: Namespace(name='usps', cuda=True, n_z=10, alpha=0.1, beta=0.05, lr=0.001, n_clusters=10, n_input=256)				
2024-04-21 18:03:22.169: metrics:	 acc	 nmi	 ari	 f1
2024-04-21 18:03:22.545: Initialization: 0.7364	0.7063	0.6359	0.7233	0.7063
2024-04-21 18:03:23.362: epoch0 Q1:	0.7364	0.7063	0.6359	0.7233
2024-04-21 18:03:23.750: epoch1 Q1:	0.6765	0.6495	0.5633	0.671
2024-04-21 18:03:24.059: epoch2 Q1:	0.7164	0.68	0.6085	0.7033
2024-04-21 18:03:24.366: epoch3 Q1:	0.7347	0.695	0.6205	0.7174
2024-04-21 18:03:24.673: epoch4 Q1:	0.7417	0.6975	0.6204	0.7218
2024-04-21 18:03:25.043: epoch5 Q1:	0.7408	0.6961	0.6171	0.7213
2024-04-21 18:03:25.351: epoch6 Q1:	0.7345	0.6917	0.6094	0.7173
2024-04-21 18:03:25.661: epoch7 Q1:	0.7298	0.6881	0.6038	0.7135
2024-04-21 18:03:25.971: epoch8 Q1:	0.7327	0.6906	0.6096	0.715
2024-04-21 18:03:26.280: epoch9 Q1:	0.7316	0.69	0.6101	0.7133
2024-04-21 18:03:26.589: epoch10 Q1:	0.7327	0.693	0.614	0.7147
2024-04-21 18:03:26.895: epoch11 Q1:	0.7257	0.6886	0.6085	0.7102
2024-04-21 18:03:27.204: epoch12 Q1:	0.7237	0.689	0.6102	0.7091
2024-04-21 18:03:27.512: epoch13 Q1:	0.7237	0.6896	0.6111	0.7095
2024-04-21 18:03:27.820: epoch14 Q1:	0.7199	0.6822	0.6024	0.7057
2024-04-21 18:03:28.129: epoch15 Q1:	0.7195	0.6806	0.6003	0.7048
2024-04-21 18:03:28.438: epoch16 Q1:	0.7204	0.6811	0.6027	0.7058
2024-04-21 18:03:28.746: epoch17 Q1:	0.7183	0.6802	0.6034	0.7048
2024-04-21 18:03:29.056: epoch18 Q1:	0.7196	0.6812	0.6054	0.7059
2024-04-21 18:03:29.365: epoch19 Q1:	0.7192	0.6816	0.6057	0.7059
2024-04-21 18:03:29.674: epoch20 Q1:	0.7159	0.6768	0.6005	0.7035
2024-04-21 18:03:29.982: epoch21 Q1:	0.7156	0.6762	0.5992	0.7027
2024-04-21 18:03:30.290: epoch22 Q1:	0.7198	0.6797	0.6032	0.7057
2024-04-21 18:03:30.600: epoch23 Q1:	0.7204	0.68	0.6042	0.7066
2024-04-21 18:03:30.910: epoch24 Q1:	0.7195	0.6784	0.6032	0.7062
2024-04-21 18:03:31.220: epoch25 Q1:	0.7214	0.6815	0.6064	0.7078
2024-04-21 18:03:31.528: epoch26 Q1:	0.7223	0.6822	0.6075	0.7087
2024-04-21 18:03:31.837: epoch27 Q1:	0.7222	0.683	0.6089	0.7088
2024-04-21 18:03:32.146: epoch28 Q1:	0.7228	0.684	0.6106	0.7093
2024-04-21 18:03:32.455: epoch29 Q1:	0.7234	0.6851	0.6123	0.7099
2024-04-21 18:03:32.763: epoch30 Q1:	0.7222	0.6844	0.6127	0.7094
2024-04-21 18:03:33.071: epoch31 Q1:	0.7237	0.6856	0.6146	0.7108
2024-04-21 18:03:33.381: epoch32 Q1:	0.7245	0.6868	0.6159	0.7116
2024-04-21 18:03:33.689: epoch33 Q1:	0.724	0.6866	0.6166	0.7121
2024-04-21 18:03:33.999: epoch34 Q1:	0.7243	0.6864	0.617	0.7126
2024-04-21 18:03:34.306: epoch35 Q1:	0.7257	0.687	0.6185	0.7138
2024-04-21 18:03:34.615: epoch36 Q1:	0.7256	0.6881	0.6203	0.7142
2024-04-21 18:03:34.925: epoch37 Q1:	0.7255	0.6889	0.6223	0.7148
2024-04-21 18:03:35.233: epoch38 Q1:	0.7261	0.6914	0.6251	0.7154
2024-04-21 18:03:35.544: epoch39 Q1:	0.7262	0.693	0.6268	0.7128
2024-04-21 18:03:35.852: epoch40 Q1:	0.7284	0.696	0.6308	0.7149
2024-04-21 18:03:36.162: epoch41 Q1:	0.7302	0.6983	0.6335	0.7165
2024-04-21 18:03:36.471: epoch42 Q1:	0.7314	0.6991	0.6347	0.7173
2024-04-21 18:03:36.780: epoch43 Q1:	0.7323	0.7018	0.6379	0.7184
2024-04-21 18:03:37.089: epoch44 Q1:	0.7336	0.7014	0.6373	0.7178
2024-04-21 18:03:37.397: epoch45 Q1:	0.7337	0.7048	0.6411	0.7194
2024-04-21 18:03:37.707: epoch46 Q1:	0.7342	0.7038	0.6397	0.7186
2024-04-21 18:03:38.016: epoch47 Q1:	0.7336	0.7064	0.6429	0.7195
2024-04-21 18:03:38.326: epoch48 Q1:	0.7356	0.7089	0.6459	0.7212
2024-04-21 18:03:38.635: epoch49 Q1:	0.7361	0.7108	0.646	0.7201
2024-04-21 18:03:38.947: epoch50 Q1:	0.7371	0.7152	0.6506	0.7219
2024-04-21 18:03:39.258: epoch51 Q1:	0.7378	0.7157	0.6525	0.7237
2024-04-21 18:03:39.567: epoch52 Q1:	0.7405	0.7156	0.6518	0.7245
2024-04-21 18:03:39.877: epoch53 Q1:	0.741	0.7194	0.6543	0.7243
2024-04-21 18:03:40.189: epoch54 Q1:	0.7397	0.7218	0.6567	0.7249
2024-04-21 18:03:40.499: epoch55 Q1:	0.7422	0.7235	0.6591	0.7274
2024-04-21 18:03:40.871: epoch56 Q1:	0.745	0.7223	0.6584	0.7285
2024-04-21 18:03:41.248: epoch57 Q1:	0.7456	0.7254	0.6606	0.7291
2024-04-21 18:03:41.621: epoch58 Q1:	0.7444	0.7293	0.6633	0.7291
2024-04-21 18:03:41.929: epoch59 Q1:	0.7451	0.7295	0.6639	0.7297
2024-04-21 18:03:42.238: epoch60 Q1:	0.7481	0.7296	0.665	0.732
2024-04-21 18:03:42.610: epoch61 Q1:	0.7491	0.732	0.6663	0.7326
2024-04-21 18:03:42.987: epoch62 Q1:	0.748	0.7363	0.669	0.7326
2024-04-21 18:03:43.297: epoch63 Q1:	0.7476	0.7361	0.6689	0.7322
2024-04-21 18:03:43.606: epoch64 Q1:	0.7489	0.7351	0.6686	0.7331
2024-04-21 18:03:43.916: epoch65 Q1:	0.7506	0.7371	0.6704	0.7345
2024-04-21 18:03:44.291: epoch66 Q1:	0.751	0.7398	0.6722	0.7351
2024-04-21 18:03:44.664: epoch67 Q1:	0.7491	0.7403	0.6723	0.7342
2024-04-21 18:03:44.976: epoch68 Q1:	0.7506	0.7403	0.6723	0.7351
2024-04-21 18:03:45.285: epoch69 Q1:	0.7519	0.7421	0.6739	0.7362
2024-04-21 18:03:45.660: epoch70 Q1:	0.7522	0.7434	0.6748	0.7368
2024-04-21 18:03:46.030: epoch71 Q1:	0.7524	0.7467	0.6776	0.7382
2024-04-21 18:03:46.406: epoch72 Q1:	0.7535	0.7452	0.676	0.7382
2024-04-21 18:03:46.780: epoch73 Q1:	0.7535	0.7474	0.6784	0.739
2024-04-21 18:03:47.153: epoch74 Q1:	0.7541	0.7468	0.6774	0.7391
2024-04-21 18:03:47.525: epoch75 Q1:	0.7526	0.7474	0.6775	0.7384
2024-04-21 18:03:47.835: epoch76 Q1:	0.7537	0.749	0.6794	0.7395
2024-04-21 18:03:48.145: epoch77 Q1:	0.7554	0.7473	0.6782	0.7402
2024-04-21 18:03:48.518: epoch78 Q1:	0.754	0.7492	0.6795	0.7399
2024-04-21 18:03:48.827: epoch79 Q1:	0.7534	0.7498	0.6801	0.7398
2024-04-21 18:03:49.137: epoch80 Q1:	0.7556	0.7493	0.6801	0.7409
2024-04-21 18:03:49.509: epoch81 Q1:	0.7554	0.7502	0.6805	0.741
2024-04-21 18:03:49.819: epoch82 Q1:	0.7539	0.7506	0.6806	0.7404
2024-04-21 18:03:50.128: epoch83 Q1:	0.7551	0.7513	0.6816	0.7412
2024-04-21 18:03:50.439: epoch84 Q1:	0.7561	0.7516	0.6821	0.7416
2024-04-21 18:03:50.814: epoch85 Q1:	0.7551	0.752	0.6821	0.741
2024-04-21 18:03:51.123: epoch86 Q1:	0.7546	0.7508	0.681	0.7408
2024-04-21 18:03:51.433: epoch87 Q1:	0.7547	0.7515	0.6813	0.7407
2024-04-21 18:03:51.743: epoch88 Q1:	0.7563	0.7532	0.6829	0.7418
2024-04-21 18:03:52.118: epoch89 Q1:	0.7558	0.753	0.6827	0.7415
2024-04-21 18:03:52.426: epoch90 Q1:	0.7544	0.752	0.6813	0.7405
2024-04-21 18:03:52.737: epoch91 Q1:	0.7564	0.7526	0.6822	0.7418
2024-04-21 18:03:53.108: epoch92 Q1:	0.7572	0.754	0.6834	0.7424
2024-04-21 18:03:53.486: epoch93 Q1:	0.7562	0.754	0.6831	0.7417
2024-04-21 18:03:53.798: epoch94 Q1:	0.7551	0.7529	0.682	0.7408
2024-04-21 18:03:54.107: epoch95 Q1:	0.756	0.7538	0.6826	0.7415
2024-04-21 18:03:54.418: epoch96 Q1:	0.7565	0.7529	0.682	0.7414
2024-04-21 18:03:54.728: epoch97 Q1:	0.756	0.7532	0.682	0.7412
2024-04-21 18:03:55.039: epoch98 Q1:	0.7556	0.7539	0.6825	0.7411
2024-04-21 18:03:55.348: epoch99 Q1:	0.7563	0.7537	0.6827	0.7416
2024-04-21 18:03:55.661: epoch100 Q1:	0.7566	0.7542	0.6826	0.7417
2024-04-21 18:03:55.973: epoch101 Q1:	0.7569	0.7548	0.6834	0.7421
2024-04-21 18:03:56.283: epoch102 Q1:	0.7566	0.7548	0.6834	0.7418
2024-04-21 18:03:56.594: epoch103 Q1:	0.7569	0.7551	0.6837	0.7421
2024-04-21 18:03:56.903: epoch104 Q1:	0.7575	0.7556	0.6842	0.7425
2024-04-21 18:03:57.279: epoch105 Q1:	0.7584	0.7555	0.6846	0.7429
2024-04-21 18:03:57.652: epoch106 Q1:	0.7568	0.7561	0.6842	0.7423
2024-04-21 18:03:57.962: epoch107 Q1:	0.7594	0.756	0.6849	0.7434
2024-04-21 18:03:58.339: epoch108 Q1:	0.7579	0.7568	0.6851	0.7432
2024-04-21 18:03:58.649: epoch109 Q1:	0.7599	0.7585	0.6871	0.7446
2024-04-21 18:03:59.023: epoch110 Q1:	0.7607	0.7571	0.6862	0.7446
2024-04-21 18:03:59.398: epoch111 Q1:	0.7598	0.7588	0.6868	0.7445
2024-04-21 18:03:59.707: epoch112 Q1:	0.7605	0.7587	0.6871	0.7449
2024-04-21 18:04:00.020: epoch113 Q1:	0.7613	0.7582	0.687	0.7449
2024-04-21 18:04:00.393: epoch114 Q1:	0.7612	0.7596	0.6875	0.7453
2024-04-21 18:04:00.702: epoch115 Q1:	0.761	0.7591	0.687	0.7451
2024-04-21 18:04:01.015: epoch116 Q1:	0.7629	0.7593	0.6882	0.7461
2024-04-21 18:04:01.391: epoch117 Q1:	0.7622	0.7598	0.688	0.7459
2024-04-21 18:04:01.702: epoch118 Q1:	0.7623	0.7598	0.6875	0.7455
2024-04-21 18:04:02.014: epoch119 Q1:	0.763	0.7596	0.6877	0.7461
2024-04-21 18:04:02.386: epoch120 Q1:	0.7631	0.7599	0.6879	0.7458
2024-04-21 18:04:02.762: epoch121 Q1:	0.763	0.76	0.6878	0.7459
2024-04-21 18:04:03.072: epoch122 Q1:	0.7641	0.7609	0.6886	0.7464
2024-04-21 18:04:03.446: epoch123 Q1:	0.7644	0.7612	0.689	0.7468
2024-04-21 18:04:03.823: epoch124 Q1:	0.7656	0.7618	0.6898	0.7474
2024-04-21 18:04:04.198: epoch125 Q1:	0.7656	0.7627	0.6907	0.7479
2024-04-21 18:04:04.575: epoch126 Q1:	0.7669	0.7619	0.6906	0.748
2024-04-21 18:04:04.947: epoch127 Q1:	0.7664	0.7624	0.6906	0.7483
2024-04-21 18:04:05.259: epoch128 Q1:	0.7668	0.763	0.6909	0.748
2024-04-21 18:04:05.571: epoch129 Q1:	0.7679	0.7616	0.6902	0.7478
2024-04-21 18:04:05.944: epoch130 Q1:	0.7664	0.764	0.6915	0.7485
2024-04-21 18:04:06.256: epoch131 Q1:	0.7693	0.7641	0.6921	0.7489
2024-04-21 18:04:06.631: epoch132 Q1:	0.7686	0.764	0.6917	0.7483
2024-04-21 18:04:06.942: epoch133 Q1:	0.7672	0.7635	0.691	0.7483
2024-04-21 18:04:07.258: epoch134 Q1:	0.7687	0.7643	0.6917	0.7484
2024-04-21 18:04:07.570: epoch135 Q1:	0.7691	0.7649	0.6918	0.7483
2024-04-21 18:04:07.881: epoch136 Q1:	0.7687	0.7627	0.6908	0.7486
2024-04-21 18:04:08.192: epoch137 Q1:	0.7691	0.7632	0.6912	0.7487
2024-04-21 18:04:08.502: epoch138 Q1:	0.7692	0.7644	0.6914	0.7481
2024-04-21 18:04:08.815: epoch139 Q1:	0.7696	0.763	0.6905	0.7483
2024-04-21 18:04:09.187: epoch140 Q1:	0.7695	0.7628	0.6906	0.7484
2024-04-21 18:04:09.497: epoch141 Q1:	0.7697	0.7637	0.6912	0.7483
2024-04-21 18:04:09.878: epoch142 Q1:	0.7703	0.7645	0.6916	0.7481
2024-04-21 18:04:10.251: epoch143 Q1:	0.7705	0.7649	0.6921	0.7488
2024-04-21 18:04:10.626: epoch144 Q1:	0.772	0.7659	0.6934	0.7497
2024-04-21 18:04:10.999: epoch145 Q1:	0.7722	0.7654	0.6932	0.7492
2024-04-21 18:04:11.377: epoch146 Q1:	0.772	0.7651	0.6929	0.7491
2024-04-21 18:04:11.688: epoch147 Q1:	0.7733	0.7659	0.6938	0.7497
2024-04-21 18:04:12.062: epoch148 Q1:	0.7737	0.7658	0.6941	0.7502
2024-04-21 18:04:12.437: epoch149 Q1:	0.7736	0.7662	0.6942	0.7498
2024-04-21 18:04:12.749: epoch150 Q1:	0.7737	0.7659	0.6941	0.7495
2024-04-21 18:04:13.124: epoch151 Q1:	0.7739	0.7659	0.6941	0.7496
2024-04-21 18:04:13.498: epoch152 Q1:	0.775	0.7664	0.695	0.75
2024-04-21 18:04:13.876: epoch153 Q1:	0.7748	0.7662	0.6947	0.7497
2024-04-21 18:04:14.185: epoch154 Q1:	0.7749	0.766	0.6947	0.7497
2024-04-21 18:04:14.496: epoch155 Q1:	0.7746	0.7661	0.6944	0.7491
2024-04-21 18:04:14.810: epoch156 Q1:	0.7751	0.7665	0.6948	0.7492
2024-04-21 18:04:15.183: epoch157 Q1:	0.775	0.7665	0.695	0.7496
2024-04-21 18:04:15.494: epoch158 Q1:	0.7754	0.7662	0.6949	0.749
2024-04-21 18:04:15.870: epoch159 Q1:	0.7751	0.7661	0.6946	0.7491
2024-04-21 18:04:16.180: epoch160 Q1:	0.776	0.7665	0.6953	0.7493
2024-04-21 18:04:16.556: epoch161 Q1:	0.7749	0.767	0.6952	0.7492
2024-04-21 18:04:16.869: epoch162 Q1:	0.777	0.7672	0.6959	0.7487
2024-04-21 18:04:17.242: epoch163 Q1:	0.7754	0.7669	0.6951	0.7489
2024-04-21 18:04:17.556: epoch164 Q1:	0.7765	0.7679	0.6966	0.7494
2024-04-21 18:04:17.868: epoch165 Q1:	0.7765	0.7666	0.6954	0.7482
2024-04-21 18:04:18.181: epoch166 Q1:	0.7765	0.767	0.6959	0.7493
2024-04-21 18:04:18.494: epoch167 Q1:	0.7766	0.7674	0.6965	0.7493
2024-04-21 18:04:18.808: epoch168 Q1:	0.7772	0.768	0.6966	0.749
2024-04-21 18:04:19.181: epoch169 Q1:	0.777	0.7677	0.6964	0.7491
2024-04-21 18:04:19.491: epoch170 Q1:	0.7766	0.7669	0.696	0.7488
2024-04-21 18:04:19.804: epoch171 Q1:	0.7776	0.7683	0.6969	0.749
2024-04-21 18:04:20.177: epoch172 Q1:	0.7779	0.7686	0.6974	0.7495
2024-04-21 18:04:20.556: epoch173 Q1:	0.7773	0.7677	0.6965	0.7488
2024-04-21 18:04:20.867: epoch174 Q1:	0.7777	0.7678	0.6969	0.7488
2024-04-21 18:04:21.177: epoch175 Q1:	0.7781	0.7686	0.6977	0.7494
2024-04-21 18:04:21.556: epoch176 Q1:	0.7788	0.7684	0.6979	0.7496
2024-04-21 18:04:21.930: epoch177 Q1:	0.7788	0.7692	0.6984	0.7498
2024-04-21 18:04:22.306: epoch178 Q1:	0.7792	0.7694	0.6986	0.7499
2024-04-21 18:04:22.679: epoch179 Q1:	0.7797	0.7698	0.6994	0.7502
2024-04-21 18:04:23.053: epoch180 Q1:	0.7793	0.7702	0.6994	0.7502
2024-04-21 18:04:23.366: epoch181 Q1:	0.78	0.7698	0.6994	0.7501
2024-04-21 18:04:23.740: epoch182 Q1:	0.78	0.7694	0.6993	0.75
2024-04-21 18:04:24.115: epoch183 Q1:	0.7796	0.7706	0.6997	0.7502
2024-04-21 18:04:24.427: epoch184 Q1:	0.7807	0.7705	0.7004	0.7506
2024-04-21 18:04:24.801: epoch185 Q1:	0.7806	0.7702	0.7001	0.7506
2024-04-21 18:04:25.112: epoch186 Q1:	0.7807	0.7701	0.7	0.7502
2024-04-21 18:04:25.488: epoch187 Q1:	0.7805	0.7716	0.7009	0.7505
2024-04-21 18:04:25.799: epoch188 Q1:	0.7819	0.771	0.7015	0.7513
2024-04-21 18:04:26.174: epoch189 Q1:	0.7819	0.7722	0.7019	0.7511
2024-04-21 18:04:26.548: epoch190 Q1:	0.7816	0.7716	0.7014	0.7508
2024-04-21 18:04:26.860: epoch191 Q1:	0.7824	0.7709	0.7019	0.751
2024-04-21 18:04:27.235: epoch192 Q1:	0.782	0.7725	0.7021	0.7511
2024-04-21 18:04:27.546: epoch193 Q1:	0.7824	0.771	0.7018	0.7511
2024-04-21 18:04:27.923: epoch194 Q1:	0.7826	0.7713	0.7022	0.751
2024-04-21 18:04:28.297: epoch195 Q1:	0.7819	0.7725	0.702	0.751
2024-04-21 18:04:28.609: epoch196 Q1:	0.784	0.7725	0.7038	0.7523
2024-04-21 18:04:28.984: epoch197 Q1:	0.7831	0.7729	0.703	0.7517
2024-04-21 18:04:29.294: epoch198 Q1:	0.783	0.7727	0.703	0.7515
2024-04-21 18:04:29.607: epoch199 Q1:	0.7843	0.7735	0.7044	0.7525
2024-04-21 18:04:29.980: epoch200 Q1:	0.7838	0.7745	0.7042	0.7522
2024-04-21 18:04:30.291: epoch201 Q1:	0.7847	0.774	0.7051	0.7527
2024-04-21 18:04:30.666: epoch202 Q1:	0.7845	0.7744	0.7052	0.7528
2024-04-21 18:04:30.977: epoch203 Q1:	0.785	0.7756	0.7057	0.7529
2024-04-21 18:04:31.352: epoch204 Q1:	0.7863	0.7762	0.7075	0.754
2024-04-21 18:04:31.727: epoch205 Q1:	0.7858	0.7762	0.7069	0.7537
2024-04-21 18:04:32.037: epoch206 Q1:	0.7866	0.7774	0.7084	0.7542
2024-04-21 18:04:32.416: epoch207 Q1:	0.7874	0.7781	0.7085	0.7556
2024-04-21 18:04:32.791: epoch208 Q1:	0.7874	0.778	0.7092	0.7547
2024-04-21 18:04:33.168: epoch209 Q1:	0.7868	0.7776	0.7078	0.7547
2024-04-21 18:04:33.479: epoch210 Q1:	0.788	0.7785	0.7097	0.7555
2024-04-21 18:04:33.854: epoch211 Q1:	0.7873	0.7777	0.709	0.7545
2024-04-21 18:04:34.167: epoch212 Q1:	0.7882	0.7782	0.7093	0.756
2024-04-21 18:04:34.543: epoch213 Q1:	0.7886	0.778	0.71	0.7561
2024-04-21 18:04:34.917: epoch214 Q1:	0.7882	0.7777	0.7097	0.7552
2024-04-21 18:04:35.231: epoch215 Q1:	0.789	0.7779	0.7099	0.7562
2024-04-21 18:04:35.607: epoch216 Q1:	0.7889	0.7782	0.71	0.7569
2024-04-21 18:04:35.918: epoch217 Q1:	0.7894	0.7784	0.7109	0.7562
2024-04-21 18:04:36.292: epoch218 Q1:	0.7894	0.7789	0.7109	0.7568
2024-04-21 18:04:36.668: epoch219 Q1:	0.7898	0.7789	0.7113	0.7573
2024-04-21 18:04:37.043: epoch220 Q1:	0.7905	0.7792	0.7121	0.7577
2024-04-21 18:04:37.420: epoch221 Q1:	0.7902	0.7801	0.7118	0.7575
2024-04-21 18:04:37.731: epoch222 Q1:	0.7904	0.779	0.7116	0.7574
2024-04-21 18:04:38.043: epoch223 Q1:	0.7902	0.7797	0.7121	0.7578
2024-04-21 18:04:38.355: epoch224 Q1:	0.791	0.7796	0.7123	0.7579
2024-04-21 18:04:38.729: epoch225 Q1:	0.7903	0.7803	0.7119	0.7578
2024-04-21 18:04:39.044: epoch226 Q1:	0.7917	0.7801	0.7134	0.7583
2024-04-21 18:04:39.426: epoch227 Q1:	0.7912	0.7815	0.713	0.7586
2024-04-21 18:04:39.738: epoch228 Q1:	0.792	0.78	0.7134	0.758
2024-04-21 18:04:40.113: epoch229 Q1:	0.7916	0.7827	0.714	0.7592
2024-04-21 18:04:40.427: epoch230 Q1:	0.7922	0.7805	0.714	0.7586
2024-04-21 18:04:40.803: epoch231 Q1:	0.7922	0.7809	0.7136	0.7589
2024-04-21 18:04:41.174: epoch232 Q1:	0.7929	0.7834	0.7156	0.76
2024-04-21 18:04:41.550: epoch233 Q1:	0.7928	0.7814	0.7148	0.7591
2024-04-21 18:04:41.863: epoch234 Q1:	0.7932	0.7828	0.7155	0.7601
2024-04-21 18:04:42.240: epoch235 Q1:	0.7938	0.7831	0.716	0.7605
2024-04-21 18:04:42.617: epoch236 Q1:	0.7931	0.782	0.715	0.7597
2024-04-21 18:04:42.928: epoch237 Q1:	0.7936	0.7829	0.716	0.7603
2024-04-21 18:04:43.242: epoch238 Q1:	0.7939	0.7831	0.7162	0.7604
2024-04-21 18:04:43.617: epoch239 Q1:	0.7945	0.784	0.7171	0.7613
2024-04-21 18:04:43.995: epoch240 Q1:	0.7947	0.784	0.7173	0.761
2024-04-21 18:04:44.369: epoch241 Q1:	0.7941	0.7833	0.7165	0.7607
2024-04-21 18:04:44.681: epoch242 Q1:	0.7948	0.7845	0.7174	0.7615
2024-04-21 18:04:45.055: epoch243 Q1:	0.7948	0.7843	0.7173	0.7616
2024-04-21 18:04:45.434: epoch244 Q1:	0.7957	0.7852	0.7186	0.7622
2024-04-21 18:04:45.809: epoch245 Q1:	0.7952	0.7845	0.7176	0.7617
2024-04-21 18:04:46.122: epoch246 Q1:	0.7952	0.7842	0.7177	0.7618
2024-04-21 18:04:46.433: epoch247 Q1:	0.7959	0.7845	0.7182	0.7621
2024-04-21 18:04:46.809: epoch248 Q1:	0.7957	0.7851	0.7183	0.7623
2024-04-21 18:04:47.122: epoch249 Q1:	0.7963	0.7844	0.7186	0.7623
2024-04-21 18:04:47.499: epoch250 Q1:	0.7962	0.785	0.7187	0.7625
2024-04-21 18:04:47.813: epoch251 Q1:	0.7969	0.785	0.7193	0.7629
2024-04-21 18:04:48.187: epoch252 Q1:	0.7968	0.7862	0.72	0.763
2024-04-21 18:04:48.501: epoch253 Q1:	0.7972	0.785	0.7193	0.7628
2024-04-21 18:04:48.874: epoch254 Q1:	0.7958	0.7859	0.719	0.7628
2024-04-21 18:04:49.186: epoch255 Q1:	0.7979	0.7856	0.7205	0.7635
2024-04-21 18:04:49.563: epoch256 Q1:	0.7969	0.7858	0.7197	0.7632
2024-04-21 18:04:49.873: epoch257 Q1:	0.7981	0.787	0.7215	0.7639
2024-04-21 18:04:50.250: epoch258 Q1:	0.7977	0.7864	0.7206	0.7637
2024-04-21 18:04:50.563: epoch259 Q1:	0.7985	0.7872	0.7217	0.7642
2024-04-21 18:04:50.941: epoch260 Q1:	0.7968	0.787	0.7201	0.7637
2024-04-21 18:04:51.252: epoch261 Q1:	0.7987	0.7864	0.7214	0.764
2024-04-21 18:04:51.630: epoch262 Q1:	0.7969	0.7874	0.7208	0.764
2024-04-21 18:04:51.945: epoch263 Q1:	0.7983	0.7872	0.7215	0.7643
2024-04-21 18:04:52.258: epoch264 Q1:	0.7996	0.7881	0.723	0.7653
2024-04-21 18:04:52.634: epoch265 Q1:	0.7978	0.7878	0.7213	0.7645
2024-04-21 18:04:52.947: epoch266 Q1:	0.7992	0.7876	0.7226	0.7649
2024-04-21 18:04:53.261: epoch267 Q1:	0.7994	0.7886	0.7229	0.7655
2024-04-21 18:04:53.574: epoch268 Q1:	0.7988	0.7878	0.7222	0.7648
2024-04-21 18:04:53.886: epoch269 Q1:	0.8	0.7885	0.7235	0.7657
2024-04-21 18:04:54.263: epoch270 Q1:	0.7994	0.7886	0.7229	0.7656
2024-04-21 18:04:54.575: epoch271 Q1:	0.7994	0.7883	0.7229	0.7653
2024-04-21 18:04:54.887: epoch272 Q1:	0.8001	0.7891	0.7237	0.7659
2024-04-21 18:04:55.264: epoch273 Q1:	0.7992	0.7881	0.7226	0.7653
2024-04-21 18:04:55.577: epoch274 Q1:	0.8	0.789	0.7237	0.7659
2024-04-21 18:04:55.889: epoch275 Q1:	0.7997	0.7882	0.723	0.7655
2024-04-21 18:04:56.202: epoch276 Q1:	0.7996	0.7887	0.7232	0.7656
2024-04-21 18:04:56.514: epoch277 Q1:	0.8005	0.7892	0.7241	0.7661
2024-04-21 18:04:56.891: epoch278 Q1:	0.8	0.7896	0.7238	0.7661
2024-04-21 18:04:57.203: epoch279 Q1:	0.8006	0.7881	0.7235	0.7658
2024-04-21 18:04:57.580: epoch280 Q1:	0.8004	0.7906	0.7247	0.767
2024-04-21 18:04:57.891: epoch281 Q1:	0.802	0.7893	0.7253	0.7667
2024-04-21 18:04:58.267: epoch282 Q1:	0.8007	0.7903	0.7248	0.767
2024-04-21 18:04:58.582: epoch283 Q1:	0.8016	0.7907	0.7257	0.7675
2024-04-21 18:04:58.895: epoch284 Q1:	0.8003	0.7893	0.724	0.7662
2024-04-21 18:04:59.208: epoch285 Q1:	0.8	0.7893	0.7236	0.766
2024-04-21 18:04:59.523: epoch286 Q1:	0.8011	0.79	0.7253	0.7672
2024-04-21 18:04:59.836: epoch287 Q1:	0.8008	0.7898	0.7246	0.7672
2024-04-21 18:05:00.151: epoch288 Q1:	0.8007	0.7903	0.7247	0.7666
2024-04-21 18:05:00.464: epoch289 Q1:	0.8019	0.7912	0.7263	0.7679
2024-04-21 18:05:00.778: epoch290 Q1:	0.8017	0.791	0.7259	0.7681
2024-04-21 18:05:01.090: epoch291 Q1:	0.8016	0.7907	0.7257	0.7675
2024-04-21 18:05:01.404: epoch292 Q1:	0.8019	0.7912	0.7263	0.7681
2024-04-21 18:05:01.719: epoch293 Q1:	0.8018	0.7909	0.7257	0.7681
2024-04-21 18:05:02.031: epoch294 Q1:	0.8019	0.7908	0.726	0.7679
2024-04-21 18:05:02.346: epoch295 Q1:	0.8016	0.7908	0.7257	0.768
2024-04-21 18:05:02.662: epoch296 Q1:	0.802	0.7915	0.7264	0.7682
2024-04-21 18:05:03.039: epoch297 Q1:	0.8023	0.7915	0.7263	0.7683
2024-04-21 18:05:03.416: epoch298 Q1:	0.8023	0.7919	0.7268	0.7687
2024-04-21 18:05:03.791: epoch299 Q1:	0.8023	0.7919	0.727	0.7685
2024-04-21 18:05:04.169: epoch300 Q1:	0.8024	0.7915	0.7265	0.7684
2024-04-21 18:05:04.544: epoch301 Q1:	0.8025	0.7921	0.7271	0.7687
2024-04-21 18:05:04.923: epoch302 Q1:	0.8026	0.7918	0.7268	0.7686
2024-04-21 18:05:05.300: epoch303 Q1:	0.8026	0.7918	0.7269	0.7686
2024-04-21 18:05:05.677: epoch304 Q1:	0.8031	0.792	0.7273	0.769
2024-04-21 18:05:06.050: epoch305 Q1:	0.8024	0.7918	0.7268	0.7688
2024-04-21 18:05:06.364: epoch306 Q1:	0.8035	0.7919	0.7276	0.769
2024-04-21 18:05:06.742: epoch307 Q1:	0.803	0.7926	0.7276	0.7692
2024-04-21 18:05:07.056: epoch308 Q1:	0.804	0.7928	0.7286	0.7698
2024-04-21 18:05:07.433: epoch309 Q1:	0.8035	0.7928	0.7279	0.7696
2024-04-21 18:05:07.746: epoch310 Q1:	0.8045	0.7938	0.7295	0.7703
2024-04-21 18:05:08.123: epoch311 Q1:	0.8038	0.7932	0.7284	0.7698
2024-04-21 18:05:08.440: epoch312 Q1:	0.8032	0.793	0.728	0.7696
2024-04-21 18:05:08.754: epoch313 Q1:	0.8039	0.7927	0.7283	0.7698
2024-04-21 18:05:09.066: epoch314 Q1:	0.8038	0.7935	0.7287	0.7701
2024-04-21 18:05:09.380: epoch315 Q1:	0.8039	0.7931	0.7284	0.7699
2024-04-21 18:05:09.696: epoch316 Q1:	0.8039	0.7934	0.729	0.77
2024-04-21 18:05:10.008: epoch317 Q1:	0.8038	0.7927	0.728	0.7698
2024-04-21 18:05:10.321: epoch318 Q1:	0.8046	0.7935	0.7295	0.7704
2024-04-21 18:05:10.699: epoch319 Q1:	0.804	0.7939	0.7289	0.7703
2024-04-21 18:05:11.012: epoch320 Q1:	0.8049	0.7935	0.7296	0.7705
2024-04-21 18:05:11.388: epoch321 Q1:	0.8032	0.7928	0.7274	0.7696
2024-04-21 18:05:11.701: epoch322 Q1:	0.8051	0.7936	0.7299	0.7707
2024-04-21 18:05:12.085: epoch323 Q1:	0.8038	0.7937	0.7283	0.7705
2024-04-21 18:05:12.401: epoch324 Q1:	0.8055	0.7945	0.7309	0.771
2024-04-21 18:05:12.777: epoch325 Q1:	0.804	0.7943	0.7288	0.7707
2024-04-21 18:05:13.090: epoch326 Q1:	0.8053	0.7943	0.7304	0.7709
2024-04-21 18:05:13.405: epoch327 Q1:	0.8048	0.7939	0.7295	0.7708
2024-04-21 18:05:13.719: epoch328 Q1:	0.805	0.7945	0.7298	0.7709
2024-04-21 18:05:14.034: epoch329 Q1:	0.8053	0.7945	0.7306	0.7712
2024-04-21 18:05:14.347: epoch330 Q1:	0.8057	0.7961	0.7308	0.7717
2024-04-21 18:05:14.724: epoch331 Q1:	0.8053	0.7951	0.7309	0.7714
2024-04-21 18:05:15.038: epoch332 Q1:	0.805	0.794	0.7296	0.7709
2024-04-21 18:05:15.353: epoch333 Q1:	0.8038	0.7938	0.7284	0.7707
2024-04-21 18:05:15.667: epoch334 Q1:	0.8057	0.7945	0.7309	0.7713
2024-04-21 18:05:16.044: epoch335 Q1:	0.8048	0.7947	0.7297	0.7712
2024-04-21 18:05:16.357: epoch336 Q1:	0.8044	0.7941	0.7291	0.7709
2024-04-21 18:05:16.674: epoch337 Q1:	0.806	0.7947	0.7313	0.7715
2024-04-21 18:05:17.051: epoch338 Q1:	0.8054	0.7955	0.7306	0.7718
2024-04-21 18:05:17.365: epoch339 Q1:	0.8052	0.7949	0.7302	0.7714
2024-04-21 18:05:17.681: epoch340 Q1:	0.8058	0.795	0.7312	0.7719
2024-04-21 18:05:17.994: epoch341 Q1:	0.8058	0.7956	0.7309	0.7718
2024-04-21 18:05:18.307: epoch342 Q1:	0.8059	0.7951	0.7311	0.7719
2024-04-21 18:05:18.622: epoch343 Q1:	0.8055	0.7949	0.7308	0.7719
2024-04-21 18:05:18.936: epoch344 Q1:	0.8062	0.7959	0.7313	0.772
2024-04-21 18:05:19.313: epoch345 Q1:	0.8057	0.7949	0.7307	0.7719
2024-04-21 18:05:19.625: epoch346 Q1:	0.8061	0.7958	0.7314	0.7722
2024-04-21 18:05:19.941: epoch347 Q1:	0.8062	0.795	0.7311	0.7721
2024-04-21 18:05:20.319: epoch348 Q1:	0.8066	0.7965	0.7324	0.7726
2024-04-21 18:05:20.697: epoch349 Q1:	0.8057	0.795	0.7305	0.772
2024-04-21 18:05:21.012: epoch350 Q1:	0.8067	0.7965	0.7323	0.7727
2024-04-21 18:05:21.387: epoch351 Q1:	0.8061	0.7957	0.7315	0.7724
2024-04-21 18:05:21.701: epoch352 Q1:	0.8063	0.7965	0.7318	0.7725
2024-04-21 18:05:22.017: epoch353 Q1:	0.8072	0.7972	0.7331	0.7733
2024-04-21 18:05:22.396: epoch354 Q1:	0.8059	0.7964	0.7316	0.7726
2024-04-21 18:05:22.712: epoch355 Q1:	0.8068	0.7965	0.7324	0.7727
2024-04-21 18:05:23.024: epoch356 Q1:	0.8055	0.7964	0.7314	0.7724
2024-04-21 18:05:23.339: epoch357 Q1:	0.8065	0.7962	0.7319	0.7727
2024-04-21 18:05:23.653: epoch358 Q1:	0.8059	0.7967	0.7321	0.7725
2024-04-21 18:05:23.965: epoch359 Q1:	0.8055	0.7965	0.7309	0.7723
2024-04-21 18:05:24.280: epoch360 Q1:	0.8062	0.7966	0.7322	0.7727
2024-04-21 18:05:24.595: epoch361 Q1:	0.8061	0.7967	0.732	0.7728
2024-04-21 18:05:24.911: epoch362 Q1:	0.806	0.7967	0.7315	0.7727
2024-04-21 18:05:25.224: epoch363 Q1:	0.806	0.7961	0.7317	0.7724
2024-04-21 18:05:25.538: epoch364 Q1:	0.8061	0.7965	0.7315	0.7725
2024-04-21 18:05:25.853: epoch365 Q1:	0.806	0.7964	0.7317	0.7728
2024-04-21 18:05:26.167: epoch366 Q1:	0.8063	0.7967	0.732	0.7729
2024-04-21 18:05:26.480: epoch367 Q1:	0.8057	0.7969	0.7315	0.7727
2024-04-21 18:05:26.797: epoch368 Q1:	0.8058	0.7967	0.7316	0.7728
2024-04-21 18:05:27.112: epoch369 Q1:	0.8058	0.797	0.7316	0.7729
2024-04-21 18:05:27.427: epoch370 Q1:	0.8062	0.7974	0.7323	0.7733
2024-04-21 18:05:27.741: epoch371 Q1:	0.8057	0.7968	0.7315	0.7726
2024-04-21 18:05:28.056: epoch372 Q1:	0.8059	0.7971	0.7319	0.773
2024-04-21 18:05:28.372: epoch373 Q1:	0.8057	0.7971	0.7318	0.7727
2024-04-21 18:05:28.686: epoch374 Q1:	0.806	0.7977	0.7321	0.7733
2024-04-21 18:05:29.001: epoch375 Q1:	0.8054	0.7978	0.7317	0.7728
2024-04-21 18:05:29.317: epoch376 Q1:	0.806	0.7979	0.7323	0.7732
2024-04-21 18:05:29.632: epoch377 Q1:	0.8052	0.7978	0.7315	0.7727
2024-04-21 18:05:29.946: epoch378 Q1:	0.8059	0.7973	0.7318	0.773
2024-04-21 18:05:30.260: epoch379 Q1:	0.8055	0.7982	0.7319	0.7731
2024-04-21 18:05:30.575: epoch380 Q1:	0.8051	0.7971	0.731	0.7727
2024-04-21 18:05:30.890: epoch381 Q1:	0.8055	0.7984	0.7322	0.7732
2024-04-21 18:05:31.204: epoch382 Q1:	0.8054	0.7981	0.7318	0.773
2024-04-21 18:05:31.519: epoch383 Q1:	0.8053	0.7988	0.732	0.7734
2024-04-21 18:05:31.835: epoch384 Q1:	0.8055	0.7979	0.7319	0.773
2024-04-21 18:05:32.151: epoch385 Q1:	0.805	0.7983	0.7317	0.7733
2024-04-21 18:05:32.464: epoch386 Q1:	0.8053	0.7979	0.7317	0.7728
2024-04-21 18:05:32.779: epoch387 Q1:	0.8052	0.7983	0.7319	0.7731
2024-04-21 18:05:33.093: epoch388 Q1:	0.805	0.7985	0.7316	0.7734
2024-04-21 18:05:33.410: epoch389 Q1:	0.805	0.7986	0.7319	0.7731
2024-04-21 18:05:33.724: epoch390 Q1:	0.8059	0.8001	0.7331	0.7741
2024-04-21 18:05:34.038: epoch391 Q1:	0.8047	0.7985	0.7314	0.7731
2024-04-21 18:05:34.353: epoch392 Q1:	0.805	0.7985	0.7321	0.7731
2024-04-21 18:05:34.670: epoch393 Q1:	0.8052	0.7992	0.732	0.7735
2024-04-21 18:05:34.986: epoch394 Q1:	0.8052	0.7992	0.732	0.7735
2024-04-21 18:05:35.300: epoch395 Q1:	0.8049	0.7985	0.7319	0.7732
2024-04-21 18:05:35.616: epoch396 Q1:	0.805	0.7992	0.7317	0.7734
2024-04-21 18:05:35.932: epoch397 Q1:	0.8049	0.7991	0.7321	0.7734
2024-04-21 18:05:36.250: epoch398 Q1:	0.8052	0.7996	0.7323	0.7735
2024-04-21 18:05:36.565: epoch399 Q1:	0.8046	0.7989	0.7313	0.7732
2024-04-21 18:05:36.565: Best Acc is at epoch353:	0.8072	0.7972	0.7331	0.7733
